
 --- Table  1: Summary of nuclide data: 

 Data for 14 nuclides included in calculation:

 - 14 Transport nuclides
 - No dosimetry nuclides
 - No decay nuclides
 - 422 reaction channels
 - 141 special reactions
 - No transmutation reactions
 - 1 transmutation branch reactions
 - 9 decay reactions
 - No decay branch reactions
 - All reaction linked to target

 Columns:

  1. Index
  2. Level (first occurence in transmutation paths)
  3. Name (nuclide identifier data)
  4. Library ID
  5. Primary data type: TRA = transport
                        DOS = dosimetry
                        SAB = thermal scattering
                        DEC = only decay data
                        STR = only structural data (mass)
                        PHO = photon interaction data
  6. Z (atomic number)
  7. A (isotope number)
  8. I (isomeric state)
  9. Atomic weight
 10. Temperature (in Kelvin)
 11. Decay constant (1/s)
 12. Flags: I - nuclide is present in initial composition
            B - nuclide is involved in burnup calculation
            A - nuclide is produced as activation product
            D - nuclide is produced as decay product
            F - nuclide is produced as fission product
            B - nuclide is produced in decay or transmutation branching
            T - nuclide has neutron transport cross section data
            S - nuclide has S(a,b) data
            I - nuclide has isomeric branching reactions
            F - nuclide is fissile
            P - nuclide is a delayed neutron precursor
            D - nuclide has delayed neutron data
            U - nuclide has uses ures ptable data
            T - nuclide cross sections are adjusted by TMS
            D - nuclide has dosimetry cross section data
            R - nuclide has radioactive decay data
            N - nuclide has neutron-induced fission yield data
            S - nuclide has spontaneous fission yield data
            P - nuclide has photon transport cross section data
            T - nuclide has supplementary transmutation cross section data
            D - nuclide is used to provide 0K data for DBRC

    1   0  1001.03c      03c  TRA    1   1 0    1.00782   350.0       stable  I-----T--------R-----  hydrogen (H-1)
    2   0  1001.03s      03s  TRA    1   1 0    1.00782   350.0       stable  I-----TS-------R-----  hydrogen (H-1)
    3   0  6012.03c      03c  TRA    6  12 0   11.99999   350.0       stable  I-----T--------R-----  carbon 12 (C-12)
    4   0  8016.03c      03c  TRA    8  16 0   15.99492   350.0       stable  I-----T--------R-----  oxygen 16 (O-16)
    5   0  26000.03c     03c  TRA   26   0 0   55.84675   350.0          N/A  I-----T--------------  natural iron (Fe-nat)
    6   0  40090.03c     03c  TRA   40  90 0   89.90473   350.0       stable  I-----T--------R-----  zirconium 90 (Zr-90)
    7   0  40091.03c     03c  TRA   40  91 0   90.90563   350.0       stable  I-----T--------R-----  zirconium 91 (Zr-91)
    8   0  40092.03c     03c  TRA   40  92 0   91.90501   350.0       stable  I-----T--------R-----  zirconium 92 (Zr-92)
    9   0  40094.03c     03c  TRA   40  94 0   93.90631   350.0       stable  I-----T--------R-----  zirconium 94 (Zr-94)
   10   0  40096.03c     03c  TRA   40  96 0   95.90830   350.0       stable  I-----T--------R-----  zirconium 96 (Zr-96)
   11   0  92234.03c     03c  TRA   92 234 0  234.04093   350.0  8.94685E-14  I-----T-IF-D---RN----  uranium 234 (U-234)
   12   0  92235.03c     03c  TRA   92 235 0  235.04395   350.0  3.11997E-17  I-----T--F-D---RN----  uranium 235 (U-235)
   13   0  92236.03c     03c  TRA   92 236 0  236.04556   350.0  9.37854E-16  I-----T--F-D---RN----  uranium 236 (U-236)
   14   0  92238.03c     03c  TRA   92 238 0  238.05078   350.0  4.91597E-18  I-----T--F-D---RN----  uranium 238 (U-238)

 --- Table  2: Reaction and decay data: 

 Nuclide    1 / 14 : 1001.03c -- hydrogen (H-1)

 Pointers                     : 143663 7279473
 Primary type                 : Transport
 Nuclide ZAI                  : 10010
 Library ID                   : 03c
 Cross section data file      : /cm/shared/apps/ncsu/SERPENT/xsdata/endfb7/acedata/1001ENDF7.ace
 Atomic weight (AW)           : 1.00782
 Atomic weight ratio (AWR)    : 0.99917
 Temperature                  : 350.0 Kelvin
 XS temperature               : 350.0 Kelvin
 Minimum and maximum energy   : 1.00000E-11 2.00000E+01
 Half-life                    : stable
 Specific ingestion toxicity  : N/A
 Specific inhalation toxicity : N/A

 - Nuclide is not involved in burnup calculation
 - Nuclide has neutron transport data
 - Nuclide has no photon transport data
 - Nuclide has no S(a,b) data
 - Nuclide has no isomeric branching data
 - Nuclide is not fissile
 - Nuclide is not a delayed neutron precursor
 - Nuclide has no delayed neutron data
 - Nuclide has no ures ptable data
 - Nuclide temperature is not adjusted with TMS
 - Nuclide has no dosimetry data
 - Nuclide has decay data
 - Nuclide has no supplementary transmutation cross section data
 - Nuclide has no NFY data
 - Nuclide has no SFY data

 - 2 reaction channels
 - 1 special reactions
 - No transmutation reactions
 - No transmutation branch reactions
 - No decay reactions
 - No decay branch reactions
 - No transmutation paths

 2 reactions channel:

   1    MT =      2  Q =  0.00000E+00 MeV  Emin = 1.00000E-11 MeV  frac = 1.00000E+00  : elastic scattering
   2    MT =    102  Q =  2.22463E+00 MeV  Emin = 1.00000E-11 MeV  frac = 1.00000E+00  : (n,gamma)

 1 special reaction:

   1    MT =    204  Q =  0.00000E+00 MeV  Emin = 1.00000E-11 MeV  : total deuteron production

 Nuclide    2 / 14 : 1001.03s -- hydrogen (H-1)

 Pointers                     : 147227 7279473
 Primary type                 : Transport
 Nuclide ZAI                  : 10010
 Library ID                   : 03s
 Cross section data file      : /cm/shared/apps/ncsu/SERPENT/xsdata/endfb7/acedata/1001ENDF7.ace
 Atomic weight (AW)           : 1.00782
 Atomic weight ratio (AWR)    : 0.99917
 Temperature                  : 350.0 Kelvin
 XS temperature               : 350.0 Kelvin
 Minimum and maximum energy   : 1.00000E-11 2.00000E+01
 Half-life                    : stable
 Specific ingestion toxicity  : N/A
 Specific inhalation toxicity : N/A

 - Nuclide is not involved in burnup calculation
 - Nuclide has neutron transport data
 - Nuclide has no photon transport data
 - Nuclide has inelastic S(a,b) channel between 1.00E-11 and 3.75E-06 MeV
 - Nuclide has no isomeric branching data
 - Nuclide is not fissile
 - Nuclide is not a delayed neutron precursor
 - Nuclide has no delayed neutron data
 - Nuclide has no ures ptable data
 - Nuclide temperature is not adjusted with TMS
 - Nuclide has no dosimetry data
 - Nuclide has decay data
 - Nuclide has no supplementary transmutation cross section data
 - Nuclide has no NFY data
 - Nuclide has no SFY data

 - 3 reaction channels
 - 1 special reactions
 - No transmutation reactions
 - No transmutation branch reactions
 - No decay reactions
 - No decay branch reactions
 - No transmutation paths

 3 reactions channel:

   1    MT =      2  Q =  0.00000E+00 MeV  Emin = 1.00000E-11 MeV  frac = 1.00000E+00  : elastic scattering
   2    MT =    102  Q =  2.22463E+00 MeV  Emin = 1.00000E-11 MeV  frac = 1.00000E+00  : (n,gamma)
   3    MT =   1004  Q =  0.00000E+00 MeV  Emin = 1.00000E-11 MeV  frac = 1.00000E+00  : S(a,b) inelastic scattering

 1 special reaction:

   1    MT =    204  Q =  0.00000E+00 MeV  Emin = 1.00000E-11 MeV  : total deuteron production

 Nuclide    3 / 14 : 6012.03c -- carbon 12 (C-12)

 Pointers                     : 144043 7284117
 Primary type                 : Transport
 Nuclide ZAI                  : 60120
 Library ID                   : 03c
 Cross section data file      : /cm/shared/apps/ncsu/SERPENT/xsdata/endfb7/acedata/6012JNDL32.ace
 Atomic weight (AW)           : 11.99999
 Atomic weight ratio (AWR)    : 11.89690
 Temperature                  : 350.0 Kelvin
 XS temperature               : 350.0 Kelvin
 Minimum and maximum energy   : 1.00000E-11 2.00000E+01
 Half-life                    : stable
 Specific ingestion toxicity  : N/A
 Specific inhalation toxicity : N/A

 - Nuclide is not involved in burnup calculation
 - Nuclide has neutron transport data
 - Nuclide has no photon transport data
 - Nuclide has no S(a,b) data
 - Nuclide has no isomeric branching data
 - Nuclide is not fissile
 - Nuclide is not a delayed neutron precursor
 - Nuclide has no delayed neutron data
 - Nuclide has no ures ptable data
 - Nuclide temperature is not adjusted with TMS
 - Nuclide has no dosimetry data
 - Nuclide has decay data
 - Nuclide has no supplementary transmutation cross section data
 - Nuclide has no NFY data
 - Nuclide has no SFY data

 - 31 reaction channels
 - 4 special reactions
 - No transmutation reactions
 - No transmutation branch reactions
 - No decay reactions
 - No decay branch reactions
 - No transmutation paths

 31 reactions channel:

   1    MT =      2  Q =  0.00000E+00 MeV  Emin = 1.00000E-11 MeV  frac = 1.00000E+00  : elastic scattering
   2    MT =     51  Q = -4.43909E+00 MeV  Emin = 4.81222E+00 MeV  frac = 1.00000E+00  : inelastic scatt. to 1. excited state
   3    MT =     52  Q = -7.49999E+00 MeV  Emin = 8.13041E+00 MeV  frac = 1.00000E+00  : inelastic scatt. to 2. excited state
   4    MT =     53  Q = -7.64999E+00 MeV  Emin = 8.29302E+00 MeV  frac = 1.00000E+00  : inelastic scatt. to 3. excited state
   5    MT =     54  Q = -7.99999E+00 MeV  Emin = 8.67244E+00 MeV  frac = 1.00000E+00  : inelastic scatt. to 4. excited state
   6    MT =     55  Q = -8.49999E+00 MeV  Emin = 9.21447E+00 MeV  frac = 1.00000E+00  : inelastic scatt. to 5. excited state
   7    MT =     56  Q = -8.99999E+00 MeV  Emin = 9.75650E+00 MeV  frac = 1.00000E+00  : inelastic scatt. to 6. excited state
   8    MT =     57  Q = -9.49999E+00 MeV  Emin = 1.02985E+01 MeV  frac = 1.00000E+00  : inelastic scatt. to 7. excited state
   9    MT =     58  Q = -9.63999E+00 MeV  Emin = 1.04503E+01 MeV  frac = 1.00000E+00  : inelastic scatt. to 8. excited state
  10    MT =     59  Q = -1.00000E+01 MeV  Emin = 1.08406E+01 MeV  frac = 1.00000E+00  : inelastic scatt. to 9. excited state
  11    MT =     60  Q = -1.05000E+01 MeV  Emin = 1.13826E+01 MeV  frac = 1.00000E+00  : inelastic scatt. to 10. excited state
  12    MT =     61  Q = -1.10000E+01 MeV  Emin = 1.19246E+01 MeV  frac = 1.00000E+00  : inelastic scatt. to 11. excited state
  13    MT =     62  Q = -1.15000E+01 MeV  Emin = 1.24666E+01 MeV  frac = 1.00000E+00  : inelastic scatt. to 12. excited state
  14    MT =     63  Q = -1.20000E+01 MeV  Emin = 1.30087E+01 MeV  frac = 1.00000E+00  : inelastic scatt. to 13. excited state
  15    MT =     64  Q = -1.25000E+01 MeV  Emin = 1.35507E+01 MeV  frac = 1.00000E+00  : inelastic scatt. to 14. excited state
  16    MT =     65  Q = -1.30000E+01 MeV  Emin = 1.40927E+01 MeV  frac = 1.00000E+00  : inelastic scatt. to 15. excited state
  17    MT =     66  Q = -1.35000E+01 MeV  Emin = 1.46348E+01 MeV  frac = 1.00000E+00  : inelastic scatt. to 16. excited state
  18    MT =     67  Q = -1.40000E+01 MeV  Emin = 1.51768E+01 MeV  frac = 1.00000E+00  : inelastic scatt. to 17. excited state
  19    MT =     68  Q = -1.45000E+01 MeV  Emin = 1.57188E+01 MeV  frac = 1.00000E+00  : inelastic scatt. to 18. excited state
  20    MT =     69  Q = -1.50000E+01 MeV  Emin = 1.62608E+01 MeV  frac = 1.00000E+00  : inelastic scatt. to 19. excited state
  21    MT =     70  Q = -1.55000E+01 MeV  Emin = 1.68029E+01 MeV  frac = 1.00000E+00  : inelastic scatt. to 20. excited state
  22    MT =     71  Q = -1.60000E+01 MeV  Emin = 1.73449E+01 MeV  frac = 1.00000E+00  : inelastic scatt. to 21. excited state
  23    MT =     72  Q = -1.65000E+01 MeV  Emin = 1.78869E+01 MeV  frac = 1.00000E+00  : inelastic scatt. to 22. excited state
  24    MT =     73  Q = -1.70000E+01 MeV  Emin = 1.84290E+01 MeV  frac = 1.00000E+00  : inelastic scatt. to 23. excited state
  25    MT =     74  Q = -1.75000E+01 MeV  Emin = 1.89710E+01 MeV  frac = 1.00000E+00  : inelastic scatt. to 24. excited state
  26    MT =     75  Q = -1.80000E+01 MeV  Emin = 1.95130E+01 MeV  frac = 1.00000E+00  : inelastic scatt. to 25. excited state
  27    MT =     91  Q = -7.27481E+00 MeV  Emin = 7.88700E+00 MeV  frac = 1.00000E+00  : inelastic scattering to continuum
  28    MT =    102  Q =  4.94638E+00 MeV  Emin = 1.00000E-11 MeV  frac = 1.00000E+00  : (n,gamma)
  29    MT =    103  Q = -1.25871E+01 MeV  Emin = 1.36451E+01 MeV  frac = 1.00000E+00  : (n,p)
  30    MT =    104  Q = -1.37323E+01 MeV  Emin = 1.48866E+01 MeV  frac = 1.00000E+00  : (n,d)
  31    MT =    107  Q = -5.70150E+00 MeV  Emin = 6.18075E+00 MeV  frac = 1.00000E+00  : (n,alpha)

 4 special reactions:

   1    MT =    203  Q =  0.00000E+00 MeV  Emin = 1.36451E+01 MeV  : total proton production
   2    MT =    204  Q =  0.00000E+00 MeV  Emin = 1.48866E+01 MeV  : total deuteron production
   3    MT =    207  Q =  0.00000E+00 MeV  Emin = 6.18075E+00 MeV  : total alpha production
   4    MT =      4  Q =  0.00000E+00 MeV  Emin = 4.81222E+00 MeV  : total inelastic scattering

 Nuclide    4 / 14 : 8016.03c -- oxygen 16 (O-16)

 Pointers                     : 118884 5875934
 Primary type                 : Transport
 Nuclide ZAI                  : 80160
 Library ID                   : 03c
 Cross section data file      : /cm/shared/apps/ncsu/SERPENT/xsdata/endfb7/acedata/8016ENDF7.ace
 Atomic weight (AW)           : 15.99492
 Atomic weight ratio (AWR)    : 15.85751
 Temperature                  : 350.0 Kelvin
 XS temperature               : 350.0 Kelvin
 Minimum and maximum energy   : 1.00000E-11 1.50000E+02
 Half-life                    : stable
 Specific ingestion toxicity  : N/A
 Specific inhalation toxicity : N/A

 - Nuclide is not involved in burnup calculation
 - Nuclide has neutron transport data
 - Nuclide has no photon transport data
 - Nuclide has no S(a,b) data
 - Nuclide has no isomeric branching data
 - Nuclide is not fissile
 - Nuclide is not a delayed neutron precursor
 - Nuclide has no delayed neutron data
 - Nuclide has no ures ptable data
 - Nuclide temperature is not adjusted with TMS
 - Nuclide has no dosimetry data
 - Nuclide has decay data
 - Nuclide has no supplementary transmutation cross section data
 - Nuclide has no NFY data
 - Nuclide has no SFY data

 - 25 reaction channels
 - 44 special reactions
 - No transmutation reactions
 - No transmutation branch reactions
 - No decay reactions
 - No decay branch reactions
 - No transmutation paths

 25 reactions channel:

   1    MT =      2  Q =  0.00000E+00 MeV  Emin = 1.00000E-11 MeV  frac = 1.00000E+00  : elastic scattering
   2    MT =      5  Q =  0.00000E+00 MeV  Emin = 3.00000E+01 MeV  frac = 1.00000E+00  : anything
   3    MT =     16  Q = -1.56638E+01 MeV  Emin = 1.66516E+01 MeV  frac = 1.00000E+00  : (n,2n)
   4    MT =     22  Q = -7.16195E+00 MeV  Emin = 7.61360E+00 MeV  frac = 1.00000E+00  : (n,nalpha)
   5    MT =     23  Q = -1.44368E+01 MeV  Emin = 1.64100E+01 MeV  frac = 1.00000E+00  : (n,n3alpha)
   6    MT =     28  Q = -1.21276E+01 MeV  Emin = 1.28924E+01 MeV  frac = 1.00000E+00  : (n,np)
   7    MT =     32  Q = -2.07363E+01 MeV  Emin = 2.20440E+01 MeV  frac = 1.00000E+00  : (n,nd)
   8    MT =     41  Q = -2.29609E+01 MeV  Emin = 2.44089E+01 MeV  frac = 1.00000E+00  : (n,2np)
   9    MT =     44  Q = -2.23350E+01 MeV  Emin = 2.37435E+01 MeV  frac = 1.00000E+00  : (n,n2p)
  10    MT =     45  Q = -2.31192E+01 MeV  Emin = 2.45771E+01 MeV  frac = 1.00000E+00  : (n,npalpha)
  11    MT =     51  Q = -6.04940E+00 MeV  Emin = 6.43089E+00 MeV  frac = 1.00000E+00  : inelastic scatt. to 1. excited state
  12    MT =     52  Q = -6.12989E+00 MeV  Emin = 6.51646E+00 MeV  frac = 1.00000E+00  : inelastic scatt. to 2. excited state
  13    MT =     53  Q = -6.91710E+00 MeV  Emin = 7.35330E+00 MeV  frac = 1.00000E+00  : inelastic scatt. to 3. excited state
  14    MT =     54  Q = -7.11685E+00 MeV  Emin = 7.56565E+00 MeV  frac = 1.00000E+00  : inelastic scatt. to 4. excited state
  15    MT =     55  Q = -8.87190E+00 MeV  Emin = 9.43138E+00 MeV  frac = 1.00000E+00  : inelastic scatt. to 5. excited state
  16    MT =     56  Q = -1.09570E+01 MeV  Emin = 1.16480E+01 MeV  frac = 1.00000E+00  : inelastic scatt. to 6. excited state
  17    MT =     57  Q = -1.10800E+01 MeV  Emin = 1.17787E+01 MeV  frac = 1.00000E+00  : inelastic scatt. to 7. excited state
  18    MT =     91  Q = -9.58500E+00 MeV  Emin = 1.01895E+01 MeV  frac = 1.00000E+00  : inelastic scattering to continuum
  19    MT =    102  Q =  4.14342E+00 MeV  Emin = 1.00000E-11 MeV  frac = 1.00000E+00  : (n,gamma)
  20    MT =    103  Q = -9.63680E+00 MeV  Emin = 1.02445E+01 MeV  frac = 1.00000E+00  : (n,p)
  21    MT =    104  Q = -9.90300E+00 MeV  Emin = 1.05275E+01 MeV  frac = 1.00000E+00  : (n,d)
  22    MT =    105  Q = -1.44790E+01 MeV  Emin = 1.53921E+01 MeV  frac = 1.00000E+00  : (n,t)
  23    MT =    107  Q = -2.21430E+00 MeV  Emin = 2.35532E+00 MeV  frac = 1.00000E+00  : (n,alpha)
  24    MT =    108  Q = -1.28632E+01 MeV  Emin = 1.36744E+01 MeV  frac = 1.00000E+00  : (n,2alpha)
  25    MT =    112  Q = -1.97491E+01 MeV  Emin = 2.09945E+01 MeV  frac = 1.00000E+00  : (n,palpha)

 44 special reactions:

   1    MT =    203  Q =  0.00000E+00 MeV  Emin = 1.02445E+01 MeV  : total proton production
   2    MT =    204  Q =  0.00000E+00 MeV  Emin = 1.05275E+01 MeV  : total deuteron production
   3    MT =    205  Q =  0.00000E+00 MeV  Emin = 1.53921E+01 MeV  : total triton production
   4    MT =    207  Q =  0.00000E+00 MeV  Emin = 2.35532E+00 MeV  : total alpha production
   5    MT =    600  Q = -9.63680E+00 MeV  Emin = 1.02445E+01 MeV  : (n,p) to ground state
   6    MT =    601  Q = -9.75690E+00 MeV  Emin = 1.03722E+01 MeV  : (n,p1)
   7    MT =    602  Q = -9.93380E+00 MeV  Emin = 1.05602E+01 MeV  : (n,p2)
   8    MT =    603  Q = -1.00343E+01 MeV  Emin = 1.06671E+01 MeV  : (n,p3)
   9    MT =    650  Q = -9.90300E+00 MeV  Emin = 1.05275E+01 MeV  : (n,d) to ground state
  10    MT =    651  Q = -1.51731E+01 MeV  Emin = 1.61300E+01 MeV  : (n,d1)
  11    MT =    652  Q = -1.52018E+01 MeV  Emin = 1.61610E+01 MeV  : (n,d2)
  12    MT =    653  Q = -1.62269E+01 MeV  Emin = 1.72502E+01 MeV  : (n,d3)
  13    MT =    654  Q = -1.70581E+01 MeV  Emin = 1.81338E+01 MeV  : (n,d4)
  14    MT =    655  Q = -1.72041E+01 MeV  Emin = 1.82890E+01 MeV  : (n,d5)
  15    MT =    656  Q = -1.74701E+01 MeV  Emin = 1.85718E+01 MeV  : (n,d6)
  16    MT =    657  Q = -1.82158E+01 MeV  Emin = 1.93645E+01 MeV  : (n,d7)
  17    MT =    658  Q = -1.84744E+01 MeV  Emin = 1.96394E+01 MeV  : (n,d8)
  18    MT =    659  Q = -1.89530E+01 MeV  Emin = 2.01482E+01 MeV  : (n,d9)
  19    MT =    660  Q = -1.90546E+01 MeV  Emin = 2.02562E+01 MeV  : (n,d10)
  20    MT =    661  Q = -1.90579E+01 MeV  Emin = 2.02597E+01 MeV  : (n,d11)
  21    MT =    662  Q = -1.91280E+01 MeV  Emin = 2.03343E+01 MeV  : (n,d12)
  22    MT =    663  Q = -1.96630E+01 MeV  Emin = 2.09030E+01 MeV  : (n,d13)
  23    MT =    664  Q = -1.97320E+01 MeV  Emin = 2.09763E+01 MeV  : (n,d14)
  24    MT =    665  Q = -1.98310E+01 MeV  Emin = 2.10816E+01 MeV  : (n,d15)
  25    MT =    666  Q = -1.99730E+01 MeV  Emin = 2.12325E+01 MeV  : (n,d16)
  26    MT =    667  Q = -2.03527E+01 MeV  Emin = 2.16362E+01 MeV  : (n,d17)
  27    MT =    668  Q = -2.04363E+01 MeV  Emin = 2.17251E+01 MeV  : (n,d18)
  28    MT =    669  Q = -2.05962E+01 MeV  Emin = 2.18950E+01 MeV  : (n,d19)
  29    MT =    700  Q = -1.44790E+01 MeV  Emin = 1.53921E+01 MeV  : (n,t) to ground state
  30    MT =    701  Q = -1.67918E+01 MeV  Emin = 1.78507E+01 MeV  : (n,t1)
  31    MT =    702  Q = -1.84271E+01 MeV  Emin = 1.95892E+01 MeV  : (n,t2)
  32    MT =    703  Q = -1.93941E+01 MeV  Emin = 2.06171E+01 MeV  : (n,t3)
  33    MT =    704  Q = -1.95849E+01 MeV  Emin = 2.08200E+01 MeV  : (n,t4)
  34    MT =    705  Q = -2.01704E+01 MeV  Emin = 2.14424E+01 MeV  : (n,t5)
  35    MT =    706  Q = -2.03132E+01 MeV  Emin = 2.15942E+01 MeV  : (n,t6)
  36    MT =    707  Q = -2.06825E+01 MeV  Emin = 2.19868E+01 MeV  : (n,t7)
  37    MT =    708  Q = -2.09252E+01 MeV  Emin = 2.22448E+01 MeV  : (n,t8)
  38    MT =    709  Q = -2.15081E+01 MeV  Emin = 2.28645E+01 MeV  : (n,t9)
  39    MT =    749  Q = -2.15081E+01 MeV  Emin = 2.28645E+01 MeV  : (n,t) to continuum
  40    MT =    800  Q = -2.21430E+00 MeV  Emin = 2.35532E+00 MeV  : (n,alpha) to ground state
  41    MT =    801  Q = -5.30500E+00 MeV  Emin = 5.63954E+00 MeV  : (n,a1)
  42    MT =    802  Q = -5.90010E+00 MeV  Emin = 6.27217E+00 MeV  : (n,a2)
  43    MT =    803  Q = -6.06940E+00 MeV  Emin = 6.45215E+00 MeV  : (n,a3)
  44    MT =      4  Q =  0.00000E+00 MeV  Emin = 6.43089E+00 MeV  : total inelastic scattering

 Nuclide    5 / 14 : 26000.03c -- natural iron (Fe-nat)

 Pointers                     : 139706 7004659
 Primary type                 : Transport
 Nuclide ZAI                  : 260000
 Library ID                   : 03c
 Cross section data file      : /cm/shared/apps/ncsu/SERPENT/xsdata/endfb7/acedata/26000JNDL32.ace
 Atomic weight (AW)           : 55.84675
 Atomic weight ratio (AWR)    : 55.36700
 Temperature                  : 350.0 Kelvin
 XS temperature               : 350.0 Kelvin
 Minimum and maximum energy   : 1.00000E-11 2.00000E+01
 Half-life                    : N/A
 Specific ingestion toxicity  : N/A
 Specific inhalation toxicity : N/A

 - Nuclide is not involved in burnup calculation
 - Nuclide has neutron transport data
 - Nuclide has no photon transport data
 - Nuclide has no S(a,b) data
 - Nuclide has no isomeric branching data
 - Nuclide is not fissile
 - Nuclide is not a delayed neutron precursor
 - Nuclide has no delayed neutron data
 - Nuclide has no ures ptable data
 - Nuclide temperature is not adjusted with TMS
 - Nuclide has no dosimetry data
 - Nuclide has no decay data
 - Nuclide has no supplementary transmutation cross section data
 - Nuclide has no NFY data
 - Nuclide has no SFY data

 - 48 reaction channels
 - 4 special reactions
 - No transmutation reactions
 - No transmutation branch reactions
 - No decay reactions
 - No decay branch reactions
 - No transmutation paths

 48 reactions channel:

   1    MT =      2  Q =  0.00000E+00 MeV  Emin = 1.00000E-11 MeV  frac = 1.00000E+00  : elastic scattering
   2    MT =     16  Q = -7.64349E+00 MeV  Emin = 7.78155E+00 MeV  frac = 1.00000E+00  : (n,2n)
   3    MT =     22  Q = -7.32245E+00 MeV  Emin = 7.45471E+00 MeV  frac = 1.00000E+00  : (n,nalpha)
   4    MT =     28  Q = -8.85997E+00 MeV  Emin = 9.02000E+00 MeV  frac = 1.00000E+00  : (n,np)
   5    MT =     51  Q = -1.43951E-02 MeV  Emin = 1.46551E-02 MeV  frac = 1.00000E+00  : inelastic scatt. to 1. excited state
   6    MT =     52  Q = -1.36453E-01 MeV  Emin = 1.38918E-01 MeV  frac = 1.00000E+00  : inelastic scatt. to 2. excited state
   7    MT =     53  Q = -3.66674E-01 MeV  Emin = 3.73298E-01 MeV  frac = 1.00000E+00  : inelastic scatt. to 3. excited state
   8    MT =     54  Q = -7.06160E-01 MeV  Emin = 7.18915E-01 MeV  frac = 1.00000E+00  : inelastic scatt. to 4. excited state
   9    MT =     55  Q = -8.46775E-01 MeV  Emin = 8.62070E-01 MeV  frac = 1.00000E+00  : inelastic scatt. to 5. excited state
  10    MT =     56  Q = -1.00685E+00 MeV  Emin = 1.02504E+00 MeV  frac = 1.00000E+00  : inelastic scatt. to 6. excited state
  11    MT =     57  Q = -1.26497E+00 MeV  Emin = 1.28782E+00 MeV  frac = 1.00000E+00  : inelastic scatt. to 7. excited state
  12    MT =     58  Q = -1.40908E+00 MeV  Emin = 1.43453E+00 MeV  frac = 1.00000E+00  : inelastic scatt. to 8. excited state
  13    MT =     59  Q = -1.62675E+00 MeV  Emin = 1.65613E+00 MeV  frac = 1.00000E+00  : inelastic scatt. to 9. excited state
  14    MT =     60  Q = -1.98862E+00 MeV  Emin = 2.02454E+00 MeV  frac = 1.00000E+00  : inelastic scatt. to 10. excited state
  15    MT =     61  Q = -2.08504E+00 MeV  Emin = 2.12270E+00 MeV  frac = 1.00000E+00  : inelastic scatt. to 11. excited state
  16    MT =     62  Q = -2.11728E+00 MeV  Emin = 2.15552E+00 MeV  frac = 1.00000E+00  : inelastic scatt. to 12. excited state
  17    MT =     63  Q = -2.21815E+00 MeV  Emin = 2.25821E+00 MeV  frac = 1.00000E+00  : inelastic scatt. to 13. excited state
  18    MT =     64  Q = -2.45517E+00 MeV  Emin = 2.49952E+00 MeV  frac = 1.00000E+00  : inelastic scatt. to 14. excited state
  19    MT =     65  Q = -2.59874E+00 MeV  Emin = 2.64568E+00 MeV  frac = 1.00000E+00  : inelastic scatt. to 15. excited state
  20    MT =     66  Q = -2.65752E+00 MeV  Emin = 2.70552E+00 MeV  frac = 1.00000E+00  : inelastic scatt. to 16. excited state
  21    MT =     67  Q = -2.69649E+00 MeV  Emin = 2.83034E+00 MeV  frac = 1.00000E+00  : inelastic scatt. to 17. excited state
  22    MT =     68  Q = -2.94162E+00 MeV  Emin = 2.99475E+00 MeV  frac = 1.00000E+00  : inelastic scatt. to 18. excited state
  23    MT =     69  Q = -2.95175E+00 MeV  Emin = 3.00506E+00 MeV  frac = 1.00000E+00  : inelastic scatt. to 19. excited state
  24    MT =     70  Q = -2.95992E+00 MeV  Emin = 3.01338E+00 MeV  frac = 1.00000E+00  : inelastic scatt. to 20. excited state
  25    MT =     71  Q = -3.11991E+00 MeV  Emin = 3.17626E+00 MeV  frac = 1.00000E+00  : inelastic scatt. to 21. excited state
  26    MT =     72  Q = -3.13100E+00 MeV  Emin = 3.18755E+00 MeV  frac = 1.00000E+00  : inelastic scatt. to 22. excited state
  27    MT =     73  Q = -3.23093E+00 MeV  Emin = 3.35682E+00 MeV  frac = 1.00000E+00  : inelastic scatt. to 23. excited state
  28    MT =     74  Q = -3.37010E+00 MeV  Emin = 3.43097E+00 MeV  frac = 1.00000E+00  : inelastic scatt. to 24. excited state
  29    MT =     75  Q = -3.44529E+00 MeV  Emin = 3.50753E+00 MeV  frac = 1.00000E+00  : inelastic scatt. to 25. excited state
  30    MT =     76  Q = -3.60078E+00 MeV  Emin = 3.66583E+00 MeV  frac = 1.00000E+00  : inelastic scatt. to 26. excited state
  31    MT =     77  Q = -3.74789E+00 MeV  Emin = 3.81559E+00 MeV  frac = 1.00000E+00  : inelastic scatt. to 27. excited state
  32    MT =     78  Q = -3.83188E+00 MeV  Emin = 3.90110E+00 MeV  frac = 1.00000E+00  : inelastic scatt. to 28. excited state
  33    MT =     79  Q = -3.85638E+00 MeV  Emin = 3.92604E+00 MeV  frac = 1.00000E+00  : inelastic scatt. to 29. excited state
  34    MT =     80  Q = -4.03552E+00 MeV  Emin = 4.10842E+00 MeV  frac = 1.00000E+00  : inelastic scatt. to 30. excited state
  35    MT =     81  Q = -4.09388E+00 MeV  Emin = 4.16783E+00 MeV  frac = 1.00000E+00  : inelastic scatt. to 31. excited state
  36    MT =     82  Q = -4.10017E+00 MeV  Emin = 4.17424E+00 MeV  frac = 1.00000E+00  : inelastic scatt. to 32. excited state
  37    MT =     83  Q = -4.11988E+00 MeV  Emin = 4.19430E+00 MeV  frac = 1.00000E+00  : inelastic scatt. to 33. excited state
  38    MT =     84  Q = -4.29807E+00 MeV  Emin = 4.37571E+00 MeV  frac = 1.00000E+00  : inelastic scatt. to 34. excited state
  39    MT =     85  Q = -4.39486E+00 MeV  Emin = 4.47425E+00 MeV  frac = 1.00000E+00  : inelastic scatt. to 35. excited state
  40    MT =     86  Q = -4.40086E+00 MeV  Emin = 4.48036E+00 MeV  frac = 1.00000E+00  : inelastic scatt. to 36. excited state
  41    MT =     87  Q = -4.45827E+00 MeV  Emin = 4.53880E+00 MeV  frac = 1.00000E+00  : inelastic scatt. to 37. excited state
  42    MT =     88  Q = -4.50986E+00 MeV  Emin = 4.59133E+00 MeV  frac = 1.00000E+00  : inelastic scatt. to 38. excited state
  43    MT =     89  Q = -4.60087E+00 MeV  Emin = 4.68398E+00 MeV  frac = 1.00000E+00  : inelastic scatt. to 39. excited state
  44    MT =     90  Q = -4.78299E+00 MeV  Emin = 4.86939E+00 MeV  frac = 1.00000E+00  : inelastic scatt. to 40. excited state
  45    MT =     91  Q = -2.76000E+00 MeV  Emin = 2.80985E+00 MeV  frac = 1.00000E+00  : inelastic scattering to continuum
  46    MT =    102  Q =  7.79395E+00 MeV  Emin = 1.00000E-11 MeV  frac = 1.00000E+00  : (n,gamma)
  47    MT =    103  Q =  8.77699E-02 MeV  Emin = 1.00000E+00 MeV  frac = 1.00000E+00  : (n,p)
  48    MT =    107  Q =  2.39525E+00 MeV  Emin = 5.00000E-01 MeV  frac = 1.00000E+00  : (n,alpha)

 4 special reactions:

   1    MT =    203  Q =  0.00000E+00 MeV  Emin = 1.00000E+00 MeV  : total proton production
   2    MT =    207  Q =  0.00000E+00 MeV  Emin = 5.00000E-01 MeV  : total alpha production
   3    MT =      3  Q =  0.00000E+00 MeV  Emin = 1.00000E-11 MeV  : nonelastic
   4    MT =      4  Q =  0.00000E+00 MeV  Emin = 1.46551E-02 MeV  : total inelastic scattering

 Nuclide    6 / 14 : 40090.03c -- zirconium 90 (Zr-90)

 Pointers                     : 124082 6278498
 Primary type                 : Transport
 Nuclide ZAI                  : 400900
 Library ID                   : 03c
 Cross section data file      : /cm/shared/apps/ncsu/SERPENT/xsdata/endfb7/acedata/40090ENDF7.ace
 Atomic weight (AW)           : 89.90473
 Atomic weight ratio (AWR)    : 89.13240
 Temperature                  : 350.0 Kelvin
 XS temperature               : 350.0 Kelvin
 Minimum and maximum energy   : 1.00000E-11 2.00000E+01
 Half-life                    : stable
 Specific ingestion toxicity  : N/A
 Specific inhalation toxicity : N/A

 - Nuclide is not involved in burnup calculation
 - Nuclide has neutron transport data
 - Nuclide has no photon transport data
 - Nuclide has no S(a,b) data
 - Nuclide has no isomeric branching data
 - Nuclide is not fissile
 - Nuclide is not a delayed neutron precursor
 - Nuclide has no delayed neutron data
 - Nuclide has ures ptable data but it is not used
 - Nuclide temperature is not adjusted with TMS
 - Nuclide has no dosimetry data
 - Nuclide has decay data
 - Nuclide has no supplementary transmutation cross section data
 - Nuclide has no NFY data
 - Nuclide has no SFY data

 - 18 reaction channels
 - 62 special reactions
 - No transmutation reactions
 - No transmutation branch reactions
 - No decay reactions
 - No decay branch reactions
 - No transmutation paths

 18 reactions channel:

   1    MT =      2  Q =  0.00000E+00 MeV  Emin = 1.00000E-11 MeV  frac = 1.00000E+00  : elastic scattering
   2    MT =     16  Q = -1.19700E+01 MeV  Emin = 1.21043E+01 MeV  frac = 1.00000E+00  : (n,2n)
   3    MT =     22  Q = -6.67100E+00 MeV  Emin = 1.00000E+01 MeV  frac = 1.00000E+00  : (n,nalpha)
   4    MT =     28  Q = -8.35500E+00 MeV  Emin = 8.44874E+00 MeV  frac = 1.00000E+00  : (n,np)
   5    MT =     51  Q = -1.76071E+00 MeV  Emin = 1.78046E+00 MeV  frac = 1.00000E+00  : inelastic scatt. to 1. excited state
   6    MT =     52  Q = -2.18627E+00 MeV  Emin = 2.21080E+00 MeV  frac = 1.00000E+00  : inelastic scatt. to 2. excited state
   7    MT =     53  Q = -2.31900E+00 MeV  Emin = 2.34502E+00 MeV  frac = 1.00000E+00  : inelastic scatt. to 3. excited state
   8    MT =     54  Q = -2.73930E+00 MeV  Emin = 2.77003E+00 MeV  frac = 1.00000E+00  : inelastic scatt. to 4. excited state
   9    MT =     55  Q = -2.74788E+00 MeV  Emin = 2.77871E+00 MeV  frac = 1.00000E+00  : inelastic scatt. to 5. excited state
  10    MT =     56  Q = -3.07693E+00 MeV  Emin = 3.11145E+00 MeV  frac = 1.00000E+00  : inelastic scatt. to 6. excited state
  11    MT =     57  Q = -3.30880E+00 MeV  Emin = 3.34592E+00 MeV  frac = 1.00000E+00  : inelastic scatt. to 7. excited state
  12    MT =     58  Q = -3.44823E+00 MeV  Emin = 3.48692E+00 MeV  frac = 1.00000E+00  : inelastic scatt. to 8. excited state
  13    MT =     59  Q = -3.55700E+00 MeV  Emin = 3.59691E+00 MeV  frac = 1.00000E+00  : inelastic scatt. to 9. excited state
  14    MT =     60  Q = -3.58942E+00 MeV  Emin = 3.62969E+00 MeV  frac = 1.00000E+00  : inelastic scatt. to 10. excited state
  15    MT =     91  Q = -1.27272E+00 MeV  Emin = 1.28700E+00 MeV  frac = 1.00000E+00  : inelastic scattering to continuum
  16    MT =    102  Q =  7.19400E+00 MeV  Emin = 1.00000E-11 MeV  frac = 1.00000E+00  : (n,gamma)
  17    MT =    103  Q =  0.00000E+00 MeV  Emin = 2.75000E+00 MeV  frac = 1.00000E+00  : (n,p)
  18    MT =    107  Q =  0.00000E+00 MeV  Emin = 2.00000E+00 MeV  frac = 1.00000E+00  : (n,alpha)

 62 special reactions:

   1    MT =    203  Q =  0.00000E+00 MeV  Emin = 2.75000E+00 MeV  : total proton production
   2    MT =    207  Q =  0.00000E+00 MeV  Emin = 2.00000E+00 MeV  : total alpha production
   3    MT =    600  Q = -1.49800E+00 MeV  Emin = 2.75000E+00 MeV  : (n,p) to ground state
   4    MT =    601  Q = -1.70050E+00 MeV  Emin = 3.00000E+00 MeV  : (n,p1)
   5    MT =    602  Q = -2.17967E+00 MeV  Emin = 3.60000E+00 MeV  : (n,p2)
   6    MT =    603  Q = -2.27460E+00 MeV  Emin = 3.60000E+00 MeV  : (n,p3)
   7    MT =    604  Q = -2.45152E+00 MeV  Emin = 3.80000E+00 MeV  : (n,p4)
   8    MT =    605  Q = -2.54487E+00 MeV  Emin = 4.00000E+00 MeV  : (n,p5)
   9    MT =    606  Q = -2.68769E+00 MeV  Emin = 4.00000E+00 MeV  : (n,p6)
  10    MT =    607  Q = -2.70959E+00 MeV  Emin = 4.00000E+00 MeV  : (n,p7)
  11    MT =    608  Q = -2.79620E+00 MeV  Emin = 4.20000E+00 MeV  : (n,p8)
  12    MT =    609  Q = -2.86914E+00 MeV  Emin = 4.20000E+00 MeV  : (n,p9)
  13    MT =    610  Q = -2.91459E+00 MeV  Emin = 4.40000E+00 MeV  : (n,p10)
  14    MT =    611  Q = -3.05990E+00 MeV  Emin = 4.40000E+00 MeV  : (n,p11)
  15    MT =    612  Q = -3.06967E+00 MeV  Emin = 4.40000E+00 MeV  : (n,p12)
  16    MT =    613  Q = -3.13892E+00 MeV  Emin = 4.40000E+00 MeV  : (n,p13)
  17    MT =    614  Q = -3.25899E+00 MeV  Emin = 4.60000E+00 MeV  : (n,p14)
  18    MT =    615  Q = -3.30902E+00 MeV  Emin = 4.60000E+00 MeV  : (n,p15)
  19    MT =    616  Q = -3.31315E+00 MeV  Emin = 4.60000E+00 MeV  : (n,p16)
  20    MT =    649  Q = -3.31315E+00 MeV  Emin = 4.80000E+00 MeV  : (n,p) to continuum
  21    MT =    800  Q =  1.75600E+00 MeV  Emin = 2.00000E+00 MeV  : (n,alpha) to ground state
  22    MT =    801  Q =  1.36747E+00 MeV  Emin = 2.50000E+00 MeV  : (n,a1)
  23    MT =    802  Q =  8.82660E-01 MeV  Emin = 3.00000E+00 MeV  : (n,a2)
  24    MT =    803  Q =  5.27580E-01 MeV  Emin = 3.20000E+00 MeV  : (n,a3)
  25    MT =    804  Q =  5.02060E-01 MeV  Emin = 3.20000E+00 MeV  : (n,a4)
  26    MT =    805  Q =  1.60000E-02 MeV  Emin = 3.80000E+00 MeV  : (n,a5)
  27    MT =    806  Q =  1.40000E-02 MeV  Emin = 3.80000E+00 MeV  : (n,a6)
  28    MT =    807  Q = -1.44600E-02 MeV  Emin = 3.80000E+00 MeV  : (n,a7)
  29    MT =    808  Q = -1.64480E-01 MeV  Emin = 4.00000E+00 MeV  : (n,a8)
  30    MT =    809  Q = -3.54050E-01 MeV  Emin = 4.20000E+00 MeV  : (n,a9)
  31    MT =    810  Q = -3.97500E-01 MeV  Emin = 4.20000E+00 MeV  : (n,a10)
  32    MT =    811  Q = -4.13420E-01 MeV  Emin = 4.20000E+00 MeV  : (n,a11)
  33    MT =    812  Q = -4.79700E-01 MeV  Emin = 4.40000E+00 MeV  : (n,a12)
  34    MT =    813  Q = -5.06000E-01 MeV  Emin = 4.40000E+00 MeV  : (n,a13)
  35    MT =    814  Q = -6.58500E-01 MeV  Emin = 4.40000E+00 MeV  : (n,a14)
  36    MT =    815  Q = -6.64400E-01 MeV  Emin = 4.40000E+00 MeV  : (n,a15)
  37    MT =    816  Q = -7.32000E-01 MeV  Emin = 4.60000E+00 MeV  : (n,a16)
  38    MT =    817  Q = -7.76800E-01 MeV  Emin = 4.60000E+00 MeV  : (n,a17)
  39    MT =    818  Q = -7.80300E-01 MeV  Emin = 4.60000E+00 MeV  : (n,a18)
  40    MT =    819  Q = -7.83000E-01 MeV  Emin = 4.60000E+00 MeV  : (n,a19)
  41    MT =    820  Q = -7.94000E-01 MeV  Emin = 4.60000E+00 MeV  : (n,a20)
  42    MT =    821  Q = -7.99000E-01 MeV  Emin = 4.60000E+00 MeV  : (n,a21)
  43    MT =    822  Q = -8.40000E-01 MeV  Emin = 4.60000E+00 MeV  : (n,a22)
  44    MT =    823  Q = -8.75000E-01 MeV  Emin = 4.80000E+00 MeV  : (n,a23)
  45    MT =    824  Q = -9.00000E-01 MeV  Emin = 4.80000E+00 MeV  : (n,a24)
  46    MT =    825  Q = -9.20840E-01 MeV  Emin = 4.80000E+00 MeV  : (n,a25)
  47    MT =    826  Q = -9.23000E-01 MeV  Emin = 4.80000E+00 MeV  : (n,a26)
  48    MT =    827  Q = -9.26000E-01 MeV  Emin = 4.80000E+00 MeV  : (n,a27)
  49    MT =    828  Q = -9.51500E-01 MeV  Emin = 4.80000E+00 MeV  : (n,a28)
  50    MT =    829  Q = -1.04715E+00 MeV  Emin = 4.80000E+00 MeV  : (n,a29)
  51    MT =    830  Q = -1.06289E+00 MeV  Emin = 4.80000E+00 MeV  : (n,a30)
  52    MT =    831  Q = -1.06500E+00 MeV  Emin = 4.80000E+00 MeV  : (n,a31)
  53    MT =    832  Q = -1.07520E+00 MeV  Emin = 4.80000E+00 MeV  : (n,a32)
  54    MT =    833  Q = -1.09452E+00 MeV  Emin = 4.80000E+00 MeV  : (n,a33)
  55    MT =    834  Q = -1.13700E+00 MeV  Emin = 5.00000E+00 MeV  : (n,a34)
  56    MT =    835  Q = -1.14810E+00 MeV  Emin = 5.00000E+00 MeV  : (n,a35)
  57    MT =    836  Q = -1.16480E+00 MeV  Emin = 5.00000E+00 MeV  : (n,a36)
  58    MT =    837  Q = -1.16509E+00 MeV  Emin = 5.00000E+00 MeV  : (n,a37)
  59    MT =    838  Q = -1.18469E+00 MeV  Emin = 5.00000E+00 MeV  : (n,a38)
  60    MT =    839  Q = -1.22400E+00 MeV  Emin = 5.00000E+00 MeV  : (n,a39)
  61    MT =    849  Q = -1.22400E+00 MeV  Emin = 5.50000E+00 MeV  : (n,alpha) to continuum
  62    MT =      4  Q =  0.00000E+00 MeV  Emin = 1.28700E+00 MeV  : total inelastic scattering

 Nuclide    7 / 14 : 40091.03c -- zirconium 91 (Zr-91)

 Pointers                     : 130083 6459685
 Primary type                 : Transport
 Nuclide ZAI                  : 400910
 Library ID                   : 03c
 Cross section data file      : /cm/shared/apps/ncsu/SERPENT/xsdata/endfb7/acedata/40091ENDF7.ace
 Atomic weight (AW)           : 90.90563
 Atomic weight ratio (AWR)    : 90.12470
 Temperature                  : 350.0 Kelvin
 XS temperature               : 350.0 Kelvin
 Minimum and maximum energy   : 1.00000E-11 2.00000E+01
 Half-life                    : stable
 Specific ingestion toxicity  : N/A
 Specific inhalation toxicity : N/A

 - Nuclide is not involved in burnup calculation
 - Nuclide has neutron transport data
 - Nuclide has no photon transport data
 - Nuclide has no S(a,b) data
 - Nuclide has no isomeric branching data
 - Nuclide is not fissile
 - Nuclide is not a delayed neutron precursor
 - Nuclide has no delayed neutron data
 - Nuclide has ures ptable data but it is not used
 - Nuclide temperature is not adjusted with TMS
 - Nuclide has no dosimetry data
 - Nuclide has decay data
 - Nuclide has no supplementary transmutation cross section data
 - Nuclide has no NFY data
 - Nuclide has no SFY data

 - 27 reaction channels
 - 6 special reactions
 - No transmutation reactions
 - No transmutation branch reactions
 - No decay reactions
 - No decay branch reactions
 - No transmutation paths

 27 reactions channel:

   1    MT =      2  Q =  0.00000E+00 MeV  Emin = 1.00000E-11 MeV  frac = 1.00000E+00  : elastic scattering
   2    MT =     16  Q = -7.20258E+00 MeV  Emin = 7.28251E+00 MeV  frac = 1.00000E+00  : (n,2n)
   3    MT =     17  Q = -1.91859E+01 MeV  Emin = 1.93988E+01 MeV  frac = 1.00000E+00  : (n,3n)
   4    MT =     22  Q = -5.45233E+00 MeV  Emin = 8.00000E+00 MeV  frac = 1.00000E+00  : (n,nalpha)
   5    MT =     28  Q = -8.70881E+00 MeV  Emin = 9.00000E+00 MeV  frac = 1.00000E+00  : (n,np)
   6    MT =     32  Q = -1.33442E+01 MeV  Emin = 1.40000E+01 MeV  frac = 1.00000E+00  : (n,nd)
   7    MT =     51  Q = -1.20480E+00 MeV  Emin = 1.21817E+00 MeV  frac = 1.00000E+00  : inelastic scatt. to 1. excited state
   8    MT =     52  Q = -1.46630E+00 MeV  Emin = 1.48257E+00 MeV  frac = 1.00000E+00  : inelastic scatt. to 2. excited state
   9    MT =     53  Q = -1.88210E+00 MeV  Emin = 1.90298E+00 MeV  frac = 1.00000E+00  : inelastic scatt. to 3. excited state
  10    MT =     54  Q = -2.04220E+00 MeV  Emin = 2.06486E+00 MeV  frac = 1.00000E+00  : inelastic scatt. to 4. excited state
  11    MT =     55  Q = -2.13130E+00 MeV  Emin = 2.15495E+00 MeV  frac = 1.00000E+00  : inelastic scatt. to 5. excited state
  12    MT =     56  Q = -2.17000E+00 MeV  Emin = 2.19408E+00 MeV  frac = 1.00000E+00  : inelastic scatt. to 6. excited state
  13    MT =     57  Q = -2.18990E+00 MeV  Emin = 2.21420E+00 MeV  frac = 1.00000E+00  : inelastic scatt. to 7. excited state
  14    MT =     58  Q = -2.20070E+00 MeV  Emin = 2.22512E+00 MeV  frac = 1.00000E+00  : inelastic scatt. to 8. excited state
  15    MT =     59  Q = -2.25970E+00 MeV  Emin = 2.28477E+00 MeV  frac = 1.00000E+00  : inelastic scatt. to 9. excited state
  16    MT =     60  Q = -2.28760E+00 MeV  Emin = 2.31298E+00 MeV  frac = 1.00000E+00  : inelastic scatt. to 10. excited state
  17    MT =     61  Q = -2.32010E+00 MeV  Emin = 2.34584E+00 MeV  frac = 1.00000E+00  : inelastic scatt. to 11. excited state
  18    MT =     62  Q = -2.35580E+00 MeV  Emin = 2.38194E+00 MeV  frac = 1.00000E+00  : inelastic scatt. to 12. excited state
  19    MT =     63  Q = -2.36690E+00 MeV  Emin = 2.39316E+00 MeV  frac = 1.00000E+00  : inelastic scatt. to 13. excited state
  20    MT =     64  Q = -2.39490E+00 MeV  Emin = 2.42147E+00 MeV  frac = 1.00000E+00  : inelastic scatt. to 14. excited state
  21    MT =     91  Q = -2.39500E+00 MeV  Emin = 2.42157E+00 MeV  frac = 1.00000E+00  : inelastic scattering to continuum
  22    MT =    102  Q =  8.63509E+00 MeV  Emin = 1.00000E-11 MeV  frac = 1.00000E+00  : (n,gamma)
  23    MT =    103  Q = -7.60531E-01 MeV  Emin = 1.00000E+00 MeV  frac = 1.00000E+00  : (n,p)
  24    MT =    104  Q = -6.48420E+00 MeV  Emin = 6.55616E+00 MeV  frac = 1.00000E+00  : (n,d)
  25    MT =    105  Q = -7.08660E+00 MeV  Emin = 8.00000E+00 MeV  frac = 1.00000E+00  : (n,t)
  26    MT =    106  Q = -8.55750E+00 MeV  Emin = 1.00000E+01 MeV  frac = 1.00000E+00  : (n,He-3)
  27    MT =    107  Q =  5.67229E+00 MeV  Emin = 9.99999E-02 MeV  frac = 1.00000E+00  : (n,alpha)

 6 special reactions:

   1    MT =    203  Q =  0.00000E+00 MeV  Emin = 1.00000E+00 MeV  : total proton production
   2    MT =    204  Q =  0.00000E+00 MeV  Emin = 6.50000E+00 MeV  : total deuteron production
   3    MT =    205  Q =  0.00000E+00 MeV  Emin = 7.94003E+00 MeV  : total triton production
   4    MT =    206  Q =  0.00000E+00 MeV  Emin = 9.74004E+00 MeV  : total He-3 production
   5    MT =    207  Q =  0.00000E+00 MeV  Emin = 9.99999E-02 MeV  : total alpha production
   6    MT =      4  Q =  0.00000E+00 MeV  Emin = 1.21817E+00 MeV  : total inelastic scattering

 Nuclide    8 / 14 : 40092.03c -- zirconium 92 (Zr-92)

 Pointers                     : 132653 6592521
 Primary type                 : Transport
 Nuclide ZAI                  : 400920
 Library ID                   : 03c
 Cross section data file      : /cm/shared/apps/ncsu/SERPENT/xsdata/endfb7/acedata/40092ENDF7.ace
 Atomic weight (AW)           : 91.90501
 Atomic weight ratio (AWR)    : 91.11550
 Temperature                  : 350.0 Kelvin
 XS temperature               : 350.0 Kelvin
 Minimum and maximum energy   : 1.00000E-11 2.00000E+01
 Half-life                    : stable
 Specific ingestion toxicity  : N/A
 Specific inhalation toxicity : N/A

 - Nuclide is not involved in burnup calculation
 - Nuclide has neutron transport data
 - Nuclide has no photon transport data
 - Nuclide has no S(a,b) data
 - Nuclide has no isomeric branching data
 - Nuclide is not fissile
 - Nuclide is not a delayed neutron precursor
 - Nuclide has no delayed neutron data
 - Nuclide has ures ptable data but it is not used
 - Nuclide temperature is not adjusted with TMS
 - Nuclide has no dosimetry data
 - Nuclide has decay data
 - Nuclide has no supplementary transmutation cross section data
 - Nuclide has no NFY data
 - Nuclide has no SFY data

 - 30 reaction channels
 - 5 special reactions
 - No transmutation reactions
 - No transmutation branch reactions
 - No decay reactions
 - No decay branch reactions
 - No transmutation paths

 30 reactions channel:

   1    MT =      2  Q =  0.00000E+00 MeV  Emin = 1.00000E-11 MeV  frac = 1.00000E+00  : elastic scattering
   2    MT =     16  Q = -8.63508E+00 MeV  Emin = 8.72986E+00 MeV  frac = 1.00000E+00  : (n,2n)
   3    MT =     17  Q = -1.58377E+01 MeV  Emin = 1.60115E+01 MeV  frac = 1.00000E+00  : (n,3n)
   4    MT =     22  Q = -2.96741E+00 MeV  Emin = 3.00000E+00 MeV  frac = 1.00000E+00  : (n,nalpha)
   5    MT =     28  Q = -9.40023E+00 MeV  Emin = 1.00000E+01 MeV  frac = 1.00000E+00  : (n,np)
   6    MT =     32  Q = -1.50350E+01 MeV  Emin = 1.58838E+01 MeV  frac = 1.00000E+00  : (n,nd)
   7    MT =     33  Q = -1.57114E+01 MeV  Emin = 1.60176E+01 MeV  frac = 1.00000E+00  : (n,nt)
   8    MT =     51  Q = -9.34499E-01 MeV  Emin = 9.44756E-01 MeV  frac = 1.00000E+00  : inelastic scatt. to 1. excited state
   9    MT =     52  Q = -1.38280E+00 MeV  Emin = 1.39798E+00 MeV  frac = 1.00000E+00  : inelastic scatt. to 2. excited state
  10    MT =     53  Q = -1.49540E+00 MeV  Emin = 1.51181E+00 MeV  frac = 1.00000E+00  : inelastic scatt. to 3. excited state
  11    MT =     54  Q = -1.84730E+00 MeV  Emin = 1.86757E+00 MeV  frac = 1.00000E+00  : inelastic scatt. to 4. excited state
  12    MT =     55  Q = -2.06670E+00 MeV  Emin = 2.08938E+00 MeV  frac = 1.00000E+00  : inelastic scatt. to 5. excited state
  13    MT =     56  Q = -2.15000E+00 MeV  Emin = 2.17360E+00 MeV  frac = 1.00000E+00  : inelastic scatt. to 6. excited state
  14    MT =     57  Q = -2.33970E+00 MeV  Emin = 2.36538E+00 MeV  frac = 1.00000E+00  : inelastic scatt. to 7. excited state
  15    MT =     58  Q = -2.39830E+00 MeV  Emin = 2.42462E+00 MeV  frac = 1.00000E+00  : inelastic scatt. to 8. excited state
  16    MT =     59  Q = -2.48590E+00 MeV  Emin = 2.51318E+00 MeV  frac = 1.00000E+00  : inelastic scatt. to 9. excited state
  17    MT =     60  Q = -2.74350E+00 MeV  Emin = 2.77361E+00 MeV  frac = 1.00000E+00  : inelastic scatt. to 10. excited state
  18    MT =     61  Q = -2.81970E+00 MeV  Emin = 2.85065E+00 MeV  frac = 1.00000E+00  : inelastic scatt. to 11. excited state
  19    MT =     62  Q = -2.86400E+00 MeV  Emin = 2.89543E+00 MeV  frac = 1.00000E+00  : inelastic scatt. to 12. excited state
  20    MT =     63  Q = -2.90360E+00 MeV  Emin = 2.93547E+00 MeV  frac = 1.00000E+00  : inelastic scatt. to 13. excited state
  21    MT =     64  Q = -2.90950E+00 MeV  Emin = 2.94143E+00 MeV  frac = 1.00000E+00  : inelastic scatt. to 14. excited state
  22    MT =     65  Q = -2.95780E+00 MeV  Emin = 2.99026E+00 MeV  frac = 1.00000E+00  : inelastic scatt. to 15. excited state
  23    MT =     66  Q = -3.03970E+00 MeV  Emin = 3.07306E+00 MeV  frac = 1.00000E+00  : inelastic scatt. to 16. excited state
  24    MT =     67  Q = -3.05780E+00 MeV  Emin = 3.09136E+00 MeV  frac = 1.00000E+00  : inelastic scatt. to 17. excited state
  25    MT =     91  Q = -3.05800E+00 MeV  Emin = 3.09156E+00 MeV  frac = 1.00000E+00  : inelastic scattering to continuum
  26    MT =    102  Q =  6.73199E+00 MeV  Emin = 1.00000E-11 MeV  frac = 1.00000E+00  : (n,gamma)
  27    MT =    103  Q = -2.85164E+00 MeV  Emin = 3.00000E+00 MeV  frac = 1.00000E+00  : (n,p)
  28    MT =    104  Q = -7.09011E+00 MeV  Emin = 7.16794E+00 MeV  frac = 1.00000E+00  : (n,d)
  29    MT =    105  Q = -8.84985E+00 MeV  Emin = 9.50341E+00 MeV  frac = 1.00000E+00  : (n,t)
  30    MT =    107  Q =  3.40109E+00 MeV  Emin = 9.99999E-02 MeV  frac = 1.00000E+00  : (n,alpha)

 5 special reactions:

   1    MT =    203  Q =  0.00000E+00 MeV  Emin = 3.00000E+00 MeV  : total proton production
   2    MT =    204  Q =  0.00000E+00 MeV  Emin = 7.16524E+00 MeV  : total deuteron production
   3    MT =    205  Q =  0.00000E+00 MeV  Emin = 9.50000E+00 MeV  : total triton production
   4    MT =    207  Q =  0.00000E+00 MeV  Emin = 9.99999E-02 MeV  : total alpha production
   5    MT =      4  Q =  0.00000E+00 MeV  Emin = 9.44756E-01 MeV  : total inelastic scattering

 Nuclide    9 / 14 : 40094.03c -- zirconium 94 (Zr-94)

 Pointers                     : 135369 6747542
 Primary type                 : Transport
 Nuclide ZAI                  : 400940
 Library ID                   : 03c
 Cross section data file      : /cm/shared/apps/ncsu/SERPENT/xsdata/endfb7/acedata/40094ENDF7.ace
 Atomic weight (AW)           : 93.90631
 Atomic weight ratio (AWR)    : 93.09960
 Temperature                  : 350.0 Kelvin
 XS temperature               : 350.0 Kelvin
 Minimum and maximum energy   : 1.00000E-11 2.00000E+01
 Half-life                    : stable
 Specific ingestion toxicity  : N/A
 Specific inhalation toxicity : N/A

 - Nuclide is not involved in burnup calculation
 - Nuclide has neutron transport data
 - Nuclide has no photon transport data
 - Nuclide has no S(a,b) data
 - Nuclide has no isomeric branching data
 - Nuclide is not fissile
 - Nuclide is not a delayed neutron precursor
 - Nuclide has no delayed neutron data
 - Nuclide has ures ptable data but it is not used
 - Nuclide temperature is not adjusted with TMS
 - Nuclide has no dosimetry data
 - Nuclide has decay data
 - Nuclide has no supplementary transmutation cross section data
 - Nuclide has no NFY data
 - Nuclide has no SFY data

 - 26 reaction channels
 - 5 special reactions
 - No transmutation reactions
 - No transmutation branch reactions
 - No decay reactions
 - No decay branch reactions
 - No transmutation paths

 26 reactions channel:

   1    MT =      2  Q =  0.00000E+00 MeV  Emin = 1.00000E-11 MeV  frac = 1.00000E+00  : elastic scattering
   2    MT =     16  Q = -8.19108E+00 MeV  Emin = 8.27907E+00 MeV  frac = 1.00000E+00  : (n,2n)
   3    MT =     17  Q = -1.49496E+01 MeV  Emin = 1.51102E+01 MeV  frac = 1.00000E+00  : (n,3n)
   4    MT =     22  Q = -3.75108E+00 MeV  Emin = 4.14346E+00 MeV  frac = 1.00000E+00  : (n,nalpha)
   5    MT =     28  Q = -1.03305E+01 MeV  Emin = 1.10000E+01 MeV  frac = 1.00000E+00  : (n,np)
   6    MT =     32  Q = -1.55015E+01 MeV  Emin = 1.60354E+01 MeV  frac = 1.00000E+00  : (n,nd)
   7    MT =     51  Q = -9.18699E-01 MeV  Emin = 9.28568E-01 MeV  frac = 1.00000E+00  : inelastic scatt. to 1. excited state
   8    MT =     52  Q = -1.30020E+00 MeV  Emin = 1.31417E+00 MeV  frac = 1.00000E+00  : inelastic scatt. to 2. excited state
   9    MT =     53  Q = -1.46960E+00 MeV  Emin = 1.48539E+00 MeV  frac = 1.00000E+00  : inelastic scatt. to 3. excited state
  10    MT =     54  Q = -1.67140E+00 MeV  Emin = 1.68935E+00 MeV  frac = 1.00000E+00  : inelastic scatt. to 4. excited state
  11    MT =     55  Q = -2.05760E+00 MeV  Emin = 2.07970E+00 MeV  frac = 1.00000E+00  : inelastic scatt. to 5. excited state
  12    MT =     56  Q = -2.15130E+00 MeV  Emin = 2.17441E+00 MeV  frac = 1.00000E+00  : inelastic scatt. to 6. excited state
  13    MT =     57  Q = -2.33020E+00 MeV  Emin = 2.35523E+00 MeV  frac = 1.00000E+00  : inelastic scatt. to 7. excited state
  14    MT =     58  Q = -2.36610E+00 MeV  Emin = 2.39152E+00 MeV  frac = 1.00000E+00  : inelastic scatt. to 8. excited state
  15    MT =     59  Q = -2.50770E+00 MeV  Emin = 2.53464E+00 MeV  frac = 1.00000E+00  : inelastic scatt. to 9. excited state
  16    MT =     60  Q = -2.60450E+00 MeV  Emin = 2.63248E+00 MeV  frac = 1.00000E+00  : inelastic scatt. to 10. excited state
  17    MT =     61  Q = -2.69850E+00 MeV  Emin = 2.72749E+00 MeV  frac = 1.00000E+00  : inelastic scatt. to 11. excited state
  18    MT =     62  Q = -2.82600E+00 MeV  Emin = 2.85636E+00 MeV  frac = 1.00000E+00  : inelastic scatt. to 12. excited state
  19    MT =     63  Q = -2.84630E+00 MeV  Emin = 2.87687E+00 MeV  frac = 1.00000E+00  : inelastic scatt. to 13. excited state
  20    MT =     64  Q = -2.86060E+00 MeV  Emin = 2.89133E+00 MeV  frac = 1.00000E+00  : inelastic scatt. to 14. excited state
  21    MT =     91  Q = -2.86100E+00 MeV  Emin = 2.89173E+00 MeV  frac = 1.00000E+00  : inelastic scattering to continuum
  22    MT =    102  Q =  6.47089E+00 MeV  Emin = 1.00000E-11 MeV  frac = 1.00000E+00  : (n,gamma)
  23    MT =    103  Q = -4.09942E+00 MeV  Emin = 4.14346E+00 MeV  frac = 1.00000E+00  : (n,p)
  24    MT =    104  Q = -8.02041E+00 MeV  Emin = 8.31164E+00 MeV  frac = 1.00000E+00  : (n,d)
  25    MT =    105  Q = -9.31636E+00 MeV  Emin = 1.00000E+01 MeV  frac = 1.00000E+00  : (n,t)
  26    MT =    107  Q =  2.05631E+00 MeV  Emin = 9.99999E-02 MeV  frac = 1.00000E+00  : (n,alpha)

 5 special reactions:

   1    MT =    203  Q =  0.00000E+00 MeV  Emin = 4.14346E+00 MeV  : total proton production
   2    MT =    204  Q =  0.00000E+00 MeV  Emin = 8.30633E+00 MeV  : total deuteron production
   3    MT =    205  Q =  0.00000E+00 MeV  Emin = 1.00000E+01 MeV  : total triton production
   4    MT =    207  Q =  0.00000E+00 MeV  Emin = 9.99999E-02 MeV  : total alpha production
   5    MT =      4  Q =  0.00000E+00 MeV  Emin = 9.28568E-01 MeV  : total inelastic scattering

 Nuclide   10 / 14 : 40096.03c -- zirconium 96 (Zr-96)

 Pointers                     : 137793 6885384
 Primary type                 : Transport
 Nuclide ZAI                  : 400960
 Library ID                   : 03c
 Cross section data file      : /cm/shared/apps/ncsu/SERPENT/xsdata/endfb7/acedata/40096ENDF7.ace
 Atomic weight (AW)           : 95.90830
 Atomic weight ratio (AWR)    : 95.08440
 Temperature                  : 350.0 Kelvin
 XS temperature               : 350.0 Kelvin
 Minimum and maximum energy   : 1.00000E-11 2.00000E+01
 Half-life                    : stable
 Specific ingestion toxicity  : N/A
 Specific inhalation toxicity : N/A

 - Nuclide is not involved in burnup calculation
 - Nuclide has neutron transport data
 - Nuclide has no photon transport data
 - Nuclide has no S(a,b) data
 - Nuclide has no isomeric branching data
 - Nuclide is not fissile
 - Nuclide is not a delayed neutron precursor
 - Nuclide has no delayed neutron data
 - Nuclide has no ures ptable data
 - Nuclide temperature is not adjusted with TMS
 - Nuclide has no dosimetry data
 - Nuclide has decay data
 - Nuclide has no supplementary transmutation cross section data
 - Nuclide has no NFY data
 - Nuclide has no SFY data

 - 18 reaction channels
 - 5 special reactions
 - No transmutation reactions
 - No transmutation branch reactions
 - 1 decay reactions
 - No decay branch reactions
 - No transmutation paths
 - All reaction paths linked to target

 18 reactions channel:

   1    MT =      2  Q =  0.00000E+00 MeV  Emin = 1.00000E-11 MeV  frac = 1.00000E+00  : elastic scattering
   2    MT =     16  Q = -7.83168E+00 MeV  Emin = 7.91406E+00 MeV  frac = 1.00000E+00  : (n,2n)
   3    MT =     17  Q = -1.43063E+01 MeV  Emin = 1.44568E+01 MeV  frac = 1.00000E+00  : (n,3n)
   4    MT =     22  Q = -4.97458E+00 MeV  Emin = 5.02691E+00 MeV  frac = 1.00000E+00  : (n,nalpha)
   5    MT =     28  Q = -1.15053E+01 MeV  Emin = 1.20000E+01 MeV  frac = 1.00000E+00  : (n,np)
   6    MT =     51  Q = -1.59400E+00 MeV  Emin = 1.61077E+00 MeV  frac = 1.00000E+00  : inelastic scatt. to 1. excited state
   7    MT =     52  Q = -1.75050E+00 MeV  Emin = 1.76891E+00 MeV  frac = 1.00000E+00  : inelastic scatt. to 2. excited state
   8    MT =     53  Q = -1.89710E+00 MeV  Emin = 1.91705E+00 MeV  frac = 1.00000E+00  : inelastic scatt. to 3. excited state
   9    MT =     54  Q = -2.22590E+00 MeV  Emin = 2.24931E+00 MeV  frac = 1.00000E+00  : inelastic scatt. to 4. excited state
  10    MT =     55  Q = -2.33000E+00 MeV  Emin = 2.35451E+00 MeV  frac = 1.00000E+00  : inelastic scatt. to 5. excited state
  11    MT =     56  Q = -2.44000E+00 MeV  Emin = 2.46566E+00 MeV  frac = 1.00000E+00  : inelastic scatt. to 6. excited state
  12    MT =     57  Q = -2.85740E+00 MeV  Emin = 2.88745E+00 MeV  frac = 1.00000E+00  : inelastic scatt. to 7. excited state
  13    MT =     91  Q = -2.85700E+00 MeV  Emin = 2.88705E+00 MeV  frac = 1.00000E+00  : inelastic scattering to continuum
  14    MT =    102  Q =  5.58089E+00 MeV  Emin = 1.00000E-11 MeV  frac = 1.00000E+00  : (n,gamma)
  15    MT =    103  Q = -6.23222E+00 MeV  Emin = 6.29777E+00 MeV  frac = 1.00000E+00  : (n,p)
  16    MT =    104  Q = -9.19521E+00 MeV  Emin = 1.00417E+01 MeV  frac = 1.00000E+00  : (n,d)
  17    MT =    105  Q = -9.93715E+00 MeV  Emin = 1.00417E+01 MeV  frac = 1.00000E+00  : (n,t)
  18    MT =    107  Q =  4.89512E-01 MeV  Emin = 9.99999E-02 MeV  frac = 1.00000E+00  : (n,alpha)

 5 special reactions:

   1    MT =    203  Q =  0.00000E+00 MeV  Emin = 6.29712E+00 MeV  : total proton production
   2    MT =    204  Q =  0.00000E+00 MeV  Emin = 1.00417E+01 MeV  : total deuteron production
   3    MT =    205  Q =  0.00000E+00 MeV  Emin = 1.00417E+01 MeV  : total triton production
   4    MT =    207  Q =  0.00000E+00 MeV  Emin = 9.99999E-02 MeV  : total alpha production
   5    MT =      4  Q =  0.00000E+00 MeV  Emin = 1.61077E+00 MeV  : total inelastic scattering

 1 decay reaction:

   1  RTYP = 1  1    Q =  3.34770E+00 MeV  frac = 1.00000E+00  : beta- + beta-

 Nuclide   11 / 14 : 92234.03c -- uranium 234 (U-234)

 Pointers                     : 69812 5387035
 Primary type                 : Transport
 Nuclide ZAI                  : 922340
 Library ID                   : 03c
 Cross section data file      : /cm/shared/apps/ncsu/SERPENT/xsdata/endfb7/acedata/92234ENDF7.ace
 Atomic weight (AW)           : 234.04093
 Atomic weight ratio (AWR)    : 232.03040
 Temperature                  : 350.0 Kelvin
 XS temperature               : 350.0 Kelvin
 Minimum and maximum energy   : 1.00000E-11 3.00000E+01
 Half-life                    : 7.75E+12 seconds (245,668 years)
 Decay energy (total/photon)  : 4.85E+00 1.39E-03 MeV
 Specific ingestion toxicity  : 4.90E-08 Sv/Bq
 Specific inhalation toxicity : 9.40E-06 Sv/Bq
 Energy deposited per fission : 200.55 MeV
 Spontaneous fission nubar    : 1.80000

 - Nuclide is not involved in burnup calculation
 - Nuclide has neutron transport data
 - Nuclide has no photon transport data
 - Nuclide has no S(a,b) data
 - Nuclide has isomeric branching data
 - Nuclide is fissile
 - Nuclide is not a delayed neutron precursor
 - Nuclide has delayed neutron data in 6 precursor groups
 - Nuclide has ures ptable data but it is not used
 - Nuclide temperature is not adjusted with TMS
 - Nuclide has no dosimetry data
 - Nuclide has decay data
 - Nuclide has no supplementary transmutation cross section data
 - Nuclide has NFY data 
 - Nuclide has no SFY data

 - 50 reaction channels
 - 1 special reactions
 - No transmutation reactions
 - 1 transmutation branch reactions
 - 2 decay reactions
 - No decay branch reactions
 - No transmutation paths
 - All reaction paths linked to target

 50 reactions channel:

   1    MT =      2  Q =  0.00000E+00 MeV  Emin = 1.00000E-11 MeV  frac = 1.00000E+00  : elastic scattering
   2    MT =     16  Q = -6.84450E+00 MeV  Emin = 6.87400E+00 MeV  frac = 1.00000E+00  : (n,2n)
   3    MT =     17  Q = -1.25879E+01 MeV  Emin = 1.26422E+01 MeV  frac = 1.00000E+00  : (n,3n)
   4    MT =     19  Q =  1.91840E+02 MeV  Emin = 1.00000E-11 MeV  frac = 1.00000E+00  NFY (E = 5.00000E-01 MeV)     : (n,f)
   5    MT =     20  Q =  1.91840E+02 MeV  Emin = 1.10000E+00 MeV  frac = 1.00000E+00  NFY (E = 5.00000E-01 MeV)     : (n,nf)
   6    MT =     21  Q =  1.91840E+02 MeV  Emin = 7.20000E+00 MeV  frac = 1.00000E+00  NFY (E = 5.00000E-01 MeV)     : (n,2nf)
   7    MT =     37  Q = -1.98522E+01 MeV  Emin = 1.99378E+01 MeV  frac = 1.00000E+00  : (n,4n)
   8    MT =     38  Q =  1.91840E+02 MeV  Emin = 1.30000E+01 MeV  frac = 1.00000E+00  NFY (E = 5.00000E-01 MeV)     : (n,3nf)
   9    MT =     51  Q = -4.35000E-02 MeV  Emin = 4.36875E-02 MeV  frac = 1.00000E+00  : inelastic scatt. to 1. excited state
  10    MT =     52  Q = -1.43300E-01 MeV  Emin = 1.43918E-01 MeV  frac = 1.00000E+00  : inelastic scatt. to 2. excited state
  11    MT =     53  Q = -2.96000E-01 MeV  Emin = 2.97276E-01 MeV  frac = 1.00000E+00  : inelastic scatt. to 3. excited state
  12    MT =     54  Q = -4.97000E-01 MeV  Emin = 4.99142E-01 MeV  frac = 1.00000E+00  : inelastic scatt. to 4. excited state
  13    MT =     55  Q = -7.41200E-01 MeV  Emin = 7.44394E-01 MeV  frac = 1.00000E+00  : inelastic scatt. to 5. excited state
  14    MT =     56  Q = -7.86300E-01 MeV  Emin = 7.89689E-01 MeV  frac = 1.00000E+00  : inelastic scatt. to 6. excited state
  15    MT =     57  Q = -8.09900E-01 MeV  Emin = 8.13391E-01 MeV  frac = 1.00000E+00  : inelastic scatt. to 7. excited state
  16    MT =     58  Q = -8.49300E-01 MeV  Emin = 8.52960E-01 MeV  frac = 1.00000E+00  : inelastic scatt. to 8. excited state
  17    MT =     59  Q = -8.51700E-01 MeV  Emin = 8.55371E-01 MeV  frac = 1.00000E+00  : inelastic scatt. to 9. excited state
  18    MT =     60  Q = -9.26700E-01 MeV  Emin = 9.30694E-01 MeV  frac = 1.00000E+00  : inelastic scatt. to 10. excited state
  19    MT =     61  Q = -9.47800E-01 MeV  Emin = 9.51885E-01 MeV  frac = 1.00000E+00  : inelastic scatt. to 11. excited state
  20    MT =     62  Q = -9.62600E-01 MeV  Emin = 9.66749E-01 MeV  frac = 1.00000E+00  : inelastic scatt. to 12. excited state
  21    MT =     63  Q = -9.69100E-01 MeV  Emin = 9.73277E-01 MeV  frac = 1.00000E+00  : inelastic scatt. to 13. excited state
  22    MT =     64  Q = -9.89500E-01 MeV  Emin = 9.93765E-01 MeV  frac = 1.00000E+00  : inelastic scatt. to 14. excited state
  23    MT =     65  Q = -1.02360E+00 MeV  Emin = 1.02801E+00 MeV  frac = 1.00000E+00  : inelastic scatt. to 15. excited state
  24    MT =     66  Q = -1.02380E+00 MeV  Emin = 1.02821E+00 MeV  frac = 1.00000E+00  : inelastic scatt. to 16. excited state
  25    MT =     67  Q = -1.02400E+00 MeV  Emin = 1.02841E+00 MeV  frac = 1.00000E+00  : inelastic scatt. to 17. excited state
  26    MT =     68  Q = -1.04450E+00 MeV  Emin = 1.04900E+00 MeV  frac = 1.00000E+00  : inelastic scatt. to 18. excited state
  27    MT =     69  Q = -1.06910E+00 MeV  Emin = 1.07371E+00 MeV  frac = 1.00000E+00  : inelastic scatt. to 19. excited state
  28    MT =     70  Q = -1.08540E+00 MeV  Emin = 1.09008E+00 MeV  frac = 1.00000E+00  : inelastic scatt. to 20. excited state
  29    MT =     71  Q = -1.09160E+00 MeV  Emin = 1.09631E+00 MeV  frac = 1.00000E+00  : inelastic scatt. to 21. excited state
  30    MT =     72  Q = -1.17000E+00 MeV  Emin = 1.17504E+00 MeV  frac = 1.00000E+00  : inelastic scatt. to 22. excited state
  31    MT =     73  Q = -1.25000E+00 MeV  Emin = 1.25539E+00 MeV  frac = 1.00000E+00  : inelastic scatt. to 23. excited state
  32    MT =     74  Q = -1.44000E+00 MeV  Emin = 1.44621E+00 MeV  frac = 1.00000E+00  : inelastic scatt. to 24. excited state
  33    MT =     75  Q = -1.59000E+00 MeV  Emin = 1.59685E+00 MeV  frac = 1.00000E+00  : inelastic scatt. to 25. excited state
  34    MT =     76  Q = -1.75000E+00 MeV  Emin = 1.75754E+00 MeV  frac = 1.00000E+00  : inelastic scatt. to 26. excited state
  35    MT =     77  Q = -1.85000E+00 MeV  Emin = 1.85797E+00 MeV  frac = 1.00000E+00  : inelastic scatt. to 27. excited state
  36    MT =     78  Q = -1.95000E+00 MeV  Emin = 1.95840E+00 MeV  frac = 1.00000E+00  : inelastic scatt. to 28. excited state
  37    MT =     79  Q = -2.15000E+00 MeV  Emin = 2.15927E+00 MeV  frac = 1.00000E+00  : inelastic scatt. to 29. excited state
  38    MT =     80  Q = -2.30000E+00 MeV  Emin = 2.30991E+00 MeV  frac = 1.00000E+00  : inelastic scatt. to 30. excited state
  39    MT =     81  Q = -2.39000E+00 MeV  Emin = 2.40030E+00 MeV  frac = 1.00000E+00  : inelastic scatt. to 31. excited state
  40    MT =     82  Q = -2.49280E+00 MeV  Emin = 2.50354E+00 MeV  frac = 1.00000E+00  : inelastic scatt. to 32. excited state
  41    MT =     83  Q = -2.94000E+00 MeV  Emin = 2.95267E+00 MeV  frac = 1.00000E+00  : inelastic scatt. to 33. excited state
  42    MT =     84  Q = -3.18900E+00 MeV  Emin = 3.20275E+00 MeV  frac = 1.00000E+00  : inelastic scatt. to 34. excited state
  43    MT =     85  Q = -3.38800E+00 MeV  Emin = 3.40260E+00 MeV  frac = 1.00000E+00  : inelastic scatt. to 35. excited state
  44    MT =     86  Q = -3.53800E+00 MeV  Emin = 3.55325E+00 MeV  frac = 1.00000E+00  : inelastic scatt. to 36. excited state
  45    MT =     87  Q = -3.63700E+00 MeV  Emin = 3.65268E+00 MeV  frac = 1.00000E+00  : inelastic scatt. to 37. excited state
  46    MT =     88  Q = -3.73700E+00 MeV  Emin = 3.75311E+00 MeV  frac = 1.00000E+00  : inelastic scatt. to 38. excited state
  47    MT =     89  Q = -3.83700E+00 MeV  Emin = 3.85354E+00 MeV  frac = 1.00000E+00  : inelastic scatt. to 39. excited state
  48    MT =     90  Q = -3.90900E+00 MeV  Emin = 3.92585E+00 MeV  frac = 1.00000E+00  : inelastic scatt. to 40. excited state
  49    MT =     91  Q = -1.15000E+00 MeV  Emin = 1.15496E+00 MeV  frac = 1.00000E+00  : inelastic scattering to continuum
  50    MT =    102  Q =  5.29780E+00 MeV  Emin = 1.00000E-11 MeV  frac = 1.00000E+00  : (n,gamma)

 1 additional transport branch:

   1    MT =    102  Q =  5.29780E+00 MeV  Emin = 1.00000E-11 MeV  frac = 1.00000E+00  : (n,gamma)

 1 special reaction:

   1    MT =      4  Q =  0.00000E+00 MeV  Emin = 4.36875E-02 MeV  : total inelastic scattering

 2 decay reactions:

   1  RTYP = 6       Q =  1.76100E+02 MeV  frac = 1.70000E-11  : spontaneous fission
   2  RTYP = 4       Q =  4.85850E+00 MeV  frac = 1.00000E+00  : alpha

 Nuclide   12 / 14 : 92235.03c -- uranium 235 (U-235)

 Pointers                     : 10749 4255849
 Primary type                 : Transport
 Nuclide ZAI                  : 922350
 Library ID                   : 03c
 Cross section data file      : /cm/shared/apps/ncsu/SERPENT/xsdata/endfb7/acedata/92235ENDF7.ace
 Atomic weight (AW)           : 235.04395
 Atomic weight ratio (AWR)    : 233.02480
 Temperature                  : 350.0 Kelvin
 XS temperature               : 350.0 Kelvin
 Minimum and maximum energy   : 1.00000E-11 2.00000E+01
 Half-life                    : 2.22E+16 seconds (704 million years)
 Decay energy (total/photon)  : 4.61E+00 1.63E-01 MeV
 Specific ingestion toxicity  : 4.70E-08 Sv/Bq
 Specific inhalation toxicity : 8.50E-06 Sv/Bq
 Energy deposited per fission : 202.27 MeV
 Spontaneous fission nubar    : 1.87000

 - Nuclide is not involved in burnup calculation
 - Nuclide has neutron transport data
 - Nuclide has no photon transport data
 - Nuclide has no S(a,b) data
 - Nuclide has no isomeric branching data
 - Nuclide is fissile
 - Nuclide is not a delayed neutron precursor
 - Nuclide has delayed neutron data in 6 precursor groups
 - Nuclide has ures ptable data but it is not used
 - Nuclide temperature is not adjusted with TMS
 - Nuclide has no dosimetry data
 - Nuclide has decay data
 - Nuclide has no supplementary transmutation cross section data
 - Nuclide has NFY data 
 - Nuclide has no SFY data

 - 47 reaction channels
 - 1 special reactions
 - No transmutation reactions
 - No transmutation branch reactions
 - 2 decay reactions
 - No decay branch reactions
 - No transmutation paths
 - All reaction paths linked to target

 47 reactions channel:

   1    MT =      2  Q =  0.00000E+00 MeV  Emin = 1.00000E-11 MeV  frac = 1.00000E+00  : elastic scattering
   2    MT =     16  Q = -5.29778E+00 MeV  Emin = 5.32052E+00 MeV  frac = 1.00000E+00  : (n,2n)
   3    MT =     17  Q = -1.21423E+01 MeV  Emin = 1.21944E+01 MeV  frac = 1.00000E+00  : (n,3n)
   4    MT =     18  Q =  1.93483E+02 MeV  Emin = 1.00000E-11 MeV  frac = 1.00000E+00  NFY (E = 2.53000E-08 MeV)     : total fission
   5    MT =     37  Q = -1.78856E+01 MeV  Emin = 1.79624E+01 MeV  frac = 1.00000E+00  : (n,4n)
   6    MT =     51  Q = -7.68000E-05 MeV  Emin = 2.25000E-03 MeV  frac = 1.00000E+00  : inelastic scatt. to 1. excited state
   7    MT =     52  Q = -1.30400E-02 MeV  Emin = 1.30960E-02 MeV  frac = 1.00000E+00  : inelastic scatt. to 2. excited state
   8    MT =     53  Q = -4.62000E-02 MeV  Emin = 4.63983E-02 MeV  frac = 1.00000E+00  : inelastic scatt. to 3. excited state
   9    MT =     54  Q = -5.13000E-02 MeV  Emin = 5.15202E-02 MeV  frac = 1.00000E+00  : inelastic scatt. to 4. excited state
  10    MT =     55  Q = -8.17000E-02 MeV  Emin = 8.20506E-02 MeV  frac = 1.00000E+00  : inelastic scatt. to 5. excited state
  11    MT =     56  Q = -1.03000E-01 MeV  Emin = 1.03442E-01 MeV  frac = 1.00000E+00  : inelastic scatt. to 6. excited state
  12    MT =     57  Q = -1.34000E-01 MeV  Emin = 1.34575E-01 MeV  frac = 1.00000E+00  : inelastic scatt. to 7. excited state
  13    MT =     58  Q = -1.70700E-01 MeV  Emin = 1.71433E-01 MeV  frac = 1.00000E+00  : inelastic scatt. to 8. excited state
  14    MT =     59  Q = -1.74500E-01 MeV  Emin = 1.75249E-01 MeV  frac = 1.00000E+00  : inelastic scatt. to 9. excited state
  15    MT =     60  Q = -2.49100E-01 MeV  Emin = 2.50169E-01 MeV  frac = 1.00000E+00  : inelastic scatt. to 10. excited state
  16    MT =     61  Q = -2.93000E-01 MeV  Emin = 2.94258E-01 MeV  frac = 1.00000E+00  : inelastic scatt. to 11. excited state
  17    MT =     62  Q = -3.34000E-01 MeV  Emin = 3.35433E-01 MeV  frac = 1.00000E+00  : inelastic scatt. to 12. excited state
  18    MT =     63  Q = -3.65000E-01 MeV  Emin = 3.66567E-01 MeV  frac = 1.00000E+00  : inelastic scatt. to 13. excited state
  19    MT =     64  Q = -3.98000E-01 MeV  Emin = 3.99708E-01 MeV  frac = 1.00000E+00  : inelastic scatt. to 14. excited state
  20    MT =     65  Q = -4.30000E-01 MeV  Emin = 4.31845E-01 MeV  frac = 1.00000E+00  : inelastic scatt. to 15. excited state
  21    MT =     66  Q = -4.48000E-01 MeV  Emin = 4.49923E-01 MeV  frac = 1.00000E+00  : inelastic scatt. to 16. excited state
  22    MT =     67  Q = -5.50000E-01 MeV  Emin = 5.52360E-01 MeV  frac = 1.00000E+00  : inelastic scatt. to 17. excited state
  23    MT =     68  Q = -6.50000E-01 MeV  Emin = 6.52790E-01 MeV  frac = 1.00000E+00  : inelastic scatt. to 18. excited state
  24    MT =     69  Q = -7.70000E-01 MeV  Emin = 7.73304E-01 MeV  frac = 1.00000E+00  : inelastic scatt. to 19. excited state
  25    MT =     70  Q = -9.00000E-01 MeV  Emin = 9.03862E-01 MeV  frac = 1.00000E+00  : inelastic scatt. to 20. excited state
  26    MT =     71  Q = -1.06250E+00 MeV  Emin = 1.06706E+00 MeV  frac = 1.00000E+00  : inelastic scatt. to 21. excited state
  27    MT =     72  Q = -1.17000E+00 MeV  Emin = 1.17502E+00 MeV  frac = 1.00000E+00  : inelastic scatt. to 22. excited state
  28    MT =     73  Q = -1.25000E+00 MeV  Emin = 1.25537E+00 MeV  frac = 1.00000E+00  : inelastic scatt. to 23. excited state
  29    MT =     74  Q = -1.44000E+00 MeV  Emin = 1.44618E+00 MeV  frac = 1.00000E+00  : inelastic scatt. to 24. excited state
  30    MT =     75  Q = -1.59000E+00 MeV  Emin = 1.59682E+00 MeV  frac = 1.00000E+00  : inelastic scatt. to 25. excited state
  31    MT =     76  Q = -1.75000E+00 MeV  Emin = 1.75751E+00 MeV  frac = 1.00000E+00  : inelastic scatt. to 26. excited state
  32    MT =     77  Q = -1.85000E+00 MeV  Emin = 1.85794E+00 MeV  frac = 1.00000E+00  : inelastic scatt. to 27. excited state
  33    MT =     78  Q = -1.95000E+00 MeV  Emin = 1.95837E+00 MeV  frac = 1.00000E+00  : inelastic scatt. to 28. excited state
  34    MT =     79  Q = -2.15000E+00 MeV  Emin = 2.15923E+00 MeV  frac = 1.00000E+00  : inelastic scatt. to 29. excited state
  35    MT =     80  Q = -2.30000E+00 MeV  Emin = 2.30987E+00 MeV  frac = 1.00000E+00  : inelastic scatt. to 30. excited state
  36    MT =     81  Q = -2.39000E+00 MeV  Emin = 2.40026E+00 MeV  frac = 1.00000E+00  : inelastic scatt. to 31. excited state
  37    MT =     82  Q = -2.49280E+00 MeV  Emin = 2.50350E+00 MeV  frac = 1.00000E+00  : inelastic scatt. to 32. excited state
  38    MT =     83  Q = -2.94000E+00 MeV  Emin = 2.95262E+00 MeV  frac = 1.00000E+00  : inelastic scatt. to 33. excited state
  39    MT =     84  Q = -3.18900E+00 MeV  Emin = 3.20269E+00 MeV  frac = 1.00000E+00  : inelastic scatt. to 34. excited state
  40    MT =     85  Q = -3.38800E+00 MeV  Emin = 3.40254E+00 MeV  frac = 1.00000E+00  : inelastic scatt. to 35. excited state
  41    MT =     86  Q = -3.53800E+00 MeV  Emin = 3.55318E+00 MeV  frac = 1.00000E+00  : inelastic scatt. to 36. excited state
  42    MT =     87  Q = -3.63700E+00 MeV  Emin = 3.65261E+00 MeV  frac = 1.00000E+00  : inelastic scatt. to 37. excited state
  43    MT =     88  Q = -3.73700E+00 MeV  Emin = 3.75304E+00 MeV  frac = 1.00000E+00  : inelastic scatt. to 38. excited state
  44    MT =     89  Q = -3.83700E+00 MeV  Emin = 3.85347E+00 MeV  frac = 1.00000E+00  : inelastic scatt. to 39. excited state
  45    MT =     90  Q = -3.90900E+00 MeV  Emin = 3.92578E+00 MeV  frac = 1.00000E+00  : inelastic scatt. to 40. excited state
  46    MT =     91  Q = -4.97864E-01 MeV  Emin = 5.00000E-01 MeV  frac = 1.00000E+00  : inelastic scattering to continuum
  47    MT =    102  Q =  6.54520E+00 MeV  Emin = 1.00000E-11 MeV  frac = 1.00000E+00  : (n,gamma)

 1 special reaction:

   1    MT =      4  Q =  0.00000E+00 MeV  Emin = 2.25000E-03 MeV  : total inelastic scattering

 2 decay reactions:

   1  RTYP = 6       Q =  1.76400E+02 MeV  frac = 7.20000E-11  : spontaneous fission
   2  RTYP = 4       Q =  4.67870E+00 MeV  frac = 1.00000E+00  : alpha

 Nuclide   13 / 14 : 92236.03c -- uranium 236 (U-236)

 Pointers                     : 94722 5660320
 Primary type                 : Transport
 Nuclide ZAI                  : 922360
 Library ID                   : 03c
 Cross section data file      : /cm/shared/apps/ncsu/SERPENT/xsdata/endfb7/acedata/92236ENDF7.ace
 Atomic weight (AW)           : 236.04556
 Atomic weight ratio (AWR)    : 234.01780
 Temperature                  : 350.0 Kelvin
 XS temperature               : 350.0 Kelvin
 Minimum and maximum energy   : 1.00000E-11 3.00000E+01
 Half-life                    : 7.39E+14 seconds (23.4 million years)
 Decay energy (total/photon)  : 4.57E+00 1.23E-03 MeV
 Specific ingestion toxicity  : 4.70E-08 Sv/Bq
 Specific inhalation toxicity : 8.70E-06 Sv/Bq
 Energy deposited per fission : 203.32 MeV
 Spontaneous fission nubar    : 1.90000

 - Nuclide is not involved in burnup calculation
 - Nuclide has neutron transport data
 - Nuclide has no photon transport data
 - Nuclide has no S(a,b) data
 - Nuclide has no isomeric branching data
 - Nuclide is fissile
 - Nuclide is not a delayed neutron precursor
 - Nuclide has delayed neutron data in 6 precursor groups
 - Nuclide has ures ptable data but it is not used
 - Nuclide temperature is not adjusted with TMS
 - Nuclide has no dosimetry data
 - Nuclide has decay data
 - Nuclide has no supplementary transmutation cross section data
 - Nuclide has NFY data 
 - Nuclide has no SFY data

 - 50 reaction channels
 - 1 special reactions
 - No transmutation reactions
 - No transmutation branch reactions
 - 2 decay reactions
 - No decay branch reactions
 - No transmutation paths
 - All reaction paths linked to target

 50 reactions channel:

   1    MT =      2  Q =  0.00000E+00 MeV  Emin = 1.00000E-11 MeV  frac = 1.00000E+00  : elastic scattering
   2    MT =     16  Q = -6.54480E+00 MeV  Emin = 6.57277E+00 MeV  frac = 1.00000E+00  : (n,2n)
   3    MT =     17  Q = -1.18427E+01 MeV  Emin = 1.18933E+01 MeV  frac = 1.00000E+00  : (n,3n)
   4    MT =     19  Q =  1.94490E+02 MeV  Emin = 1.00000E-11 MeV  frac = 1.00000E+00  NFY (E = 5.00000E-01 MeV)     : (n,f)
   5    MT =     20  Q =  1.94490E+02 MeV  Emin = 2.60000E+00 MeV  frac = 1.00000E+00  NFY (E = 5.00000E-01 MeV)     : (n,nf)
   6    MT =     21  Q =  1.94490E+02 MeV  Emin = 1.04000E+01 MeV  frac = 1.00000E+00  NFY (E = 5.00000E-01 MeV)     : (n,2nf)
   7    MT =     37  Q = -1.86869E+01 MeV  Emin = 1.87668E+01 MeV  frac = 1.00000E+00  : (n,4n)
   8    MT =     38  Q =  1.94490E+02 MeV  Emin = 1.60000E+01 MeV  frac = 1.00000E+00  NFY (E = 5.00000E-01 MeV)     : (n,3nf)
   9    MT =     51  Q = -4.52000E-02 MeV  Emin = 4.53932E-02 MeV  frac = 1.00000E+00  : inelastic scatt. to 1. excited state
  10    MT =     52  Q = -1.49500E-01 MeV  Emin = 1.50139E-01 MeV  frac = 1.00000E+00  : inelastic scatt. to 2. excited state
  11    MT =     53  Q = -3.09800E-01 MeV  Emin = 3.11124E-01 MeV  frac = 1.00000E+00  : inelastic scatt. to 3. excited state
  12    MT =     54  Q = -5.22200E-01 MeV  Emin = 5.24432E-01 MeV  frac = 1.00000E+00  : inelastic scatt. to 4. excited state
  13    MT =     55  Q = -6.87600E-01 MeV  Emin = 6.90538E-01 MeV  frac = 1.00000E+00  : inelastic scatt. to 5. excited state
  14    MT =     56  Q = -7.44100E-01 MeV  Emin = 7.47280E-01 MeV  frac = 1.00000E+00  : inelastic scatt. to 6. excited state
  15    MT =     57  Q = -7.82300E-01 MeV  Emin = 7.85643E-01 MeV  frac = 1.00000E+00  : inelastic scatt. to 7. excited state
  16    MT =     58  Q = -8.48300E-01 MeV  Emin = 8.51925E-01 MeV  frac = 1.00000E+00  : inelastic scatt. to 8. excited state
  17    MT =     59  Q = -9.19200E-01 MeV  Emin = 9.23128E-01 MeV  frac = 1.00000E+00  : inelastic scatt. to 9. excited state
  18    MT =     60  Q = -9.58000E-01 MeV  Emin = 9.62094E-01 MeV  frac = 1.00000E+00  : inelastic scatt. to 10. excited state
  19    MT =     61  Q = -9.60300E-01 MeV  Emin = 9.64404E-01 MeV  frac = 1.00000E+00  : inelastic scatt. to 11. excited state
  20    MT =     62  Q = -9.66600E-01 MeV  Emin = 9.70731E-01 MeV  frac = 1.00000E+00  : inelastic scatt. to 12. excited state
  21    MT =     63  Q = -9.87700E-01 MeV  Emin = 9.91921E-01 MeV  frac = 1.00000E+00  : inelastic scatt. to 13. excited state
  22    MT =     64  Q = -9.99800E-01 MeV  Emin = 1.00407E+00 MeV  frac = 1.00000E+00  : inelastic scatt. to 14. excited state
  23    MT =     65  Q = -1.00150E+00 MeV  Emin = 1.00578E+00 MeV  frac = 1.00000E+00  : inelastic scatt. to 15. excited state
  24    MT =     66  Q = -1.03560E+00 MeV  Emin = 1.04003E+00 MeV  frac = 1.00000E+00  : inelastic scatt. to 16. excited state
  25    MT =     67  Q = -1.05090E+00 MeV  Emin = 1.05539E+00 MeV  frac = 1.00000E+00  : inelastic scatt. to 17. excited state
  26    MT =     68  Q = -1.05290E+00 MeV  Emin = 1.05740E+00 MeV  frac = 1.00000E+00  : inelastic scatt. to 18. excited state
  27    MT =     69  Q = -1.05860E+00 MeV  Emin = 1.06313E+00 MeV  frac = 1.00000E+00  : inelastic scatt. to 19. excited state
  28    MT =     70  Q = -1.06610E+00 MeV  Emin = 1.07066E+00 MeV  frac = 1.00000E+00  : inelastic scatt. to 20. excited state
  29    MT =     71  Q = -1.07000E+00 MeV  Emin = 1.07457E+00 MeV  frac = 1.00000E+00  : inelastic scatt. to 21. excited state
  30    MT =     72  Q = -1.17000E+00 MeV  Emin = 1.17500E+00 MeV  frac = 1.00000E+00  : inelastic scatt. to 22. excited state
  31    MT =     73  Q = -1.25000E+00 MeV  Emin = 1.25534E+00 MeV  frac = 1.00000E+00  : inelastic scatt. to 23. excited state
  32    MT =     74  Q = -1.44000E+00 MeV  Emin = 1.44615E+00 MeV  frac = 1.00000E+00  : inelastic scatt. to 24. excited state
  33    MT =     75  Q = -1.59000E+00 MeV  Emin = 1.59679E+00 MeV  frac = 1.00000E+00  : inelastic scatt. to 25. excited state
  34    MT =     76  Q = -1.75000E+00 MeV  Emin = 1.75748E+00 MeV  frac = 1.00000E+00  : inelastic scatt. to 26. excited state
  35    MT =     77  Q = -1.85000E+00 MeV  Emin = 1.85791E+00 MeV  frac = 1.00000E+00  : inelastic scatt. to 27. excited state
  36    MT =     78  Q = -1.95000E+00 MeV  Emin = 1.95833E+00 MeV  frac = 1.00000E+00  : inelastic scatt. to 28. excited state
  37    MT =     79  Q = -2.15000E+00 MeV  Emin = 2.15919E+00 MeV  frac = 1.00000E+00  : inelastic scatt. to 29. excited state
  38    MT =     80  Q = -2.30000E+00 MeV  Emin = 2.30983E+00 MeV  frac = 1.00000E+00  : inelastic scatt. to 30. excited state
  39    MT =     81  Q = -2.39000E+00 MeV  Emin = 2.40021E+00 MeV  frac = 1.00000E+00  : inelastic scatt. to 31. excited state
  40    MT =     82  Q = -2.49280E+00 MeV  Emin = 2.50345E+00 MeV  frac = 1.00000E+00  : inelastic scatt. to 32. excited state
  41    MT =     83  Q = -2.94000E+00 MeV  Emin = 2.95256E+00 MeV  frac = 1.00000E+00  : inelastic scatt. to 33. excited state
  42    MT =     84  Q = -3.18900E+00 MeV  Emin = 3.20263E+00 MeV  frac = 1.00000E+00  : inelastic scatt. to 34. excited state
  43    MT =     85  Q = -3.38800E+00 MeV  Emin = 3.40248E+00 MeV  frac = 1.00000E+00  : inelastic scatt. to 35. excited state
  44    MT =     86  Q = -3.53800E+00 MeV  Emin = 3.55312E+00 MeV  frac = 1.00000E+00  : inelastic scatt. to 36. excited state
  45    MT =     87  Q = -3.63700E+00 MeV  Emin = 3.65254E+00 MeV  frac = 1.00000E+00  : inelastic scatt. to 37. excited state
  46    MT =     88  Q = -3.73700E+00 MeV  Emin = 3.75297E+00 MeV  frac = 1.00000E+00  : inelastic scatt. to 38. excited state
  47    MT =     89  Q = -3.83700E+00 MeV  Emin = 3.85340E+00 MeV  frac = 1.00000E+00  : inelastic scatt. to 39. excited state
  48    MT =     90  Q = -3.90900E+00 MeV  Emin = 3.92570E+00 MeV  frac = 1.00000E+00  : inelastic scatt. to 40. excited state
  49    MT =     91  Q = -1.10000E+00 MeV  Emin = 1.10470E+00 MeV  frac = 1.00000E+00  : inelastic scattering to continuum
  50    MT =    102  Q =  5.12590E+00 MeV  Emin = 1.00000E-11 MeV  frac = 1.00000E+00  : (n,gamma)

 1 special reaction:

   1    MT =      4  Q =  0.00000E+00 MeV  Emin = 4.53932E-02 MeV  : total inelastic scattering

 2 decay reactions:

   1  RTYP = 6       Q =  1.75600E+02 MeV  frac = 9.00000E-10  : spontaneous fission
   2  RTYP = 4       Q =  4.57240E+00 MeV  frac = 1.00000E+00  : alpha

 Nuclide   14 / 14 : 92238.03c -- uranium 238 (U-238)

 Pointers                     : 45896 4647020
 Primary type                 : Transport
 Nuclide ZAI                  : 922380
 Library ID                   : 03c
 Cross section data file      : /cm/shared/apps/ncsu/SERPENT/xsdata/endfb7/acedata/92238ENDF7.ace
 Atomic weight (AW)           : 238.05078
 Atomic weight ratio (AWR)    : 236.00580
 Temperature                  : 350.0 Kelvin
 XS temperature               : 350.0 Kelvin
 Minimum and maximum energy   : 1.00000E-11 3.00000E+01
 Half-life                    : 1.41E+17 seconds (4.47 billion years)
 Decay energy (total/photon)  : 4.28E+00 9.81E-04 MeV
 Specific ingestion toxicity  : 4.50E-08 Sv/Bq
 Specific inhalation toxicity : 8.00E-06 Sv/Bq
 Energy deposited per fission : 207.03 MeV
 Spontaneous fission nubar    : 2.00000

 - Nuclide is not involved in burnup calculation
 - Nuclide has neutron transport data
 - Nuclide has no photon transport data
 - Nuclide has no S(a,b) data
 - Nuclide has no isomeric branching data
 - Nuclide is fissile
 - Nuclide is not a delayed neutron precursor
 - Nuclide has delayed neutron data in 6 precursor groups
 - Nuclide has ures ptable data but it is not used
 - Nuclide temperature is not adjusted with TMS
 - Nuclide has no dosimetry data
 - Nuclide has decay data
 - Nuclide has no supplementary transmutation cross section data
 - Nuclide has NFY data 
 - Nuclide has no SFY data

 - 47 reaction channels
 - 1 special reactions
 - No transmutation reactions
 - No transmutation branch reactions
 - 2 decay reactions
 - No decay branch reactions
 - No transmutation paths
 - All reaction paths linked to target

 47 reactions channel:

   1    MT =      2  Q =  0.00000E+00 MeV  Emin = 1.00000E-11 MeV  frac = 1.00000E+00  : elastic scattering
   2    MT =     16  Q = -6.15280E+00 MeV  Emin = 6.17887E+00 MeV  frac = 1.00000E+00  : (n,2n)
   3    MT =     17  Q = -1.12786E+01 MeV  Emin = 1.13264E+01 MeV  frac = 1.00000E+00  : (n,3n)
   4    MT =     18  Q =  1.98032E+02 MeV  Emin = 1.00000E-11 MeV  frac = 1.00000E+00  NFY (E = 5.00000E-01 MeV)     : total fission
   5    MT =     37  Q = -1.78237E+01 MeV  Emin = 1.78992E+01 MeV  frac = 1.00000E+00  : (n,4n)
   6    MT =     51  Q = -4.49000E-02 MeV  Emin = 4.50903E-02 MeV  frac = 1.00000E+00  : inelastic scatt. to 1. excited state
   7    MT =     52  Q = -1.48400E-01 MeV  Emin = 1.49029E-01 MeV  frac = 1.00000E+00  : inelastic scatt. to 2. excited state
   8    MT =     53  Q = -3.07200E-01 MeV  Emin = 3.08502E-01 MeV  frac = 1.00000E+00  : inelastic scatt. to 3. excited state
   9    MT =     54  Q = -5.18300E-01 MeV  Emin = 5.20496E-01 MeV  frac = 1.00000E+00  : inelastic scatt. to 4. excited state
  10    MT =     55  Q = -6.80100E-01 MeV  Emin = 6.82982E-01 MeV  frac = 1.00000E+00  : inelastic scatt. to 5. excited state
  11    MT =     56  Q = -7.31900E-01 MeV  Emin = 7.35001E-01 MeV  frac = 1.00000E+00  : inelastic scatt. to 6. excited state
  12    MT =     57  Q = -7.75700E-01 MeV  Emin = 7.78987E-01 MeV  frac = 1.00000E+00  : inelastic scatt. to 7. excited state
  13    MT =     58  Q = -8.26700E-01 MeV  Emin = 8.30203E-01 MeV  frac = 1.00000E+00  : inelastic scatt. to 8. excited state
  14    MT =     59  Q = -9.25700E-01 MeV  Emin = 9.29623E-01 MeV  frac = 1.00000E+00  : inelastic scatt. to 9. excited state
  15    MT =     60  Q = -9.30800E-01 MeV  Emin = 9.34744E-01 MeV  frac = 1.00000E+00  : inelastic scatt. to 10. excited state
  16    MT =     61  Q = -9.50200E-01 MeV  Emin = 9.54226E-01 MeV  frac = 1.00000E+00  : inelastic scatt. to 11. excited state
  17    MT =     62  Q = -9.66300E-01 MeV  Emin = 9.70395E-01 MeV  frac = 1.00000E+00  : inelastic scatt. to 12. excited state
  18    MT =     63  Q = -9.67300E-01 MeV  Emin = 9.71399E-01 MeV  frac = 1.00000E+00  : inelastic scatt. to 13. excited state
  19    MT =     64  Q = -9.93000E-01 MeV  Emin = 9.97208E-01 MeV  frac = 1.00000E+00  : inelastic scatt. to 14. excited state
  20    MT =     65  Q = -9.97500E-01 MeV  Emin = 1.00173E+00 MeV  frac = 1.00000E+00  : inelastic scatt. to 15. excited state
  21    MT =     66  Q = -1.03730E+00 MeV  Emin = 1.04170E+00 MeV  frac = 1.00000E+00  : inelastic scatt. to 16. excited state
  22    MT =     67  Q = -1.05660E+00 MeV  Emin = 1.06108E+00 MeV  frac = 1.00000E+00  : inelastic scatt. to 17. excited state
  23    MT =     68  Q = -1.05950E+00 MeV  Emin = 1.06399E+00 MeV  frac = 1.00000E+00  : inelastic scatt. to 18. excited state
  24    MT =     69  Q = -1.06030E+00 MeV  Emin = 1.06479E+00 MeV  frac = 1.00000E+00  : inelastic scatt. to 19. excited state
  25    MT =     70  Q = -1.07650E+00 MeV  Emin = 1.08106E+00 MeV  frac = 1.00000E+00  : inelastic scatt. to 20. excited state
  26    MT =     71  Q = -1.10570E+00 MeV  Emin = 1.11039E+00 MeV  frac = 1.00000E+00  : inelastic scatt. to 21. excited state
  27    MT =     72  Q = -1.17000E+00 MeV  Emin = 1.17496E+00 MeV  frac = 1.00000E+00  : inelastic scatt. to 22. excited state
  28    MT =     73  Q = -1.25000E+00 MeV  Emin = 1.25530E+00 MeV  frac = 1.00000E+00  : inelastic scatt. to 23. excited state
  29    MT =     74  Q = -1.44000E+00 MeV  Emin = 1.44610E+00 MeV  frac = 1.00000E+00  : inelastic scatt. to 24. excited state
  30    MT =     75  Q = -1.59000E+00 MeV  Emin = 1.59674E+00 MeV  frac = 1.00000E+00  : inelastic scatt. to 25. excited state
  31    MT =     76  Q = -1.75000E+00 MeV  Emin = 1.75742E+00 MeV  frac = 1.00000E+00  : inelastic scatt. to 26. excited state
  32    MT =     77  Q = -1.85000E+00 MeV  Emin = 1.85784E+00 MeV  frac = 1.00000E+00  : inelastic scatt. to 27. excited state
  33    MT =     78  Q = -1.95000E+00 MeV  Emin = 1.95826E+00 MeV  frac = 1.00000E+00  : inelastic scatt. to 28. excited state
  34    MT =     79  Q = -2.15000E+00 MeV  Emin = 2.15911E+00 MeV  frac = 1.00000E+00  : inelastic scatt. to 29. excited state
  35    MT =     80  Q = -2.30000E+00 MeV  Emin = 2.30975E+00 MeV  frac = 1.00000E+00  : inelastic scatt. to 30. excited state
  36    MT =     81  Q = -2.39000E+00 MeV  Emin = 2.40013E+00 MeV  frac = 1.00000E+00  : inelastic scatt. to 31. excited state
  37    MT =     82  Q = -2.49280E+00 MeV  Emin = 2.50336E+00 MeV  frac = 1.00000E+00  : inelastic scatt. to 32. excited state
  38    MT =     83  Q = -2.94000E+00 MeV  Emin = 2.95246E+00 MeV  frac = 1.00000E+00  : inelastic scatt. to 33. excited state
  39    MT =     84  Q = -3.18900E+00 MeV  Emin = 3.20251E+00 MeV  frac = 1.00000E+00  : inelastic scatt. to 34. excited state
  40    MT =     85  Q = -3.38800E+00 MeV  Emin = 3.40236E+00 MeV  frac = 1.00000E+00  : inelastic scatt. to 35. excited state
  41    MT =     86  Q = -3.53800E+00 MeV  Emin = 3.55299E+00 MeV  frac = 1.00000E+00  : inelastic scatt. to 36. excited state
  42    MT =     87  Q = -3.63700E+00 MeV  Emin = 3.65241E+00 MeV  frac = 1.00000E+00  : inelastic scatt. to 37. excited state
  43    MT =     88  Q = -3.73700E+00 MeV  Emin = 3.75284E+00 MeV  frac = 1.00000E+00  : inelastic scatt. to 38. excited state
  44    MT =     89  Q = -3.83700E+00 MeV  Emin = 3.85326E+00 MeV  frac = 1.00000E+00  : inelastic scatt. to 39. excited state
  45    MT =     90  Q = -3.90900E+00 MeV  Emin = 3.92556E+00 MeV  frac = 1.00000E+00  : inelastic scatt. to 40. excited state
  46    MT =     91  Q = -1.11260E+00 MeV  Emin = 1.11732E+00 MeV  frac = 1.00000E+00  : inelastic scattering to continuum
  47    MT =    102  Q =  4.80650E+00 MeV  Emin = 1.00000E-11 MeV  frac = 1.00000E+00  : (n,gamma)

 1 special reaction:

   1    MT =      4  Q =  0.00000E+00 MeV  Emin = 4.50903E-02 MeV  : total inelastic scattering

 2 decay reactions:

   1  RTYP = 6       Q =  1.73600E+02 MeV  frac = 5.46000E-05  : spontaneous fission
   2  RTYP = 4       Q =  4.27400E+00 MeV  frac = 9.99945E-01  : alpha

 --- Table  5: Summary of material compositions: 

 5 materials included in calculation


Material "mF45":

 - Material is not burnable
 - Material is included in majorant
 - Material is included in geometry
 - Atom density 6.82745E-02 1/barn*cm
 - Mass density 1.02000E+01 g/cm3
 - Volume 1.77096E+02 cm3
 - Mass 1.80638E+03 g
 - Photon emission rate 0.00000E+00 1/s
 - Neutron emission rate 0.00000E+00 1/s
 - 5 nuclides in composition
 - No nuclides associated with S(a,b) data
 - 7.83 Mb of memory allocated for data

Isotopic composition (non-zero densities):

-------------------------------------------------------------------
 Nuclide    a. weight   temp      a. dens      a. frac      m. frac
-------------------------------------------------------------------
 92235.03c  235.04395  350.0  1.02412E-03  1.50000E-02  3.91881E-02 
 92238.03c  238.05078  350.0  2.17124E-02  3.18017E-01  8.41461E-01 
 92234.03c  234.04093  350.0  1.02412E-05  1.50000E-04  3.90209E-04 
 92236.03c  236.04556  350.0  1.13791E-05  1.66667E-04  4.37279E-04 
  8016.03c   15.99492  350.0  4.55163E-02  6.66667E-01  1.18524E-01 
       sum                    6.82745E-02  1.00000E+00  1.00000E+00
-------------------------------------------------------------------

Material "mClad":

 - Material is not burnable
 - Material is included in majorant
 - Material is included in geometry
 - Atom density 4.29091E-02 1/barn*cm
 - Mass density 6.50000E+00 g/cm3
 - Volume 9.41080E+01 cm3
 - Mass 6.11702E+02 g
 - Photon emission rate 0.00000E+00 1/s
 - Neutron emission rate 0.00000E+00 1/s
 - 5 nuclides in composition
 - No nuclides associated with S(a,b) data
 - 4.48 Mb of memory allocated for data

Isotopic composition (non-zero densities):

-------------------------------------------------------------------
 Nuclide    a. weight   temp      a. dens      a. frac      m. frac
-------------------------------------------------------------------
 40090.03c   89.90473  350.0  2.20768E-02  5.14500E-01  5.07061E-01 
 40091.03c   90.90563  350.0  4.81441E-03  1.12200E-01  1.11809E-01 
 40092.03c   91.90501  350.0  7.35892E-03  1.71500E-01  1.72781E-01 
 40094.03c   93.90631  350.0  7.45761E-03  1.73800E-01  1.78911E-01 
 40096.03c   95.90830  350.0  1.20146E-03  2.80000E-02  2.94379E-02 
       sum                    4.29091E-02  1.00000E+00  1.00000E+00
-------------------------------------------------------------------

Material "mSS":

 - Material is not burnable
 - Material is included in majorant
 - Material is included in geometry
 - Atom density 8.48634E-02 1/barn*cm
 - Mass density 7.87000E+00 g/cm3
 - Volume 1.68663E+01 cm3
 - Mass 1.32738E+02 g
 - Photon emission rate 0.00000E+00 1/s
 - Neutron emission rate 0.00000E+00 1/s
 - 1 nuclides in composition
 - No nuclides associated with S(a,b) data
 - 4.47 Mb of memory allocated for data

Isotopic composition (non-zero densities):

-------------------------------------------------------------------
 Nuclide    a. weight   temp      a. dens      a. frac      m. frac
-------------------------------------------------------------------
 26000.03c   55.84675  350.0  8.48634E-02  1.00000E+00  1.00000E+00 
       sum                    8.48634E-02  1.00000E+00  1.00000E+00
-------------------------------------------------------------------

Material "mWater":

 - Material is not burnable
 - Material is included in majorant
 - Material is included in geometry
 - Atom density 1.00309E-01 1/barn*cm
 - Mass density 1.00000E+00 g/cm3
 - Volume 4.00000E+39 cm3
 - Mass 4.00000E+39 g
 - Photon emission rate 0.00000E+00 1/s
 - Neutron emission rate 0.00000E+00 1/s
 - 2 nuclides in composition
 - 1 nuclides associated with S(a,b) data
 - 4.47 Mb of memory allocated for data

Isotopic composition (non-zero densities):

-------------------------------------------------------------------
 Nuclide    a. weight   temp      a. dens      a. frac      m. frac
-------------------------------------------------------------------
  1001.03s    1.00782  350.0  6.68723E-02  6.66667E-01  1.11915E-01 S
  8016.03c   15.99492  350.0  3.34362E-02  3.33333E-01  8.88085E-01 
       sum                    1.00309E-01  1.00000E+00  1.00000E+00
-------------------------------------------------------------------

Material "mCR":

 - Material is not burnable
 - Material is included in majorant
 - Material is included in geometry
 - Atom density 7.52199E-02 1/barn*cm
 - Mass density 6.50000E+00 g/cm3
 - Volume 0.00000E+00 cm3
 - Mass 0.00000E+00 g
 - Photon emission rate 0.00000E+00 1/s
 - Neutron emission rate 0.00000E+00 1/s
 - 3 nuclides in composition
 - No nuclides associated with S(a,b) data
 - 4.47 Mb of memory allocated for data

Isotopic composition (non-zero densities):

-------------------------------------------------------------------
 Nuclide    a. weight   temp      a. dens      a. frac      m. frac
-------------------------------------------------------------------
 40090.03c   89.90473  350.0  1.52847E-02  2.03200E-01  3.51060E-01 
 40091.03c   90.90563  350.0  2.30775E-02  3.06800E-01  5.35947E-01 
  6012.03c   11.99999  350.0  3.68577E-02  4.90000E-01  1.12993E-01 
       sum                    7.52199E-02  1.00000E+00  1.00000E+00
-------------------------------------------------------------------
