[1741642471.424935] [node068:3762829:0]      ib_mlx5_dv.c:444  UCX  WARN  mlx5dv_devx_obj_destroy(flush_dvmr) failed: Invalid argument
[1741642471.425096] [node068:3762828:0]      ib_mlx5_dv.c:444  UCX  WARN  mlx5dv_devx_obj_destroy(flush_dvmr) failed: Invalid argument
[1741642472.374679] [node068:3762829:0]      ib_mlx5_dv.c:444  UCX  WARN  mlx5dv_devx_obj_destroy(flush_dvmr) failed: Invalid argument
[1741642472.374770] [node068:3762828:0]      ib_mlx5_dv.c:444  UCX  WARN  mlx5dv_devx_obj_destroy(flush_dvmr) failed: Invalid argument

  _                   .-=-.           .-=-.          .-==-.       
 { }      __        .' O o '.       .' O o '.       /  -<' )--<   
 { }    .' O'.     / o .-. O \     / o .-. O \     /  .---`       
 { }   / .-. o\   /O  /   \  o\   /O  /   \  o\   /O /            
  \ `-` /   \ O`-'o  /     \  O`-'o  /     \  O`-`o /             
   `-.-`     '.____.'       `._____.'       `.____.'              

Serpent 2.2

A Continuous-energy Monte Carlo Reactor Physics Burnup Calculation Code

 - Version 2.2.1 (March 24, 2023) -- Contact: serpent@vtt.fi

 - Reference: J. Leppanen, et al. "The Serpent Monte Carlo code: Status,
              development and applications in 2013." Ann. Nucl. Energy,
              82 (2015) 142-150.

 - Compiled Oct  8 2024 17:09:19

 - MPI Parallel calculation mode available

 - OpenMP Parallel calculation mode available

 - Geometry and mesh plotting available

 - Default data path not set

 - Full command used to run Serpent:

   sss2 -omp 1 2d.inp

Begin calculation on Mon Mar 10 17:34:32 2025 at node068

Reading input file "2d.inp"...

Checking duplicate input definitions...
OK.

Creating geometry...
OK.

Counting geometry zones...

The geometry consists of 5 levels:

Level 0 size: max 3 zones
Level 1 size: max 4 zones
Level 2 size: max 7 zones
Level 3 size: max 100 zones
Level 4 size: max 3 zones


 ***** Warning: Nest 5 is not used in geometry

Processing cells...
OK.

Linking materials to geometry...
OK.

Processing detector definitions...
OK.

Counting cells...
OK.

Processing data for group constant generation:

 - 70 energy groups in micro-group structure
 - 2 energy groups in macro-group structure
 - B1 fundamental mode calculation is not run
 - Group constants generated in 1 universes
 - Discontinuity factors are not calculated
 - Pin-power distributions are not calculated
 - Albedos are not calculated
 - Poison cross sections are not calculated

Plotting geometry:

   0% complete
  33% complete
  67% complete
 100% complete

Reading ACE directory files...
OK.

Reading neutron-induced fission yields...
OK.

Adding nuclides in material mF45...

Nuclide  92235.03c -- uranium 235 at 350K (U-235)
Nuclide  92238.03c -- uranium 238 at 350K (U-238)
Nuclide  92234.03c -- uranium 234 at 350K (U-234)
Nuclide  92236.03c -- uranium 236 at 350K (U-236)
Nuclide   8016.03c -- oxygen 16 at 350K (O-16)

Adding nuclides in material mClad...

Nuclide  40090.03c -- zirconium 90 at 350K (Zr-90)
Nuclide  40091.03c -- zirconium 91 at 350K (Zr-91)
Nuclide  40092.03c -- zirconium 92 at 350K (Zr-92)
Nuclide  40094.03c -- zirconium 94 at 350K (Zr-94)
Nuclide  40096.03c -- zirconium 96 at 350K (Zr-96)

Adding nuclides in material mSS...

Nuclide  26000.03c -- natural iron at 350K (Fe-nat)

Adding nuclides in material mWater...

Nuclide   1001.03c -- hydrogen at 350K (H-1)

Adding nuclides in material mCR...

Nuclide   6012.03c -- carbon 12 at 350K (C-12)

Running Doppler-broadening preprocessor:

Adjusting nuclide  92235.03c temperature from 300K to 350K...
Adjusting nuclide  92238.03c temperature from 300K to 350K...
Adjusting nuclide  92234.03c temperature from 300K to 350K...
Adjusting nuclide  92236.03c temperature from 300K to 350K...
Adjusting nuclide   8016.03c temperature from 300K to 350K...
Adjusting nuclide  40090.03c temperature from 300K to 350K...
Adjusting nuclide  40091.03c temperature from 300K to 350K...
Adjusting nuclide  40092.03c temperature from 300K to 350K...
Adjusting nuclide  40094.03c temperature from 300K to 350K...
Adjusting nuclide  40096.03c temperature from 300K to 350K...
Adjusting nuclide  26000.03c temperature from 300K to 350K...
Adjusting nuclide   1001.03c temperature from 300K to 350K...
Adjusting nuclide   6012.03c temperature from 300K to 350K...

Adding thermal scattering data...

Nuclide   lwe7.00t -- hydrogen at 294K (H-1)
Nuclide   lwe7.02t -- hydrogen at 350K (H-1)

Checking data and printing output...

***** Mon Mar 10 17:34:38 2025 (seed = 1741642472411, MPI task = 0)
Warning message from function CheckNuclideData:

Stable nuclide 40096.03c has 1 decay modes

OK.

Sharing input data to MPI tasks...
OK.

Generating unionize energy grids...

Adding points:

  1001.03c -- Points added in neutron grid: 252
  1001.03s -- Points added in neutron grid: 91
  6012.03c -- Points added in neutron grid: 810
  8016.03c -- Points added in neutron grid: 2237
 26000.03c -- Points added in neutron grid: 11114
 40090.03c -- Points added in neutron grid: 1615
 40091.03c -- Points added in neutron grid: 5691
 40092.03c -- Points added in neutron grid: 4783
 40094.03c -- Points added in neutron grid: 4134
 40096.03c -- Points added in neutron grid: 2296
 92234.03c -- Points added in neutron grid: 9380
 92235.03c -- Points added in neutron grid: 30599
 92236.03c -- Points added in neutron grid: 8808
 92238.03c -- Points added in neutron grid: 64642

Generating unionized energy grid:

 - Unionization performed without grid thinning
   between 1.00E-11 and 20.0 MeV.

 - Final neutron grid size: 146275 points.

 - 3.91 Mb of memory allocated for grid data

OK.

Processing cross sections and ENDF reaction laws...

Nuclide   1001.03c -- hydrogen at 350K (H-1)
Nuclide   1001.03s -- hydrogen at 350K (H-1)
Nuclide   6012.03c -- carbon 12 at 350K (C-12)
Nuclide   8016.03c -- oxygen 16 at 350K (O-16)
Nuclide  26000.03c -- natural iron at 350K (Fe-nat)
Nuclide  40090.03c -- zirconium 90 at 350K (Zr-90)
Nuclide  40091.03c -- zirconium 91 at 350K (Zr-91)
Nuclide  40092.03c -- zirconium 92 at 350K (Zr-92)
Nuclide  40094.03c -- zirconium 94 at 350K (Zr-94)
Nuclide  40096.03c -- zirconium 96 at 350K (Zr-96)
Nuclide  92234.03c -- uranium 234 at 350K (U-234)
Nuclide  92235.03c -- uranium 235 at 350K (U-235)
Nuclide  92236.03c -- uranium 236 at 350K (U-236)
Nuclide  92238.03c -- uranium 238 at 350K (U-238)

SUMMARY -- 14 nuclides included in calculation:

 - 14 transport nuclides
 - Neutron energy cut-offs at 1.00E-11 and 20.0 MeV
 - 416 transport reactions
 - 122 special reactions
 - 9 decay reactions
 - 101.12 Mb of memory allocated for data

Normalizing compositions and processing mixtures...
OK.

Allocating memory for macroscopic cross section data...
OK.

Allocating memory for particle structures...
OK.

Calculating maximum densities...
OK.

Performing density cut-off...
OK.

Sorting material-wise reaction lists:

   0% complete
  20% complete
  40% complete
  60% complete
  80% complete
 100% complete

Calculating macroscopic cross sections:

   0% complete
  20% complete
  40% complete
  60% complete
  80% complete
 100% complete

Waiting for results from other MPI tasks...
OK.

Calculating DT neutron majorant cross section:

   0% complete
  20% complete
  40% complete
  60% complete
  80% complete
 100% complete

Clearing results and statistics...
OK.

Sampling initial source...
OK.

Inactive cycle   1 /  20: k-eff = 1.00000
Inactive cycle   2 /  20: k-eff = 1.40400
Inactive cycle   3 /  20: k-eff = 1.37592
Inactive cycle   4 /  20: k-eff = 1.37592
Inactive cycle   5 /  20: k-eff = 1.41445
Inactive cycle   6 /  20: k-eff = 1.29563
Inactive cycle   7 /  20: k-eff = 1.37855
Inactive cycle   8 /  20: k-eff = 1.40612
Inactive cycle   9 /  20: k-eff = 1.40894
Inactive cycle  10 /  20: k-eff = 1.38921
Inactive cycle  11 /  20: k-eff = 1.52258
Inactive cycle  12 /  20: k-eff = 1.41295
Inactive cycle  13 /  20: k-eff = 1.32817
Inactive cycle  14 /  20: k-eff = 1.43708
Inactive cycle  15 /  20: k-eff = 1.47157
Inactive cycle  16 /  20: k-eff = 1.28910
Inactive cycle  17 /  20: k-eff = 1.36644
Inactive cycle  18 /  20: k-eff = 1.38011
Inactive cycle  19 /  20: k-eff = 1.37735
Inactive cycle  20 /  20: k-eff = 1.39939

----- Begin active cycles -----

------------------------------------------------------------

Serpent 2.2.1 -- Static criticality source simulation

Title: "BWRX-300 Core Model (2D)" 

Active cycle    1 / 100  Source neutrons :   495

Running time :                  0:00:07
Estimated running time :        -:--:--
Estimated running time left :   -:--:--

Estimated relative CPU usage :   100.7%

k-eff (analog)    = 1.38539 +/- 0.00000  [1.38539  1.38539]
k-eff (implicit)  = 1.40081 +/- 0.00000  [1.40081  1.40081]

(O4) (MPI=2) (OMP=1) 
------------------------------------------------------------
------------------------------------------------------------

Serpent 2.2.1 -- Static criticality source simulation

Title: "BWRX-300 Core Model (2D)" 

Active cycle    2 / 100  Source neutrons :   497

Running time :                  0:00:08
Estimated running time :        -:--:--
Estimated running time left :   -:--:--

Estimated relative CPU usage :    97.6%

k-eff (analog)    = 1.38124 +/- 0.00416  [1.37309  1.38938]
k-eff (implicit)  = 1.43313 +/- 0.03232  [1.36979  1.49647]

(O4) (MPI=2) (OMP=1) 
------------------------------------------------------------
------------------------------------------------------------

Serpent 2.2.1 -- Static criticality source simulation

Title: "BWRX-300 Core Model (2D)" 

Active cycle    3 / 100  Source neutrons :   549

Running time :                  0:00:08
Estimated running time :        -:--:--
Estimated running time left :   -:--:--

Estimated relative CPU usage :    88.4%

k-eff (analog)    = 1.42483 +/- 0.04367  [1.33925  1.51042]
k-eff (implicit)  = 1.43649 +/- 0.01896  [1.39933  1.47364]

(O4) (MPI=2) (OMP=1) 
------------------------------------------------------------
------------------------------------------------------------

Serpent 2.2.1 -- Static criticality source simulation

Title: "BWRX-300 Core Model (2D)" 

Active cycle    4 / 100  Source neutrons :   474

Running time :                  0:00:08
Estimated running time :        -:--:--
Estimated running time left :   -:--:--

Estimated relative CPU usage :    92.8%

k-eff (analog)    = 1.42698 +/- 0.03095  [1.36632  1.48764]
k-eff (implicit)  = 1.43106 +/- 0.01446  [1.40272  1.45941]

(O4) (MPI=2) (OMP=1) 
------------------------------------------------------------
------------------------------------------------------------

Serpent 2.2.1 -- Static criticality source simulation

Title: "BWRX-300 Core Model (2D)" 

Active cycle    5 / 100  Source neutrons :   503

Running time :                  0:00:08
Estimated running time :        -:--:--
Estimated running time left :   -:--:--

Estimated relative CPU usage :    97.2%

k-eff (analog)    = 1.42998 +/- 0.02416  [1.38263  1.47734]
k-eff (implicit)  = 1.42600 +/- 0.01229  [1.40191  1.45009]

(O4) (MPI=2) (OMP=1) 
------------------------------------------------------------
------------------------------------------------------------

Serpent 2.2.1 -- Static criticality source simulation

Title: "BWRX-300 Core Model (2D)" 

Active cycle    6 / 100  Source neutrons :   493

Running time :                  0:00:08
Estimated running time :        -:--:--
Estimated running time left :   -:--:--

Estimated relative CPU usage :   100.5%

k-eff (analog)    = 1.42862 +/- 0.01977  [1.38986  1.46738]
k-eff (implicit)  = 1.42546 +/- 0.01005  [1.40576  1.44515]

(O4) (MPI=2) (OMP=1) 
------------------------------------------------------------
------------------------------------------------------------

Serpent 2.2.1 -- Static criticality source simulation

Title: "BWRX-300 Core Model (2D)" 

Active cycle    7 / 100  Source neutrons :   505

Running time :                  0:00:08
Estimated running time :        -:--:--
Estimated running time left :   -:--:--

Estimated relative CPU usage :    98.6%

k-eff (analog)    = 1.42968 +/- 0.01675  [1.39686  1.46251]
k-eff (implicit)  = 1.41954 +/- 0.01035  [1.39924  1.43983]

(O4) (MPI=2) (OMP=1) 
------------------------------------------------------------
------------------------------------------------------------

Serpent 2.2.1 -- Static criticality source simulation

Title: "BWRX-300 Core Model (2D)" 

Active cycle    8 / 100  Source neutrons :   472

Running time :                  0:00:08
Estimated running time :        -:--:--
Estimated running time left :   -:--:--

Estimated relative CPU usage :    99.6%

k-eff (analog)    = 1.42042 +/- 0.01721  [1.38670  1.45415]
k-eff (implicit)  = 1.42175 +/- 0.00923  [1.40365  1.43985]

(O4) (MPI=2) (OMP=1) 
------------------------------------------------------------
------------------------------------------------------------

Serpent 2.2.1 -- Static criticality source simulation

Title: "BWRX-300 Core Model (2D)" 

Active cycle    9 / 100  Source neutrons :   552

Running time :                  0:00:08
Estimated running time :        -:--:--
Estimated running time left :   -:--:--

Estimated relative CPU usage :    97.7%

k-eff (analog)    = 1.42889 +/- 0.01738  [1.39483  1.46294]
k-eff (implicit)  = 1.42208 +/- 0.00815  [1.40610  1.43806]

(O4) (MPI=2) (OMP=1) 
------------------------------------------------------------
------------------------------------------------------------

Serpent 2.2.1 -- Static criticality source simulation

Title: "BWRX-300 Core Model (2D)" 

Active cycle   10 / 100  Source neutrons :   488

Running time :                  0:00:08
Estimated running time :        -:--:--
Estimated running time left :   -:--:--

Estimated relative CPU usage :    99.5%

k-eff (analog)    = 1.43207 +/- 0.01586  [1.40098  1.46316]
k-eff (implicit)  = 1.42258 +/- 0.00731  [1.40826  1.43690]

(O4) (MPI=2) (OMP=1) 
------------------------------------------------------------
------------------------------------------------------------

Serpent 2.2.1 -- Static criticality source simulation

Title: "BWRX-300 Core Model (2D)" 

Active cycle   11 / 100  Source neutrons :   493

Running time :                  0:00:08
Estimated running time :        -:--:--
Estimated running time left :   -:--:--

Estimated relative CPU usage :   100.2%

k-eff (analog)    = 1.43281 +/- 0.01437  [1.40465  1.46097]
k-eff (implicit)  = 1.42189 +/- 0.00665  [1.40887  1.43492]

(O4) (MPI=2) (OMP=1) 
------------------------------------------------------------
------------------------------------------------------------

Serpent 2.2.1 -- Static criticality source simulation

Title: "BWRX-300 Core Model (2D)" 

Active cycle   12 / 100  Source neutrons :   473

Running time :                  0:00:08
Estimated running time :        -:--:--
Estimated running time left :   -:--:--

Estimated relative CPU usage :    98.3%

k-eff (analog)    = 1.42695 +/- 0.01437  [1.39879  1.45511]
k-eff (implicit)  = 1.42115 +/- 0.00611  [1.40917  1.43313]

(O4) (MPI=2) (OMP=1) 
------------------------------------------------------------
------------------------------------------------------------

Serpent 2.2.1 -- Static criticality source simulation

Title: "BWRX-300 Core Model (2D)" 

Active cycle   13 / 100  Source neutrons :   505

Running time :                  0:00:08
Estimated running time :        -:--:--
Estimated running time left :   -:--:--

Estimated relative CPU usage :    98.0%

k-eff (analog)    = 1.42304 +/- 0.01378  [1.39602  1.45005]
k-eff (implicit)  = 1.41963 +/- 0.00582  [1.40821  1.43104]

(O4) (MPI=2) (OMP=1) 
------------------------------------------------------------
------------------------------------------------------------

Serpent 2.2.1 -- Static criticality source simulation

Title: "BWRX-300 Core Model (2D)" 

Active cycle   14 / 100  Source neutrons :   542

Running time :                  0:00:08
Estimated running time :        -:--:--
Estimated running time left :   -:--:--

Estimated relative CPU usage :    99.8%

k-eff (analog)    = 1.42794 +/- 0.01367  [1.40115  1.45473]
k-eff (implicit)  = 1.41880 +/- 0.00545  [1.40811  1.42949]

(O4) (MPI=2) (OMP=1) 
------------------------------------------------------------
------------------------------------------------------------

Serpent 2.2.1 -- Static criticality source simulation

Title: "BWRX-300 Core Model (2D)" 

Active cycle   15 / 100  Source neutrons :   474

Running time :                  0:00:08
Estimated running time :        -:--:--
Estimated running time left :   -:--:--

Estimated relative CPU usage :    99.2%

k-eff (analog)    = 1.42702 +/- 0.01276  [1.40201  1.45202]
k-eff (implicit)  = 1.41898 +/- 0.00508  [1.40902  1.42893]

(O4) (MPI=2) (OMP=1) 
------------------------------------------------------------
------------------------------------------------------------

Serpent 2.2.1 -- Static criticality source simulation

Title: "BWRX-300 Core Model (2D)" 

Active cycle   16 / 100  Source neutrons :   529

Running time :                  0:00:08
Estimated running time :        -:--:--
Estimated running time left :   -:--:--

Estimated relative CPU usage :    97.8%

k-eff (analog)    = 1.43134 +/- 0.01269  [1.40646  1.45621]
k-eff (implicit)  = 1.41772 +/- 0.00492  [1.40809  1.42736]

(O4) (MPI=2) (OMP=1) 
------------------------------------------------------------
------------------------------------------------------------

Serpent 2.2.1 -- Static criticality source simulation

Title: "BWRX-300 Core Model (2D)" 

Active cycle   17 / 100  Source neutrons :   492

Running time :                  0:00:08
Estimated running time :        -:--:--
Estimated running time left :   -:--:--

Estimated relative CPU usage :   100.3%

k-eff (analog)    = 1.43374 +/- 0.01216  [1.40990  1.45758]
k-eff (implicit)  = 1.41965 +/- 0.00501  [1.40984  1.42946]

(O4) (MPI=2) (OMP=1) 
------------------------------------------------------------
------------------------------------------------------------

Serpent 2.2.1 -- Static criticality source simulation

Title: "BWRX-300 Core Model (2D)" 

Active cycle   18 / 100  Source neutrons :   518

Running time :                  0:00:08
Estimated running time :        -:--:--
Estimated running time left :   -:--:--

Estimated relative CPU usage :    92.5%

k-eff (analog)    = 1.43882 +/- 0.01254  [1.41424  1.46340]
k-eff (implicit)  = 1.41924 +/- 0.00474  [1.40995  1.42852]

(O4) (MPI=2) (OMP=1) 
------------------------------------------------------------
------------------------------------------------------------

Serpent 2.2.1 -- Static criticality source simulation

Title: "BWRX-300 Core Model (2D)" 

Active cycle   19 / 100  Source neutrons :   471

Running time :                  0:00:08
Estimated running time :        -:--:--
Estimated running time left :   -:--:--

Estimated relative CPU usage :    98.9%

k-eff (analog)    = 1.43871 +/- 0.01186  [1.41546  1.46196]
k-eff (implicit)  = 1.41832 +/- 0.00457  [1.40936  1.42729]

(O4) (MPI=2) (OMP=1) 
------------------------------------------------------------
------------------------------------------------------------

Serpent 2.2.1 -- Static criticality source simulation

Title: "BWRX-300 Core Model (2D)" 

Active cycle   20 / 100  Source neutrons :   488

Running time :                  0:00:08
Estimated running time :        -:--:--
Estimated running time left :   -:--:--

Estimated relative CPU usage :    99.6%

k-eff (analog)    = 1.43689 +/- 0.01140  [1.41454  1.45924]
k-eff (implicit)  = 1.41883 +/- 0.00437  [1.41027  1.42739]

(O4) (MPI=2) (OMP=1) 
------------------------------------------------------------
------------------------------------------------------------

Serpent 2.2.1 -- Static criticality source simulation

Title: "BWRX-300 Core Model (2D)" 

Active cycle   21 / 100  Source neutrons :   551

Running time :                  0:00:09
Estimated running time :        -:--:--
Estimated running time left :   -:--:--

Estimated relative CPU usage :    99.5%

k-eff (analog)    = 1.44205 +/- 0.01201  [1.41851  1.46559]
k-eff (implicit)  = 1.41822 +/- 0.00420  [1.40998  1.42645]

(O4) (MPI=2) (OMP=1) 
------------------------------------------------------------
------------------------------------------------------------

Serpent 2.2.1 -- Static criticality source simulation

Title: "BWRX-300 Core Model (2D)" 

Active cycle   22 / 100  Source neutrons :   456

Running time :                  0:00:09
Estimated running time :        -:--:--
Estimated running time left :   -:--:--

Estimated relative CPU usage :   101.0%

k-eff (analog)    = 1.44056 +/- 0.01155  [1.41793  1.46320]
k-eff (implicit)  = 1.41819 +/- 0.00400  [1.41034  1.42604]

(O4) (MPI=2) (OMP=1) 
------------------------------------------------------------
------------------------------------------------------------

Serpent 2.2.1 -- Static criticality source simulation

Title: "BWRX-300 Core Model (2D)" 

Active cycle   23 / 100  Source neutrons :   458

Running time :                  0:00:09
Estimated running time :        -:--:--
Estimated running time left :   -:--:--

Estimated relative CPU usage :    98.2%

k-eff (analog)    = 1.43405 +/- 0.01281  [1.40895  1.45916]
k-eff (implicit)  = 1.41798 +/- 0.00383  [1.41047  1.42549]

(O4) (MPI=2) (OMP=1) 
------------------------------------------------------------
------------------------------------------------------------

Serpent 2.2.1 -- Static criticality source simulation

Title: "BWRX-300 Core Model (2D)" 

Active cycle   24 / 100  Source neutrons :   541

Running time :                  0:00:09
Estimated running time :        -:--:--
Estimated running time left :   -:--:--

Estimated relative CPU usage :    96.6%

k-eff (analog)    = 1.43250 +/- 0.01236  [1.40827  1.45673]
k-eff (implicit)  = 1.41920 +/- 0.00387  [1.41162  1.42678]

(O4) (MPI=2) (OMP=1) 
------------------------------------------------------------
------------------------------------------------------------

Serpent 2.2.1 -- Static criticality source simulation

Title: "BWRX-300 Core Model (2D)" 

Active cycle   25 / 100  Source neutrons :   501

Running time :                  0:00:09
Estimated running time :        -:--:--
Estimated running time left :   -:--:--

Estimated relative CPU usage :    97.7%

k-eff (analog)    = 1.43118 +/- 0.01193  [1.40780  1.45457]
k-eff (implicit)  = 1.41973 +/- 0.00375  [1.41238  1.42707]

(O4) (MPI=2) (OMP=1) 
------------------------------------------------------------
------------------------------------------------------------

Serpent 2.2.1 -- Static criticality source simulation

Title: "BWRX-300 Core Model (2D)" 

Active cycle   26 / 100  Source neutrons :   509

Running time :                  0:00:09
Estimated running time :        -:--:--
Estimated running time left :   -:--:--

Estimated relative CPU usage :    82.2%

k-eff (analog)    = 1.43094 +/- 0.01147  [1.40846  1.45341]
k-eff (implicit)  = 1.42140 +/- 0.00397  [1.41362  1.42918]

(O4) (MPI=2) (OMP=1) 
------------------------------------------------------------
------------------------------------------------------------

Serpent 2.2.1 -- Static criticality source simulation

Title: "BWRX-300 Core Model (2D)" 

Active cycle   27 / 100  Source neutrons :   538

Running time :                  0:00:09
Estimated running time :        -:--:--
Estimated running time left :   -:--:--

Estimated relative CPU usage :    98.9%

k-eff (analog)    = 1.43472 +/- 0.01166  [1.41186  1.45758]
k-eff (implicit)  = 1.42074 +/- 0.00388  [1.41315  1.42834]

(O4) (MPI=2) (OMP=1) 
------------------------------------------------------------
------------------------------------------------------------

Serpent 2.2.1 -- Static criticality source simulation

Title: "BWRX-300 Core Model (2D)" 

Active cycle   28 / 100  Source neutrons :   466

Running time :                  0:00:09
Estimated running time :        -:--:--
Estimated running time left :   -:--:--

Estimated relative CPU usage :    99.0%

k-eff (analog)    = 1.43451 +/- 0.01124  [1.41247  1.45654]
k-eff (implicit)  = 1.42106 +/- 0.00375  [1.41371  1.42841]

(O4) (MPI=2) (OMP=1) 
------------------------------------------------------------
------------------------------------------------------------

Serpent 2.2.1 -- Static criticality source simulation

Title: "BWRX-300 Core Model (2D)" 

Active cycle   29 / 100  Source neutrons :   518

Running time :                  0:00:09
Estimated running time :        -:--:--
Estimated running time left :   -:--:--

Estimated relative CPU usage :   100.1%

k-eff (analog)    = 1.43608 +/- 0.01096  [1.41460  1.45756]
k-eff (implicit)  = 1.42132 +/- 0.00363  [1.41421  1.42842]

(O4) (MPI=2) (OMP=1) 
------------------------------------------------------------
------------------------------------------------------------

Serpent 2.2.1 -- Static criticality source simulation

Title: "BWRX-300 Core Model (2D)" 

Active cycle   30 / 100  Source neutrons :   492

Running time :                  0:00:09
Estimated running time :        -:--:--
Estimated running time left :   -:--:--

Estimated relative CPU usage :    97.9%

k-eff (analog)    = 1.43676 +/- 0.01061  [1.41597  1.45756]
k-eff (implicit)  = 1.42060 +/- 0.00357  [1.41360  1.42761]

(O4) (MPI=2) (OMP=1) 
------------------------------------------------------------
------------------------------------------------------------

Serpent 2.2.1 -- Static criticality source simulation

Title: "BWRX-300 Core Model (2D)" 

Active cycle   31 / 100  Source neutrons :   450

Running time :                  0:00:09
Estimated running time :        -:--:--
Estimated running time left :   -:--:--

Estimated relative CPU usage :   100.2%

k-eff (analog)    = 1.43270 +/- 0.01104  [1.41107  1.45433]
k-eff (implicit)  = 1.42035 +/- 0.00347  [1.41356  1.42715]

(O4) (MPI=2) (OMP=1) 
------------------------------------------------------------
------------------------------------------------------------

Serpent 2.2.1 -- Static criticality source simulation

Title: "BWRX-300 Core Model (2D)" 

Active cycle   32 / 100  Source neutrons :   526

Running time :                  0:00:09
Estimated running time :        -:--:--
Estimated running time left :   -:--:--

Estimated relative CPU usage :    99.5%

k-eff (analog)    = 1.43103 +/- 0.01082  [1.40983  1.45223]
k-eff (implicit)  = 1.42108 +/- 0.00343  [1.41435  1.42781]

(O4) (MPI=2) (OMP=1) 
------------------------------------------------------------
------------------------------------------------------------

Serpent 2.2.1 -- Static criticality source simulation

Title: "BWRX-300 Core Model (2D)" 

Active cycle   33 / 100  Source neutrons :   518

Running time :                  0:00:09
Estimated running time :        -:--:--
Estimated running time left :   -:--:--

Estimated relative CPU usage :    98.9%

k-eff (analog)    = 1.43096 +/- 0.01048  [1.41041  1.45150]
k-eff (implicit)  = 1.42074 +/- 0.00335  [1.41419  1.42730]

(O4) (MPI=2) (OMP=1) 
------------------------------------------------------------
------------------------------------------------------------

Serpent 2.2.1 -- Static criticality source simulation

Title: "BWRX-300 Core Model (2D)" 

Active cycle   34 / 100  Source neutrons :   474

Running time :                  0:00:09
Estimated running time :        -:--:--
Estimated running time left :   -:--:--

Estimated relative CPU usage :    98.3%

k-eff (analog)    = 1.42870 +/- 0.01042  [1.40829  1.44912]
k-eff (implicit)  = 1.42115 +/- 0.00327  [1.41474  1.42756]

(O4) (MPI=2) (OMP=1) 
------------------------------------------------------------
------------------------------------------------------------

Serpent 2.2.1 -- Static criticality source simulation

Title: "BWRX-300 Core Model (2D)" 

Active cycle   35 / 100  Source neutrons :   578

Running time :                  0:00:09
Estimated running time :        -:--:--
Estimated running time left :   -:--:--

Estimated relative CPU usage :    99.3%

k-eff (analog)    = 1.43262 +/- 0.01085  [1.41136  1.45388]
k-eff (implicit)  = 1.42109 +/- 0.00318  [1.41486  1.42732]

(O4) (MPI=2) (OMP=1) 
------------------------------------------------------------
------------------------------------------------------------

Serpent 2.2.1 -- Static criticality source simulation

Title: "BWRX-300 Core Model (2D)" 

Active cycle   36 / 100  Source neutrons :   444

Running time :                  0:00:09
Estimated running time :        -:--:--
Estimated running time left :   -:--:--

Estimated relative CPU usage :    99.5%

k-eff (analog)    = 1.43144 +/- 0.01061  [1.41066  1.45223]
k-eff (implicit)  = 1.42062 +/- 0.00312  [1.41450  1.42674]

(O4) (MPI=2) (OMP=1) 
------------------------------------------------------------
------------------------------------------------------------

Serpent 2.2.1 -- Static criticality source simulation

Title: "BWRX-300 Core Model (2D)" 

Active cycle   37 / 100  Source neutrons :   499

Running time :                  0:00:09
Estimated running time :        -:--:--
Estimated running time left :   -:--:--

Estimated relative CPU usage :    98.7%

k-eff (analog)    = 1.43026 +/- 0.01038  [1.40991  1.45061]
k-eff (implicit)  = 1.42045 +/- 0.00304  [1.41449  1.42641]

(O4) (MPI=2) (OMP=1) 
------------------------------------------------------------
------------------------------------------------------------

Serpent 2.2.1 -- Static criticality source simulation

Title: "BWRX-300 Core Model (2D)" 

Active cycle   38 / 100  Source neutrons :   560

Running time :                  0:00:09
Estimated running time :        0:00:13
Estimated running time left :   0:00:03

Estimated relative CPU usage :    93.0%

k-eff (analog)    = 1.43352 +/- 0.01062  [1.41270  1.45433]
k-eff (implicit)  = 1.42024 +/- 0.00297  [1.41442  1.42606]

(O4) (MPI=2) (OMP=1) 
------------------------------------------------------------
------------------------------------------------------------

Serpent 2.2.1 -- Static criticality source simulation

Title: "BWRX-300 Core Model (2D)" 

Active cycle   39 / 100  Source neutrons :   442

Running time :                  0:00:09
Estimated running time :        0:00:13
Estimated running time left :   0:00:03

Estimated relative CPU usage :   100.9%

k-eff (analog)    = 1.43198 +/- 0.01046  [1.41149  1.45248]
k-eff (implicit)  = 1.41804 +/- 0.00364  [1.41091  1.42516]

(O4) (MPI=2) (OMP=1) 
------------------------------------------------------------
------------------------------------------------------------

Serpent 2.2.1 -- Static criticality source simulation

Title: "BWRX-300 Core Model (2D)" 

Active cycle   40 / 100  Source neutrons :   480

Running time :                  0:00:10
Estimated running time :        0:00:13
Estimated running time left :   0:00:03

Estimated relative CPU usage :    99.0%

k-eff (analog)    = 1.42916 +/- 0.01058  [1.40843  1.44988]
k-eff (implicit)  = 1.41823 +/- 0.00355  [1.41128  1.42519]

(O4) (MPI=2) (OMP=1) 
------------------------------------------------------------
------------------------------------------------------------

Serpent 2.2.1 -- Static criticality source simulation

Title: "BWRX-300 Core Model (2D)" 

Active cycle   41 / 100  Source neutrons :   551

Running time :                  0:00:10
Estimated running time :        0:00:13
Estimated running time left :   0:00:03

Estimated relative CPU usage :    99.9%

k-eff (analog)    = 1.42975 +/- 0.01033  [1.40950  1.45000]
k-eff (implicit)  = 1.41736 +/- 0.00357  [1.41037  1.42435]

(O4) (MPI=2) (OMP=1) 
------------------------------------------------------------
------------------------------------------------------------

Serpent 2.2.1 -- Static criticality source simulation

Title: "BWRX-300 Core Model (2D)" 

Active cycle   42 / 100  Source neutrons :   471

Running time :                  0:00:10
Estimated running time :        0:00:13
Estimated running time left :   0:00:03

Estimated relative CPU usage :    98.9%

k-eff (analog)    = 1.42830 +/- 0.01019  [1.40834  1.44827]
k-eff (implicit)  = 1.41682 +/- 0.00352  [1.40991  1.42373]

(O4) (MPI=2) (OMP=1) 
------------------------------------------------------------
------------------------------------------------------------

Serpent 2.2.1 -- Static criticality source simulation

Title: "BWRX-300 Core Model (2D)" 

Active cycle   43 / 100  Source neutrons :   511

Running time :                  0:00:10
Estimated running time :        0:00:13
Estimated running time left :   0:00:02

Estimated relative CPU usage :    99.0%

k-eff (analog)    = 1.42762 +/- 0.00997  [1.40809  1.44716]
k-eff (implicit)  = 1.41726 +/- 0.00347  [1.41046  1.42406]

(O4) (MPI=2) (OMP=1) 
------------------------------------------------------------
------------------------------------------------------------

Serpent 2.2.1 -- Static criticality source simulation

Title: "BWRX-300 Core Model (2D)" 

Active cycle   44 / 100  Source neutrons :   497

Running time :                  0:00:10
Estimated running time :        0:00:13
Estimated running time left :   0:00:02

Estimated relative CPU usage :   100.2%

k-eff (analog)    = 1.42679 +/- 0.00978  [1.40763  1.44595]
k-eff (implicit)  = 1.41652 +/- 0.00347  [1.40972  1.42332]

(O4) (MPI=2) (OMP=1) 
------------------------------------------------------------
------------------------------------------------------------

Serpent 2.2.1 -- Static criticality source simulation

Title: "BWRX-300 Core Model (2D)" 

Active cycle   45 / 100  Source neutrons :   470

Running time :                  0:00:10
Estimated running time :        0:00:13
Estimated running time left :   0:00:02

Estimated relative CPU usage :    99.8%

k-eff (analog)    = 1.42413 +/- 0.00992  [1.40469  1.44357]
k-eff (implicit)  = 1.41625 +/- 0.00340  [1.40958  1.42292]

(O4) (MPI=2) (OMP=1) 
------------------------------------------------------------
------------------------------------------------------------

Serpent 2.2.1 -- Static criticality source simulation

Title: "BWRX-300 Core Model (2D)" 

Active cycle   46 / 100  Source neutrons :   538

Running time :                  0:00:10
Estimated running time :        0:00:13
Estimated running time left :   0:00:02

Estimated relative CPU usage :    99.2%

k-eff (analog)    = 1.42375 +/- 0.00971  [1.40473  1.44278]
k-eff (implicit)  = 1.41636 +/- 0.00333  [1.40983  1.42288]

(O4) (MPI=2) (OMP=1) 
------------------------------------------------------------
------------------------------------------------------------

Serpent 2.2.1 -- Static criticality source simulation

Title: "BWRX-300 Core Model (2D)" 

Active cycle   47 / 100  Source neutrons :   503

Running time :                  0:00:10
Estimated running time :        0:00:13
Estimated running time left :   0:00:02

Estimated relative CPU usage :    99.6%

k-eff (analog)    = 1.42357 +/- 0.00950  [1.40495  1.44219]
k-eff (implicit)  = 1.41592 +/- 0.00329  [1.40947  1.42236]

(O4) (MPI=2) (OMP=1) 
------------------------------------------------------------
------------------------------------------------------------

Serpent 2.2.1 -- Static criticality source simulation

Title: "BWRX-300 Core Model (2D)" 

Active cycle   48 / 100  Source neutrons :   490

Running time :                  0:00:10
Estimated running time :        0:00:13
Estimated running time left :   0:00:02

Estimated relative CPU usage :    97.7%

k-eff (analog)    = 1.42281 +/- 0.00933  [1.40452  1.44110]
k-eff (implicit)  = 1.41617 +/- 0.00323  [1.40984  1.42250]

(O4) (MPI=2) (OMP=1) 
------------------------------------------------------------
------------------------------------------------------------

Serpent 2.2.1 -- Static criticality source simulation

Title: "BWRX-300 Core Model (2D)" 

Active cycle   49 / 100  Source neutrons :   485

Running time :                  0:00:10
Estimated running time :        0:00:13
Estimated running time left :   0:00:02

Estimated relative CPU usage :    92.6%

k-eff (analog)    = 1.42122 +/- 0.00928  [1.40304  1.43940]
k-eff (implicit)  = 1.41627 +/- 0.00316  [1.41007  1.42247]

(O4) (MPI=2) (OMP=1) 
------------------------------------------------------------
------------------------------------------------------------

Serpent 2.2.1 -- Static criticality source simulation

Title: "BWRX-300 Core Model (2D)" 

Active cycle   50 / 100  Source neutrons :   502

Running time :                  0:00:10
Estimated running time :        0:00:13
Estimated running time left :   0:00:02

Estimated relative CPU usage :    89.8%

k-eff (analog)    = 1.41981 +/- 0.00920  [1.40178  1.43784]
k-eff (implicit)  = 1.41605 +/- 0.00311  [1.40995  1.42214]

(O4) (MPI=2) (OMP=1) 
------------------------------------------------------------
------------------------------------------------------------

Serpent 2.2.1 -- Static criticality source simulation

Title: "BWRX-300 Core Model (2D)" 

Active cycle   51 / 100  Source neutrons :   504

Running time :                  0:00:10
Estimated running time :        0:00:13
Estimated running time left :   0:00:02

Estimated relative CPU usage :    35.6%

k-eff (analog)    = 1.41867 +/- 0.00909  [1.40085  1.43648]
k-eff (implicit)  = 1.41561 +/- 0.00308  [1.40958  1.42164]

(O4) (MPI=2) (OMP=1) 
------------------------------------------------------------
------------------------------------------------------------

Serpent 2.2.1 -- Static criticality source simulation

Title: "BWRX-300 Core Model (2D)" 

Active cycle   52 / 100  Source neutrons :   520

Running time :                  0:00:10
Estimated running time :        0:00:13
Estimated running time left :   0:00:02

Estimated relative CPU usage :    99.7%

k-eff (analog)    = 1.41861 +/- 0.00891  [1.40115  1.43608]
k-eff (implicit)  = 1.41572 +/- 0.00302  [1.40980  1.42163]

(O4) (MPI=2) (OMP=1) 
------------------------------------------------------------
------------------------------------------------------------

Serpent 2.2.1 -- Static criticality source simulation

Title: "BWRX-300 Core Model (2D)" 

Active cycle   53 / 100  Source neutrons :   483

Running time :                  0:00:10
Estimated running time :        0:00:13
Estimated running time left :   0:00:02

Estimated relative CPU usage :    99.2%

k-eff (analog)    = 1.41765 +/- 0.00879  [1.40042  1.43489]
k-eff (implicit)  = 1.41563 +/- 0.00296  [1.40982  1.42143]

(O4) (MPI=2) (OMP=1) 
------------------------------------------------------------
------------------------------------------------------------

Serpent 2.2.1 -- Static criticality source simulation

Title: "BWRX-300 Core Model (2D)" 

Active cycle   54 / 100  Source neutrons :   512

Running time :                  0:00:10
Estimated running time :        0:00:13
Estimated running time left :   0:00:02

Estimated relative CPU usage :    98.4%

k-eff (analog)    = 1.41734 +/- 0.00863  [1.40041  1.43426]
k-eff (implicit)  = 1.41462 +/- 0.00308  [1.40860  1.42065]

(O4) (MPI=2) (OMP=1) 
------------------------------------------------------------
------------------------------------------------------------

Serpent 2.2.1 -- Static criticality source simulation

Title: "BWRX-300 Core Model (2D)" 

Active cycle   55 / 100  Source neutrons :   492

Running time :                  0:00:10
Estimated running time :        0:00:13
Estimated running time left :   0:00:02

Estimated relative CPU usage :    98.7%

k-eff (analog)    = 1.41662 +/- 0.00851  [1.39995  1.43330]
k-eff (implicit)  = 1.41495 +/- 0.00304  [1.40900  1.42090]

(O4) (MPI=2) (OMP=1) 
------------------------------------------------------------
------------------------------------------------------------

Serpent 2.2.1 -- Static criticality source simulation

Title: "BWRX-300 Core Model (2D)" 

Active cycle   56 / 100  Source neutrons :   497

Running time :                  0:00:10
Estimated running time :        0:00:13
Estimated running time left :   0:00:02

Estimated relative CPU usage :    96.8%

k-eff (analog)    = 1.41579 +/- 0.00839  [1.39933  1.43224]
k-eff (implicit)  = 1.41489 +/- 0.00298  [1.40904  1.42074]

(O4) (MPI=2) (OMP=1) 
------------------------------------------------------------
------------------------------------------------------------

Serpent 2.2.1 -- Static criticality source simulation

Title: "BWRX-300 Core Model (2D)" 

Active cycle   57 / 100  Source neutrons :   475

Running time :                  0:00:11
Estimated running time :        0:00:13
Estimated running time left :   0:00:02

Estimated relative CPU usage :   101.0%

k-eff (analog)    = 1.41378 +/- 0.00849  [1.39715  1.43042]
k-eff (implicit)  = 1.41462 +/- 0.00294  [1.40885  1.42038]

(O4) (MPI=2) (OMP=1) 
------------------------------------------------------------
------------------------------------------------------------

Serpent 2.2.1 -- Static criticality source simulation

Title: "BWRX-300 Core Model (2D)" 

Active cycle   58 / 100  Source neutrons :   537

Running time :                  0:00:11
Estimated running time :        0:00:13
Estimated running time left :   0:00:02

Estimated relative CPU usage :    99.4%

k-eff (analog)    = 1.41350 +/- 0.00834  [1.39715  1.42986]
k-eff (implicit)  = 1.41381 +/- 0.00300  [1.40793  1.41969]

(O4) (MPI=2) (OMP=1) 
------------------------------------------------------------
------------------------------------------------------------

Serpent 2.2.1 -- Static criticality source simulation

Title: "BWRX-300 Core Model (2D)" 

Active cycle   59 / 100  Source neutrons :   460

Running time :                  0:00:11
Estimated running time :        0:00:13
Estimated running time left :   0:00:02

Estimated relative CPU usage :    99.3%

k-eff (analog)    = 1.41134 +/- 0.00848  [1.39472  1.42797]
k-eff (implicit)  = 1.41329 +/- 0.00300  [1.40741  1.41916]

(O4) (MPI=2) (OMP=1) 
------------------------------------------------------------
------------------------------------------------------------

Serpent 2.2.1 -- Static criticality source simulation

Title: "BWRX-300 Core Model (2D)" 

Active cycle   60 / 100  Source neutrons :   575

Running time :                  0:00:11
Estimated running time :        0:00:13
Estimated running time left :   0:00:02

Estimated relative CPU usage :    99.0%

k-eff (analog)    = 1.41246 +/- 0.00841  [1.39597  1.42896]
k-eff (implicit)  = 1.41331 +/- 0.00295  [1.40754  1.41908]

(O4) (MPI=2) (OMP=1) 
------------------------------------------------------------
------------------------------------------------------------

Serpent 2.2.1 -- Static criticality source simulation

Title: "BWRX-300 Core Model (2D)" 

Active cycle   61 / 100  Source neutrons :   464

Running time :                  0:00:11
Estimated running time :        0:00:13
Estimated running time left :   0:00:02

Estimated relative CPU usage :   100.1%

k-eff (analog)    = 1.41181 +/- 0.00830  [1.39553  1.42808]
k-eff (implicit)  = 1.41294 +/- 0.00292  [1.40721  1.41866]

(O4) (MPI=2) (OMP=1) 
------------------------------------------------------------
------------------------------------------------------------

Serpent 2.2.1 -- Static criticality source simulation

Title: "BWRX-300 Core Model (2D)" 

Active cycle   62 / 100  Source neutrons :   490

Running time :                  0:00:11
Estimated running time :        0:00:13
Estimated running time left :   0:00:02

Estimated relative CPU usage :    97.5%

k-eff (analog)    = 1.41073 +/- 0.00824  [1.39458  1.42687]
k-eff (implicit)  = 1.41274 +/- 0.00288  [1.40709  1.41838]

(O4) (MPI=2) (OMP=1) 
------------------------------------------------------------
------------------------------------------------------------

Serpent 2.2.1 -- Static criticality source simulation

Title: "BWRX-300 Core Model (2D)" 

Active cycle   63 / 100  Source neutrons :   485

Running time :                  0:00:11
Estimated running time :        0:00:13
Estimated running time left :   0:00:02

Estimated relative CPU usage :    92.5%

k-eff (analog)    = 1.40904 +/- 0.00828  [1.39281  1.42527]
k-eff (implicit)  = 1.41301 +/- 0.00285  [1.40743  1.41859]

(O4) (MPI=2) (OMP=1) 
------------------------------------------------------------
------------------------------------------------------------

Serpent 2.2.1 -- Static criticality source simulation

Title: "BWRX-300 Core Model (2D)" 

Active cycle   64 / 100  Source neutrons :   524

Running time :                  0:00:11
Estimated running time :        0:00:13
Estimated running time left :   0:00:01

Estimated relative CPU usage :    99.4%

k-eff (analog)    = 1.40838 +/- 0.00818  [1.39236  1.42441]
k-eff (implicit)  = 1.41304 +/- 0.00280  [1.40754  1.41853]

(O4) (MPI=2) (OMP=1) 
------------------------------------------------------------
------------------------------------------------------------

Serpent 2.2.1 -- Static criticality source simulation

Title: "BWRX-300 Core Model (2D)" 

Active cycle   65 / 100  Source neutrons :   503

Running time :                  0:00:11
Estimated running time :        0:00:13
Estimated running time left :   0:00:01

Estimated relative CPU usage :    97.7%

k-eff (analog)    = 1.40788 +/- 0.00806  [1.39207  1.42368]
k-eff (implicit)  = 1.41308 +/- 0.00276  [1.40767  1.41849]

(O4) (MPI=2) (OMP=1) 
------------------------------------------------------------
------------------------------------------------------------

Serpent 2.2.1 -- Static criticality source simulation

Title: "BWRX-300 Core Model (2D)" 

Active cycle   66 / 100  Source neutrons :   529

Running time :                  0:00:11
Estimated running time :        0:00:13
Estimated running time left :   0:00:01

Estimated relative CPU usage :    99.3%

k-eff (analog)    = 1.40859 +/- 0.00797  [1.39296  1.42422]
k-eff (implicit)  = 1.41287 +/- 0.00272  [1.40753  1.41821]

(O4) (MPI=2) (OMP=1) 
------------------------------------------------------------
------------------------------------------------------------

Serpent 2.2.1 -- Static criticality source simulation

Title: "BWRX-300 Core Model (2D)" 

Active cycle   67 / 100  Source neutrons :   475

Running time :                  0:00:11
Estimated running time :        0:00:13
Estimated running time left :   0:00:01

Estimated relative CPU usage :    90.0%

k-eff (analog)    = 1.40820 +/- 0.00786  [1.39279  1.42361]
k-eff (implicit)  = 1.41316 +/- 0.00270  [1.40787  1.41845]

(O4) (MPI=2) (OMP=1) 
------------------------------------------------------------
------------------------------------------------------------

Serpent 2.2.1 -- Static criticality source simulation

Title: "BWRX-300 Core Model (2D)" 

Active cycle   68 / 100  Source neutrons :   518

Running time :                  0:00:11
Estimated running time :        0:00:13
Estimated running time left :   0:00:01

Estimated relative CPU usage :    99.6%

k-eff (analog)    = 1.40855 +/- 0.00775  [1.39335  1.42375]
k-eff (implicit)  = 1.41318 +/- 0.00266  [1.40796  1.41839]

(O4) (MPI=2) (OMP=1) 
------------------------------------------------------------
------------------------------------------------------------

Serpent 2.2.1 -- Static criticality source simulation

Title: "BWRX-300 Core Model (2D)" 

Active cycle   69 / 100  Source neutrons :   548

Running time :                  0:00:11
Estimated running time :        0:00:13
Estimated running time left :   0:00:01

Estimated relative CPU usage :    97.6%

k-eff (analog)    = 1.41088 +/- 0.00799  [1.39522  1.42654]
k-eff (implicit)  = 1.41371 +/- 0.00267  [1.40847  1.41895]

(O4) (MPI=2) (OMP=1) 
------------------------------------------------------------
------------------------------------------------------------

Serpent 2.2.1 -- Static criticality source simulation

Title: "BWRX-300 Core Model (2D)" 

Active cycle   70 / 100  Source neutrons :   448

Running time :                  0:00:11
Estimated running time :        0:00:13
Estimated running time left :   0:00:01

Estimated relative CPU usage :    85.4%

k-eff (analog)    = 1.41082 +/- 0.00788  [1.39538  1.42626]
k-eff (implicit)  = 1.41412 +/- 0.00267  [1.40890  1.41935]

(O4) (MPI=2) (OMP=1) 
------------------------------------------------------------
------------------------------------------------------------

Serpent 2.2.1 -- Static criticality source simulation

Title: "BWRX-300 Core Model (2D)" 

Active cycle   71 / 100  Source neutrons :   537

Running time :                  0:00:11
Estimated running time :        0:00:13
Estimated running time left :   0:00:01

Estimated relative CPU usage :    99.1%

k-eff (analog)    = 1.41222 +/- 0.00789  [1.39676  1.42769]
k-eff (implicit)  = 1.41435 +/- 0.00264  [1.40918  1.41953]

(O4) (MPI=2) (OMP=1) 
------------------------------------------------------------
------------------------------------------------------------

Serpent 2.2.1 -- Static criticality source simulation

Title: "BWRX-300 Core Model (2D)" 

Active cycle   72 / 100  Source neutrons :   479

Running time :                  0:00:11
Estimated running time :        0:00:13
Estimated running time left :   0:00:01

Estimated relative CPU usage :    98.4%

k-eff (analog)    = 1.41270 +/- 0.00779  [1.39743  1.42798]
k-eff (implicit)  = 1.41440 +/- 0.00260  [1.40930  1.41950]

(O4) (MPI=2) (OMP=1) 
------------------------------------------------------------
------------------------------------------------------------

Serpent 2.2.1 -- Static criticality source simulation

Title: "BWRX-300 Core Model (2D)" 

Active cycle   73 / 100  Source neutrons :   484

Running time :                  0:00:11
Estimated running time :        0:00:13
Estimated running time left :   0:00:01

Estimated relative CPU usage :    99.8%

k-eff (analog)    = 1.41254 +/- 0.00769  [1.39747  1.42761]
k-eff (implicit)  = 1.41415 +/- 0.00258  [1.40910  1.41921]

(O4) (MPI=2) (OMP=1) 
------------------------------------------------------------
------------------------------------------------------------

Serpent 2.2.1 -- Static criticality source simulation

Title: "BWRX-300 Core Model (2D)" 

Active cycle   74 / 100  Source neutrons :   490

Running time :                  0:00:11
Estimated running time :        0:00:13
Estimated running time left :   0:00:01

Estimated relative CPU usage :    98.4%

k-eff (analog)    = 1.41200 +/- 0.00760  [1.39710  1.42690]
k-eff (implicit)  = 1.41445 +/- 0.00256  [1.40943  1.41947]

(O4) (MPI=2) (OMP=1) 
------------------------------------------------------------
------------------------------------------------------------

Serpent 2.2.1 -- Static criticality source simulation

Title: "BWRX-300 Core Model (2D)" 

Active cycle   75 / 100  Source neutrons :   546

Running time :                  0:00:11
Estimated running time :        0:00:13
Estimated running time left :   0:00:01

Estimated relative CPU usage :    99.5%

k-eff (analog)    = 1.41316 +/- 0.00759  [1.39828  1.42804]
k-eff (implicit)  = 1.41474 +/- 0.00254  [1.40976  1.41973]

(O4) (MPI=2) (OMP=1) 
------------------------------------------------------------
------------------------------------------------------------

Serpent 2.2.1 -- Static criticality source simulation

Title: "BWRX-300 Core Model (2D)" 

Active cycle   76 / 100  Source neutrons :   485

Running time :                  0:00:12
Estimated running time :        0:00:13
Estimated running time left :   0:00:01

Estimated relative CPU usage :    99.0%

k-eff (analog)    = 1.41370 +/- 0.00751  [1.39898  1.42841]
k-eff (implicit)  = 1.41508 +/- 0.00253  [1.41011  1.42004]

(O4) (MPI=2) (OMP=1) 
------------------------------------------------------------
------------------------------------------------------------

Serpent 2.2.1 -- Static criticality source simulation

Title: "BWRX-300 Core Model (2D)" 

Active cycle   77 / 100  Source neutrons :   510

Running time :                  0:00:12
Estimated running time :        0:00:13
Estimated running time left :   0:00:01

Estimated relative CPU usage :    98.2%

k-eff (analog)    = 1.41460 +/- 0.00746  [1.39997  1.42923]
k-eff (implicit)  = 1.41524 +/- 0.00250  [1.41033  1.42015]

(O4) (MPI=2) (OMP=1) 
------------------------------------------------------------
------------------------------------------------------------

Serpent 2.2.1 -- Static criticality source simulation

Title: "BWRX-300 Core Model (2D)" 

Active cycle   78 / 100  Source neutrons :   461

Running time :                  0:00:12
Estimated running time :        0:00:13
Estimated running time left :   0:00:01

Estimated relative CPU usage :   100.2%

k-eff (analog)    = 1.41399 +/- 0.00739  [1.39950  1.42848]
k-eff (implicit)  = 1.41524 +/- 0.00247  [1.41040  1.42009]

(O4) (MPI=2) (OMP=1) 
------------------------------------------------------------
------------------------------------------------------------

Serpent 2.2.1 -- Static criticality source simulation

Title: "BWRX-300 Core Model (2D)" 

Active cycle   79 / 100  Source neutrons :   545

Running time :                  0:00:12
Estimated running time :        0:00:13
Estimated running time left :   0:00:01

Estimated relative CPU usage :    99.1%

k-eff (analog)    = 1.41496 +/- 0.00736  [1.40053  1.42939]
k-eff (implicit)  = 1.41558 +/- 0.00246  [1.41075  1.42041]

(O4) (MPI=2) (OMP=1) 
------------------------------------------------------------
------------------------------------------------------------

Serpent 2.2.1 -- Static criticality source simulation

Title: "BWRX-300 Core Model (2D)" 

Active cycle   80 / 100  Source neutrons :   486

Running time :                  0:00:12
Estimated running time :        0:00:13
Estimated running time left :   0:00:01

Estimated relative CPU usage :    98.8%

k-eff (analog)    = 1.41538 +/- 0.00728  [1.40111  1.42966]
k-eff (implicit)  = 1.41587 +/- 0.00245  [1.41107  1.42068]

(O4) (MPI=2) (OMP=1) 
------------------------------------------------------------
------------------------------------------------------------

Serpent 2.2.1 -- Static criticality source simulation

Title: "BWRX-300 Core Model (2D)" 

Active cycle   81 / 100  Source neutrons :   498

Running time :                  0:00:12
Estimated running time :        0:00:13
Estimated running time left :   0:00:01

Estimated relative CPU usage :    97.3%

k-eff (analog)    = 1.41572 +/- 0.00720  [1.40161  1.42983]
k-eff (implicit)  = 1.41567 +/- 0.00243  [1.41091  1.42043]

(O4) (MPI=2) (OMP=1) 
------------------------------------------------------------
------------------------------------------------------------

Serpent 2.2.1 -- Static criticality source simulation

Title: "BWRX-300 Core Model (2D)" 

Active cycle   82 / 100  Source neutrons :   497

Running time :                  0:00:12
Estimated running time :        0:00:13
Estimated running time left :   0:00:00

Estimated relative CPU usage :   100.7%

k-eff (analog)    = 1.41595 +/- 0.00712  [1.40200  1.42989]
k-eff (implicit)  = 1.41535 +/- 0.00242  [1.41061  1.42009]

(O4) (MPI=2) (OMP=1) 
------------------------------------------------------------
------------------------------------------------------------

Serpent 2.2.1 -- Static criticality source simulation

Title: "BWRX-300 Core Model (2D)" 

Active cycle   83 / 100  Source neutrons :   500

Running time :                  0:00:12
Estimated running time :        0:00:13
Estimated running time left :   0:00:00

Estimated relative CPU usage :    97.3%

k-eff (analog)    = 1.41617 +/- 0.00703  [1.40238  1.42995]
k-eff (implicit)  = 1.41488 +/- 0.00244  [1.41010  1.41965]

(O4) (MPI=2) (OMP=1) 
------------------------------------------------------------
------------------------------------------------------------

Serpent 2.2.1 -- Static criticality source simulation

Title: "BWRX-300 Core Model (2D)" 

Active cycle   84 / 100  Source neutrons :   472

Running time :                  0:00:12
Estimated running time :        0:00:13
Estimated running time left :   0:00:00

Estimated relative CPU usage :    99.3%

k-eff (analog)    = 1.41543 +/- 0.00699  [1.40173  1.42912]
k-eff (implicit)  = 1.41500 +/- 0.00241  [1.41028  1.41973]

(O4) (MPI=2) (OMP=1) 
------------------------------------------------------------
------------------------------------------------------------

Serpent 2.2.1 -- Static criticality source simulation

Title: "BWRX-300 Core Model (2D)" 

Active cycle   85 / 100  Source neutrons :   533

Running time :                  0:00:12
Estimated running time :        0:00:13
Estimated running time left :   0:00:00

Estimated relative CPU usage :    99.5%

k-eff (analog)    = 1.41575 +/- 0.00691  [1.40221  1.42930]
k-eff (implicit)  = 1.41456 +/- 0.00242  [1.40982  1.41931]

(O4) (MPI=2) (OMP=1) 
------------------------------------------------------------
------------------------------------------------------------

Serpent 2.2.1 -- Static criticality source simulation

Title: "BWRX-300 Core Model (2D)" 

Active cycle   86 / 100  Source neutrons :   469

Running time :                  0:00:12
Estimated running time :        0:00:13
Estimated running time left :   0:00:00

Estimated relative CPU usage :    98.9%

k-eff (analog)    = 1.41503 +/- 0.00687  [1.40157  1.42850]
k-eff (implicit)  = 1.41472 +/- 0.00240  [1.41002  1.41942]

(O4) (MPI=2) (OMP=1) 
------------------------------------------------------------
------------------------------------------------------------

Serpent 2.2.1 -- Static criticality source simulation

Title: "BWRX-300 Core Model (2D)" 

Active cycle   87 / 100  Source neutrons :   545

Running time :                  0:00:12
Estimated running time :        0:00:13
Estimated running time left :   0:00:00

Estimated relative CPU usage :   100.8%

k-eff (analog)    = 1.41573 +/- 0.00683  [1.40235  1.42911]
k-eff (implicit)  = 1.41469 +/- 0.00237  [1.41004  1.41933]

(O4) (MPI=2) (OMP=1) 
------------------------------------------------------------
------------------------------------------------------------

Serpent 2.2.1 -- Static criticality source simulation

Title: "BWRX-300 Core Model (2D)" 

Active cycle   88 / 100  Source neutrons :   461

Running time :                  0:00:12
Estimated running time :        0:00:13
Estimated running time left :   0:00:00

Estimated relative CPU usage :    98.2%

k-eff (analog)    = 1.41510 +/- 0.00678  [1.40182  1.42839]
k-eff (implicit)  = 1.41436 +/- 0.00237  [1.40972  1.41900]

(O4) (MPI=2) (OMP=1) 
------------------------------------------------------------
------------------------------------------------------------

Serpent 2.2.1 -- Static criticality source simulation

Title: "BWRX-300 Core Model (2D)" 

Active cycle   89 / 100  Source neutrons :   526

Running time :                  0:00:12
Estimated running time :        0:00:13
Estimated running time left :   0:00:00

Estimated relative CPU usage :    98.7%

k-eff (analog)    = 1.41529 +/- 0.00670  [1.40215  1.42842]
k-eff (implicit)  = 1.41452 +/- 0.00235  [1.40992  1.41911]

(O4) (MPI=2) (OMP=1) 
------------------------------------------------------------
------------------------------------------------------------

Serpent 2.2.1 -- Static criticality source simulation

Title: "BWRX-300 Core Model (2D)" 

Active cycle   90 / 100  Source neutrons :   491

Running time :                  0:00:12
Estimated running time :        0:00:13
Estimated running time left :   0:00:00

Estimated relative CPU usage :    99.2%

k-eff (analog)    = 1.41518 +/- 0.00663  [1.40218  1.42817]
k-eff (implicit)  = 1.41429 +/- 0.00233  [1.40973  1.41886]

(O4) (MPI=2) (OMP=1) 
------------------------------------------------------------
------------------------------------------------------------

Serpent 2.2.1 -- Static criticality source simulation

Title: "BWRX-300 Core Model (2D)" 

Active cycle   91 / 100  Source neutrons :   503

Running time :                  0:00:12
Estimated running time :        0:00:13
Estimated running time left :   0:00:00

Estimated relative CPU usage :    91.4%

k-eff (analog)    = 1.41516 +/- 0.00656  [1.40232  1.42801]
k-eff (implicit)  = 1.41408 +/- 0.00231  [1.40955  1.41862]

(O4) (MPI=2) (OMP=1) 
------------------------------------------------------------
------------------------------------------------------------

Serpent 2.2.1 -- Static criticality source simulation

Title: "BWRX-300 Core Model (2D)" 

Active cycle   92 / 100  Source neutrons :   470

Running time :                  0:00:12
Estimated running time :        0:00:13
Estimated running time left :   0:00:00

Estimated relative CPU usage :    98.2%

k-eff (analog)    = 1.41423 +/- 0.00655  [1.40139  1.42707]
k-eff (implicit)  = 1.41394 +/- 0.00229  [1.40945  1.41844]

(O4) (MPI=2) (OMP=1) 
------------------------------------------------------------
------------------------------------------------------------

Serpent 2.2.1 -- Static criticality source simulation

Title: "BWRX-300 Core Model (2D)" 

Active cycle   93 / 100  Source neutrons :   550

Running time :                  0:00:12
Estimated running time :        0:00:13
Estimated running time left :   0:00:00

Estimated relative CPU usage :   100.0%

k-eff (analog)    = 1.41474 +/- 0.00650  [1.40200  1.42749]
k-eff (implicit)  = 1.41419 +/- 0.00228  [1.40972  1.41866]

(O4) (MPI=2) (OMP=1) 
------------------------------------------------------------
------------------------------------------------------------

Serpent 2.2.1 -- Static criticality source simulation

Title: "BWRX-300 Core Model (2D)" 

Active cycle   94 / 100  Source neutrons :   476

Running time :                  0:00:12
Estimated running time :        0:00:13
Estimated running time left :   0:00:00

Estimated relative CPU usage :    98.0%

k-eff (analog)    = 1.41450 +/- 0.00644  [1.40189  1.42711]
k-eff (implicit)  = 1.41414 +/- 0.00226  [1.40971  1.41857]

(O4) (MPI=2) (OMP=1) 
------------------------------------------------------------
------------------------------------------------------------

Serpent 2.2.1 -- Static criticality source simulation

Title: "BWRX-300 Core Model (2D)" 

Active cycle   95 / 100  Source neutrons :   480

Running time :                  0:00:13
Estimated running time :        0:00:13
Estimated running time left :   0:00:00

Estimated relative CPU usage :    98.8%

k-eff (analog)    = 1.41368 +/- 0.00642  [1.40109  1.42626]
k-eff (implicit)  = 1.41373 +/- 0.00227  [1.40927  1.41818]

(O4) (MPI=2) (OMP=1) 
------------------------------------------------------------
------------------------------------------------------------

Serpent 2.2.1 -- Static criticality source simulation

Title: "BWRX-300 Core Model (2D)" 

Active cycle   96 / 100  Source neutrons :   511

Running time :                  0:00:13
Estimated running time :        0:00:13
Estimated running time left :   0:00:00

Estimated relative CPU usage :    99.2%

k-eff (analog)    = 1.41317 +/- 0.00637  [1.40068  1.42567]
k-eff (implicit)  = 1.41390 +/- 0.00225  [1.40948  1.41831]

(O4) (MPI=2) (OMP=1) 
------------------------------------------------------------
------------------------------------------------------------

Serpent 2.2.1 -- Static criticality source simulation

Title: "BWRX-300 Core Model (2D)" 

Active cycle   97 / 100  Source neutrons :   482

Running time :                  0:00:13
Estimated running time :        0:00:13
Estimated running time left :   0:00:00

Estimated relative CPU usage :    91.3%

k-eff (analog)    = 1.41218 +/- 0.00639  [1.39966  1.42469]
k-eff (implicit)  = 1.41371 +/- 0.00224  [1.40932  1.41809]

(O4) (MPI=2) (OMP=1) 
------------------------------------------------------------
------------------------------------------------------------

Serpent 2.2.1 -- Static criticality source simulation

Title: "BWRX-300 Core Model (2D)" 

Active cycle   98 / 100  Source neutrons :   557

Running time :                  0:00:13
Estimated running time :        0:00:13
Estimated running time left :   0:00:00

Estimated relative CPU usage :   100.3%

k-eff (analog)    = 1.41273 +/- 0.00634  [1.40030  1.42517]
k-eff (implicit)  = 1.41343 +/- 0.00223  [1.40906  1.41781]

(O4) (MPI=2) (OMP=1) 
------------------------------------------------------------
------------------------------------------------------------

Serpent 2.2.1 -- Static criticality source simulation

Title: "BWRX-300 Core Model (2D)" 

Active cycle   99 / 100  Source neutrons :   511

Running time :                  0:00:13
Estimated running time :        0:00:13
Estimated running time left :   0:00:00

Estimated relative CPU usage :    92.5%

k-eff (analog)    = 1.41360 +/- 0.00634  [1.40117  1.42603]
k-eff (implicit)  = 1.41338 +/- 0.00221  [1.40905  1.41771]

(O4) (MPI=2) (OMP=1) 
------------------------------------------------------------
------------------------------------------------------------

Serpent 2.2.1 -- Static criticality source simulation

Title: "BWRX-300 Core Model (2D)" 

Active cycle  100 / 100  Source neutrons :   459

Running time :                  0:00:13
Estimated running time :        0:00:13
Estimated running time left :   0:00:00

Estimated relative CPU usage :    91.8%

k-eff (analog)    = 1.41322 +/- 0.00629  [1.40090  1.42555]
k-eff (implicit)  = 1.41357 +/- 0.00220  [1.40927  1.41788]

(O4) (MPI=2) (OMP=1) 
------------------------------------------------------------

Transport cycle completed in 6.22 seconds.

Waiting for results from other MPI tasks...
OK.

Calculating activities...
OK.


Simulation completed.
------------------------------------------------------------
Mon Mar 10 17:34:45 2025  (errors: 0, warnings: 1, notes: 1)


real	0m24.017s
user	0m22.921s
sys	0m1.124s
