
  _                   .-=-.           .-=-.          .-==-.       
 { }      __        .' O o '.       .' O o '.       /  -<' )--<   
 { }    .' O'.     / o .-. O \     / o .-. O \     /  .---`       
 { }   / .-. o\   /O  /   \  o\   /O  /   \  o\   /O /            
  \ `-` /   \ O`-'o  /     \  O`-'o  /     \  O`-`o /             
   `-.-`     '.____.'       `._____.'       `.____.'              

Serpent 2.2

A Continuous-energy Monte Carlo transport calculation calculation code

 - Version 2.2.3 (October 16, 2025) -- Contact: serpent@vtt.fi

 - Reference: J. Leppanen, et al. "Status of Serpent Monte Carlo code
              in 2024." EPJ Nuclear Sci. Technol. 11 (2025) 3.
              https://doi.org/10.1051/epjn/2024031

The Serpent software is proprietary and subject to export control
restrictions. The terms and conditions for using Serpent are outlined
in the software licence agreement.

For online documentation, see: https://serpent.vtt.fi/docs

 - Compiled Nov 12 2025 19:30:53

 - MPI Parallel calculation mode available

 - OpenMP Parallel calculation mode available

 - Geometry and mesh plotting available

 - Default data path not set

 - Full command used to run Serpent:

   sss2 -omp 1 bwrx300.inp

Begin calculation on Wed Apr 15 15:20:53 2026 at node015.rdfmg.local

Reading input file "bwrx300.inp"...

Checking duplicate input definitions...
OK.


 ***** Note #1 Wed Apr 15 15:20:54 2026

Burnable material mF1 used in 3 nests is handled as a single
       depletion zone. This differs from the methodology used in Serpent 2.2.1
       and earlier code versions. The material sub-division can be enabled by
       by setting fallback option 2.2.2-001, but it is recommended to use the
       "div sep" feature instead.

Creating geometry...
OK.

Counting geometry zones...

The geometry consists of 8 levels. Universes belonging
to multiple levels are listed only once.

Level 0 universes:

 - Universe 0: CSG

Level 1 universes:

 - Universe uCore: Lattice (type 1)

Level 2 universes:

 - Universe u22RR: CSG
 - Universe uF22RSE: CSG
 - Universe uF22RS: CSG
 - Universe uF22RSW: CSG
 - Universe uF22: CSG
 - Universe uF22R: CSG
 - Universe uF22RE: CSG
 - Universe uFRW: CSG
 - Universe uF22RNW: CSG
 - Universe uF22RNE: CSG
 - Universe uF22RN: CSG

Level 3 universes:

 - Universe uBundleRR: Lattice (type 1)
 - Universe uBundleRSE: Lattice (type 1)
 - Universe uBundleRS: Lattice (type 1)
 - Universe uBundleRSW: Lattice (type 1)
 - Universe uBundle: Lattice (type 1)
 - Universe uCR: CSG
 - Universe uBundleRE: Lattice (type 1)
 - Universe uBundleRW: Lattice (type 1)
 - Universe uBundleRNW: Lattice (type 1)
 - Universe uBundleRNE: Lattice (type 1)
 - Universe uBundleRN: Lattice (type 1)

Level 4 universes:

 - Universe uR: CSG
 - Universe uF2B: CSG
 - Universe uF1B: CSG
 - Universe P: Nest

Level 5 universes:

 - Universe uLAT2B: Lattice (type 1)
 - Universe uLAT1B: Lattice (type 1)

Level 6 universes:

 - Universe 1: Nest
 - Universe 4: Nest
 - Universe 2: Nest
 - Universe 3: Nest
 - Universe X: Lattice (type 1)

Level 7 universes:

 - Universe T: Nest


 ***** Note #2 Wed Apr 15 15:20:54 2026

Nest 5 is not used in geometry


 ***** Note #3 Wed Apr 15 15:20:54 2026

Nest W is not used in geometry


 ***** Note #4 Wed Apr 15 15:20:54 2026

Lattice uBundleR is not used in geometry

Processing cells...
OK.

Linking materials to geometry...
OK.

Processing detector definitions...
OK.


 ***** Note #5 Wed Apr 15 15:20:54 2026

Axial repeated boundary condition not applied to surface s1000

Counting cells...
OK.

Processing data for group constant generation:

 - 168 energy groups in micro-group structure
 - 2 energy groups in macro-group structure
 - B1 fundamental mode calculation is not run
 - Group constants generated in 1 universes
 - Discontinuity factors are not calculated
 - Pin-power distributions are not calculated
 - Albedos are not calculated
 - Poison cross sections are not calculated

Plotting geometry:

   0% complete
  33% complete
  67% complete
 100% complete

Reading ACE directory files...
OK.

Reading neutron-induced fission yields...
OK.

Reading spontaneous fission yields...
OK.

Adding nuclides in material mF1...

Nuclide  92235.00c -- uranium 235 at 300K (U-235)
Nuclide  92238.00c -- uranium 238 at 300K (U-238)
Nuclide   8016.00c -- oxygen 16 at 300K (O-16)

Adding nuclides in material mClad...

Nuclide  40090.00c -- zirconium 90 at 350K (Zr-90)
Nuclide  40091.00c -- zirconium 91 at 350K (Zr-91)
Nuclide  40092.00c -- zirconium 92 at 350K (Zr-92)
Nuclide  40094.00c -- zirconium 94 at 350K (Zr-94)
Nuclide  40096.00c -- zirconium 96 at 350K (Zr-96)

Adding nuclides in material mSS...

Nuclide  26054.00c -- iron 54 at 350K (Fe-54)
Nuclide  26056.00c -- iron 56 at 350K (Fe-56)
Nuclide  26057.00c -- iron 57 at 350K (Fe-57)
Nuclide  26058.00c -- iron 58 at 350K (Fe-58)

Adding nuclides in material mWater...

Nuclide   1001.00c -- hydrogen at 350K (H-1)
Nuclide   8016.00c -- oxygen 16 at 350K (O-16)

Adding nuclides in material mWaterChann...

Adding nuclides in material mCR...

Nuclide   5010.00c -- boron 10 at 350K (B-10)
Nuclide   5011.00c -- boron 11 at 350K (B-11)
Nuclide   6012.00c -- carbon 12 at 350K (C-12)

Running Doppler-broadening preprocessor:

Adjusting nuclide  92235.00c temperature from 294K to 300K...
Adjusting nuclide  92238.00c temperature from 294K to 300K...
Adjusting nuclide   8016.00c temperature from 294K to 300K...
Adjusting nuclide  40090.00c temperature from 294K to 350K...
Adjusting nuclide  40091.00c temperature from 294K to 350K...
Adjusting nuclide  40092.00c temperature from 294K to 350K...
Adjusting nuclide  40094.00c temperature from 294K to 350K...
Adjusting nuclide  40096.00c temperature from 294K to 350K...
Adjusting nuclide  26054.00c temperature from 294K to 350K...
Adjusting nuclide  26056.00c temperature from 294K to 350K...
Adjusting nuclide  26057.00c temperature from 294K to 350K...
Adjusting nuclide  26058.00c temperature from 294K to 350K...
Adjusting nuclide   1001.00c temperature from 294K to 350K...
Adjusting nuclide   8016.00c temperature from 294K to 350K...
Adjusting nuclide   5010.00c temperature from 294K to 350K...
Adjusting nuclide   5011.00c temperature from 294K to 350K...
Adjusting nuclide   6012.00c temperature from 294K to 350K...

Adding thermal scattering data...

Nuclide  h-h2o.40t -- hydrogen at 294K (H-1)

Adding photon interaction data...

Element   1000.84p -- hydrogen (photon library)
Element   5000.84p -- boron (photon library)
Element   6000.84p -- carbon (photon library)
Element   8000.84p -- oxygen (photon library)
Element  26000.84p -- iron (photon library)
Element  40000.84p -- zirconium (photon library)
Element  92000.84p -- uranium (photon library)

Checking data and printing output...
OK.

Sharing input data to MPI tasks...
OK.

Adding points to unionized energy grids:

  1001.00c -- Points added in neutron grid: 633
  1001.00s -- Points added in neutron grid: 102
  5010.00c -- Points added in neutron grid: 344
  5011.00c -- Points added in neutron grid: 2926
  6012.00c -- Points added in neutron grid: 823
  8016.00c -- Points added in neutron grid: 1620
 26054.00c -- Points added in neutron grid: 36606
 26056.00c -- Points added in neutron grid: 41298
 26057.00c -- Points added in neutron grid: 11561
 26058.00c -- Points added in neutron grid: 20668
 40090.00c -- Points added in neutron grid: 13566
 40091.00c -- Points added in neutron grid: 19111
 40092.00c -- Points added in neutron grid: 14442
 40094.00c -- Points added in neutron grid: 11268
 40096.00c -- Points added in neutron grid: 5596
 92235.00c -- Points added in neutron grid: 75532
 92238.00c -- Points added in neutron grid: 153235
  1000.84p -- Points added in photon grid: 278
  5000.84p -- Points added in photon grid: 244
  6000.84p -- Points added in photon grid: 191
  8000.84p -- Points added in photon grid: 174
 26000.84p -- Points added in photon grid: 363
 40000.84p -- Points added in photon grid: 353
 92000.84p -- Points added in photon grid: 416

Generating unionized energy grid:

 - Unionization performed without grid thinning
   between 1.00E-11 and 20.0 MeV.

 - Final neutron grid size: 409241 points.

 - Final photon grid size: 6827 points.

 - 11.11 Mb of memory allocated for grid data

Processing cross sections and ENDF reaction laws...

Nuclide   1001.00c -- hydrogen at 350K (H-1)
Nuclide   1001.00s -- hydrogen at 350K (H-1)
Nuclide   1001.00s -- hydrogen at 350K (H-1)
Nuclide   5010.00c -- boron 10 at 350K (B-10)
Nuclide   5011.00c -- boron 11 at 350K (B-11)
Nuclide   6012.00c -- carbon 12 at 350K (C-12)
Nuclide   8016.00c -- oxygen 16 at 300K (O-16)
Nuclide   8016.00c -- oxygen 16 at 350K (O-16)
Nuclide  26054.00c -- iron 54 at 350K (Fe-54)
Nuclide  26056.00c -- iron 56 at 350K (Fe-56)
Nuclide  26057.00c -- iron 57 at 350K (Fe-57)
Nuclide  26058.00c -- iron 58 at 350K (Fe-58)
Nuclide  40090.00c -- zirconium 90 at 350K (Zr-90)
Nuclide  40091.00c -- zirconium 91 at 350K (Zr-91)
Nuclide  40092.00c -- zirconium 92 at 350K (Zr-92)
Nuclide  40094.00c -- zirconium 94 at 350K (Zr-94)
Nuclide  40096.00c -- zirconium 96 at 350K (Zr-96)
Nuclide  92235.00c -- uranium 235 at 300K (U-235)

***** Wed Apr 15 15:21:37 2026 (seed = 1776280853782, MPI task = 1)
Warning message #1 from function ProcessPhotoelectric:

Unable to open file /data/cm/shared/nuclearCodes/serpent/libs/photon_data/xspe.dat for reading (2.1.30 photoelectric xs data). Previous data format will be used if available.
NOTE: Support for the old format will be removed in 2.1.31.

Nuclide  92238.00c -- uranium 238 at 300K (U-238)

***** Wed Apr 15 15:21:37 2026 (seed = 1776280853782, MPI task = 0)
Warning message #1 from function ProcessPhotoelectric:

Unable to open file /data/cm/shared/nuclearCodes/serpent/libs/photon_data/xspe.dat for reading (2.1.30 photoelectric xs data). Previous data format will be used if available.
NOTE: Support for the old format will be removed in 2.1.31.

Element   1000.84p -- hydrogen (photon library)
Element   5000.84p -- boron (photon library)
Element   6000.84p -- carbon (photon library)
Element   8000.84p -- oxygen (photon library)
Element  26000.84p -- iron (photon library)
Element  40000.84p -- zirconium (photon library)
Element  92000.84p -- uranium (photon library)

Analog photon production mode, data included for 19 nuclides:

  1001.00c -- 1 reaction (H-1)
  1001.00s -- 1 reaction (H-1)
  1001.00s -- 1 reaction (H-1)
  5010.00c -- 38 reactions (B-10)
  5011.00c -- 38 reactions (B-11)
  6012.00c -- 5 reactions (C-12)
  8016.00c -- 124 reactions (O-16)
  8016.00c -- 124 reactions (O-16)
 26054.00c -- 378 reactions (Fe-54)
 26056.00c -- 532 reactions (Fe-56)
 26057.00c -- 348 reactions (Fe-57)
 26058.00c -- 368 reactions (Fe-58)
 40090.00c -- 135 reactions (Zr-90)
 40091.00c -- 205 reactions (Zr-91)
 40092.00c -- 236 reactions (Zr-92)
 40094.00c -- 393 reactions (Zr-94)
 40096.00c -- 54 reactions (Zr-96)
 92235.00c -- 583 reactions (U-235)
 92238.00c -- 358 reactions (U-238)

SUMMARY -- 26 nuclides included in calculation:

 - 19 transport nuclides
 - 7 elements with photon interaction data
 - Neutron energy cut-offs at 1.00E-11 and 20.0 MeV
 - Photon energy cut-offs at 1.00E-03 and 100.0 MeV
 - 498 transport reactions
 - 581 special reactions
 - 5 decay reactions
 - 959.62 Mb of memory allocated for data

Normalizing compositions and processing mixtures...
OK.

Allocating memory for macroscopic cross section data...
OK.

Processing electron data:

 - reading bremsstrahlung cross section data...
 - reading ground state configuration data...
 - processing input options...
 - processing element data...
 - processing material data...
 - processing TTB data...

Processing atomic relaxation data:

 - 171 radiative transitions (fluorescence)
 - 2554 non-radiative transitions (Auger electrons)

Allocating memory for particle structures...
OK.

Calculating maximum densities...
OK.

Performing density cut-off...
OK.

Sorting material-wise reaction lists:

   0% complete
  17% complete
  33% complete
  50% complete
  67% complete
  83% complete
 100% complete

Calculating macroscopic cross sections:

   0% complete
  17% complete
  33% complete
  50% complete
  67% complete
  83% complete
 100% complete

Waiting for results from other MPI tasks...
OK.

Calculating DT neutron majorant cross section:

   0% complete
  17% complete
  33% complete
  50% complete
  67% complete
  83% complete
 100% complete

Calculating DT photon majorant cross section...
OK.

Calculating activities...
OK.

Setting photon energy cutoffs:

    Material  Cutoff energy (MeV)  Mean free path (cm)
         mF1         1.000000E-03         1.502657E-05
       mClad         1.000000E-03         3.656650E-05
         mSS         1.000000E-03         1.393829E-05
      mWater         1.000000E-03         2.453032E-04
 mWaterChann         1.000000E-03         2.453032E-04
         mCR         1.000000E-03         3.904513E-04

Clearing results and statistics...
OK.

Sampling initial source...
OK.

Inactive cycle   1 /  50: k-eff = 1.00000
Inactive cycle   2 /  50: k-eff = 1.25228
Inactive cycle   3 /  50: k-eff = 1.27272
Inactive cycle   4 /  50: k-eff = 1.28051
Inactive cycle   5 /  50: k-eff = 1.29142
Inactive cycle   6 /  50: k-eff = 1.29049
Inactive cycle   7 /  50: k-eff = 1.29704
Inactive cycle   8 /  50: k-eff = 1.30340
Inactive cycle   9 /  50: k-eff = 1.30765
Inactive cycle  10 /  50: k-eff = 1.30176
Inactive cycle  11 /  50: k-eff = 1.31626
Inactive cycle  12 /  50: k-eff = 1.30744
Inactive cycle  13 /  50: k-eff = 1.31325
Inactive cycle  14 /  50: k-eff = 1.31861
Inactive cycle  15 /  50: k-eff = 1.31439
Inactive cycle  16 /  50: k-eff = 1.31050
Inactive cycle  17 /  50: k-eff = 1.31118
Inactive cycle  18 /  50: k-eff = 1.32125
Inactive cycle  19 /  50: k-eff = 1.30384
Inactive cycle  20 /  50: k-eff = 1.31956
Inactive cycle  21 /  50: k-eff = 1.30607
Inactive cycle  22 /  50: k-eff = 1.31981
Inactive cycle  23 /  50: k-eff = 1.31921
Inactive cycle  24 /  50: k-eff = 1.32591
Inactive cycle  25 /  50: k-eff = 1.31138
Inactive cycle  26 /  50: k-eff = 1.31764
Inactive cycle  27 /  50: k-eff = 1.30876
Inactive cycle  28 /  50: k-eff = 1.31429
Inactive cycle  29 /  50: k-eff = 1.30485
Inactive cycle  30 /  50: k-eff = 1.31281
Inactive cycle  31 /  50: k-eff = 1.32581
Inactive cycle  32 /  50: k-eff = 1.30833
Inactive cycle  33 /  50: k-eff = 1.32230
Inactive cycle  34 /  50: k-eff = 1.31813
Inactive cycle  35 /  50: k-eff = 1.32074
Inactive cycle  36 /  50: k-eff = 1.31321
Inactive cycle  37 /  50: k-eff = 1.30643
Inactive cycle  38 /  50: k-eff = 1.31503
Inactive cycle  39 /  50: k-eff = 1.31666
Inactive cycle  40 /  50: k-eff = 1.31505
Inactive cycle  41 /  50: k-eff = 1.31605
Inactive cycle  42 /  50: k-eff = 1.31431
Inactive cycle  43 /  50: k-eff = 1.31815
Inactive cycle  44 /  50: k-eff = 1.31275
Inactive cycle  45 /  50: k-eff = 1.30364
Inactive cycle  46 /  50: k-eff = 1.32186
Inactive cycle  47 /  50: k-eff = 1.32617
Inactive cycle  48 /  50: k-eff = 1.32612
Inactive cycle  49 /  50: k-eff = 1.31700
Inactive cycle  50 /  50: k-eff = 1.31009

----- Begin active cycles -----

------------------------------------------------------------

Serpent 2.2.3 -- Static criticality source simulation

Title: "BWRX-300 Core Model (3D)" 

Active cycle    1 / 100  Source neutrons : 50347

Running time :                  0:12:58
Estimated running time :        1:01:51
Estimated running time left :   0:48:52

Estimated relative CPU usage :    98.9%

k-eff (analog)    = 1.31919 +/- 0.00000  [1.31919  1.31919]
k-eff (implicit)  = 1.31735 +/- 0.00000  [1.31735  1.31735]

(O4) (N/P) (MPI=2) (OMP=1) 
------------------------------------------------------------
------------------------------------------------------------

Serpent 2.2.3 -- Static criticality source simulation

Title: "BWRX-300 Core Model (3D)" 

Active cycle    2 / 100  Source neutrons : 50029

Running time :                  0:13:27
Estimated running time :        1:01:41
Estimated running time left :   0:48:14

Estimated relative CPU usage :    98.9%

k-eff (analog)    = 1.31957 +/- 0.00038  [1.31882  1.32032]
k-eff (implicit)  = 1.31837 +/- 0.00101  [1.31638  1.32036]

(O4) (N/P) (MPI=2) (OMP=1) 
------------------------------------------------------------
------------------------------------------------------------

Serpent 2.2.3 -- Static criticality source simulation

Title: "BWRX-300 Core Model (3D)" 

Active cycle    3 / 100  Source neutrons : 49842

Running time :                  0:13:54
Estimated running time :        1:00:22
Estimated running time left :   0:46:27

Estimated relative CPU usage :    99.0%

k-eff (analog)    = 1.31831 +/- 0.00128  [1.31579  1.32082]
k-eff (implicit)  = 1.31900 +/- 0.00086  [1.31731  1.32070]

(O4) (N/P) (MPI=2) (OMP=1) 
------------------------------------------------------------
------------------------------------------------------------

Serpent 2.2.3 -- Static criticality source simulation

Title: "BWRX-300 Core Model (3D)" 

Active cycle    4 / 100  Source neutrons : 49845

Running time :                  0:14:21
Estimated running time :        0:59:37
Estimated running time left :   0:45:15

Estimated relative CPU usage :    99.0%

k-eff (analog)    = 1.31665 +/- 0.00188  [1.31296  1.32035]
k-eff (implicit)  = 1.31886 +/- 0.00063  [1.31764  1.32009]

(O4) (N/P) (MPI=2) (OMP=1) 
------------------------------------------------------------
------------------------------------------------------------

Serpent 2.2.3 -- Static criticality source simulation

Title: "BWRX-300 Core Model (3D)" 

Active cycle    5 / 100  Source neutrons : 50141

Running time :                  0:14:49
Estimated running time :        0:59:32
Estimated running time left :   0:44:42

Estimated relative CPU usage :    98.9%

k-eff (analog)    = 1.31640 +/- 0.00148  [1.31350  1.31931]
k-eff (implicit)  = 1.31896 +/- 0.00049  [1.31799  1.31993]

(O4) (N/P) (MPI=2) (OMP=1) 
------------------------------------------------------------
------------------------------------------------------------

Serpent 2.2.3 -- Static criticality source simulation

Title: "BWRX-300 Core Model (3D)" 

Active cycle    6 / 100  Source neutrons : 50326

Running time :                  0:15:18
Estimated running time :        0:59:39
Estimated running time left :   0:44:20

Estimated relative CPU usage :    98.9%

k-eff (analog)    = 1.31767 +/- 0.00175  [1.31424  1.32109]
k-eff (implicit)  = 1.31891 +/- 0.00041  [1.31812  1.31971]

(O4) (N/P) (MPI=2) (OMP=1) 
------------------------------------------------------------
------------------------------------------------------------

Serpent 2.2.3 -- Static criticality source simulation

Title: "BWRX-300 Core Model (3D)" 

Active cycle    7 / 100  Source neutrons : 50251

Running time :                  0:15:46
Estimated running time :        0:59:40
Estimated running time left :   0:43:53

Estimated relative CPU usage :    99.0%

k-eff (analog)    = 1.31952 +/- 0.00237  [1.31488  1.32416]
k-eff (implicit)  = 1.31927 +/- 0.00049  [1.31830  1.32023]

(O4) (N/P) (MPI=2) (OMP=1) 
------------------------------------------------------------
------------------------------------------------------------

Serpent 2.2.3 -- Static criticality source simulation

Title: "BWRX-300 Core Model (3D)" 

Active cycle    8 / 100  Source neutrons : 49851

Running time :                  0:16:12
Estimated running time :        0:59:07
Estimated running time left :   0:42:54

Estimated relative CPU usage :    99.1%

k-eff (analog)    = 1.32041 +/- 0.00224  [1.31603  1.32479]
k-eff (implicit)  = 1.31954 +/- 0.00051  [1.31855  1.32053]

(O4) (N/P) (MPI=2) (OMP=1) 
------------------------------------------------------------
------------------------------------------------------------

Serpent 2.2.3 -- Static criticality source simulation

Title: "BWRX-300 Core Model (3D)" 

Active cycle    9 / 100  Source neutrons : 49871

Running time :                  0:16:39
Estimated running time :        0:59:01
Estimated running time left :   0:42:21

Estimated relative CPU usage :    99.0%

k-eff (analog)    = 1.32072 +/- 0.00200  [1.31681  1.32464]
k-eff (implicit)  = 1.31962 +/- 0.00045  [1.31873  1.32050]

(O4) (N/P) (MPI=2) (OMP=1) 
------------------------------------------------------------
------------------------------------------------------------

Serpent 2.2.3 -- Static criticality source simulation

Title: "BWRX-300 Core Model (3D)" 

Active cycle   10 / 100  Source neutrons : 50088

Running time :                  0:17:08
Estimated running time :        0:59:10
Estimated running time left :   0:42:01

Estimated relative CPU usage :    98.9%

k-eff (analog)    = 1.32121 +/- 0.00185  [1.31758  1.32484]
k-eff (implicit)  = 1.31997 +/- 0.00054  [1.31891  1.32103]

(O4) (N/P) (MPI=2) (OMP=1) 
------------------------------------------------------------
------------------------------------------------------------

Serpent 2.2.3 -- Static criticality source simulation

Title: "BWRX-300 Core Model (3D)" 

Active cycle   11 / 100  Source neutrons : 49587

Running time :                  0:17:34
Estimated running time :        0:58:45
Estimated running time left :   0:41:11

Estimated relative CPU usage :    99.1%

k-eff (analog)    = 1.32061 +/- 0.00178  [1.31712  1.32409]
k-eff (implicit)  = 1.32001 +/- 0.00049  [1.31905  1.32097]

(O4) (N/P) (MPI=2) (OMP=1) 
------------------------------------------------------------
------------------------------------------------------------

Serpent 2.2.3 -- Static criticality source simulation

Title: "BWRX-300 Core Model (3D)" 

Active cycle   12 / 100  Source neutrons : 50576

Running time :                  0:18:09
Estimated running time :        0:59:47
Estimated running time left :   0:41:38

Estimated relative CPU usage :    98.8%

k-eff (analog)    = 1.32137 +/- 0.00179  [1.31786  1.32489]
k-eff (implicit)  = 1.31962 +/- 0.00059  [1.31846  1.32078]

(O4) (N/P) (MPI=2) (OMP=1) 
------------------------------------------------------------
------------------------------------------------------------

Serpent 2.2.3 -- Static criticality source simulation

Title: "BWRX-300 Core Model (3D)" 

Active cycle   13 / 100  Source neutrons : 49356

Running time :                  0:19:01
Estimated running time :        1:02:50
Estimated running time left :   0:43:49

Estimated relative CPU usage :    98.7%

k-eff (analog)    = 1.32070 +/- 0.00178  [1.31721  1.32419]
k-eff (implicit)  = 1.31974 +/- 0.00056  [1.31865  1.32083]

(O4) (N/P) (MPI=2) (OMP=1) 
------------------------------------------------------------
------------------------------------------------------------

Serpent 2.2.3 -- Static criticality source simulation

Title: "BWRX-300 Core Model (3D)" 

Active cycle   14 / 100  Source neutrons : 49808

Running time :                  0:19:25
Estimated running time :        1:02:08
Estimated running time left :   0:42:42

Estimated relative CPU usage :    99.2%

k-eff (analog)    = 1.31976 +/- 0.00190  [1.31605  1.32348]
k-eff (implicit)  = 1.31986 +/- 0.00053  [1.31882  1.32090]

(O4) (N/P) (MPI=2) (OMP=1) 
------------------------------------------------------------
------------------------------------------------------------

Serpent 2.2.3 -- Static criticality source simulation

Title: "BWRX-300 Core Model (3D)" 

Active cycle   15 / 100  Source neutrons : 50521

Running time :                  0:19:46
Estimated running time :        1:01:08
Estimated running time left :   0:41:21

Estimated relative CPU usage :    99.3%

k-eff (analog)    = 1.31986 +/- 0.00177  [1.31639  1.32333]
k-eff (implicit)  = 1.31995 +/- 0.00050  [1.31897  1.32093]

(O4) (N/P) (MPI=2) (OMP=1) 
------------------------------------------------------------
------------------------------------------------------------

Serpent 2.2.3 -- Static criticality source simulation

Title: "BWRX-300 Core Model (3D)" 

Active cycle   16 / 100  Source neutrons : 49972

Running time :                  0:20:08
Estimated running time :        1:00:21
Estimated running time left :   0:40:12

Estimated relative CPU usage :    99.2%

k-eff (analog)    = 1.31990 +/- 0.00165  [1.31666  1.32314]
k-eff (implicit)  = 1.31974 +/- 0.00051  [1.31874  1.32074]

(O4) (N/P) (MPI=2) (OMP=1) 
------------------------------------------------------------
------------------------------------------------------------

Serpent 2.2.3 -- Static criticality source simulation

Title: "BWRX-300 Core Model (3D)" 

Active cycle   17 / 100  Source neutrons : 49766

Running time :                  0:21:00
Estimated running time :        1:02:42
Estimated running time left :   0:41:41

Estimated relative CPU usage :    98.4%

k-eff (analog)    = 1.31957 +/- 0.00159  [1.31645  1.32268]
k-eff (implicit)  = 1.31959 +/- 0.00050  [1.31861  1.32058]

(O4) (N/P) (MPI=2) (OMP=1) 
------------------------------------------------------------
------------------------------------------------------------

Serpent 2.2.3 -- Static criticality source simulation

Title: "BWRX-300 Core Model (3D)" 

Active cycle   18 / 100  Source neutrons : 49940

Running time :                  0:21:35
Estimated running time :        1:03:04
Estimated running time left :   0:41:29

Estimated relative CPU usage :    98.8%

k-eff (analog)    = 1.31919 +/- 0.00155  [1.31616  1.32222]
k-eff (implicit)  = 1.31968 +/- 0.00048  [1.31873  1.32062]

(O4) (N/P) (MPI=2) (OMP=1) 
------------------------------------------------------------
------------------------------------------------------------

Serpent 2.2.3 -- Static criticality source simulation

Title: "BWRX-300 Core Model (3D)" 

Active cycle   19 / 100  Source neutrons : 50384

Running time :                  0:22:26
Estimated running time :        1:04:57
Estimated running time left :   0:42:30

Estimated relative CPU usage :    98.5%

k-eff (analog)    = 1.31938 +/- 0.00147  [1.31649  1.32227]
k-eff (implicit)  = 1.31967 +/- 0.00046  [1.31878  1.32057]

(O4) (N/P) (MPI=2) (OMP=1) 
------------------------------------------------------------
------------------------------------------------------------

Serpent 2.2.3 -- Static criticality source simulation

Title: "BWRX-300 Core Model (3D)" 

Active cycle   20 / 100  Source neutrons : 50009

Running time :                  0:23:01
Estimated running time :        1:05:14
Estimated running time left :   0:42:13

Estimated relative CPU usage :    98.7%

k-eff (analog)    = 1.31956 +/- 0.00141  [1.31680  1.32233]
k-eff (implicit)  = 1.31961 +/- 0.00044  [1.31875  1.32047]

(O4) (N/P) (MPI=2) (OMP=1) 
------------------------------------------------------------
------------------------------------------------------------

Serpent 2.2.3 -- Static criticality source simulation

Title: "BWRX-300 Core Model (3D)" 

Active cycle   21 / 100  Source neutrons : 49823

Running time :                  0:23:47
Estimated running time :        1:06:22
Estimated running time left :   0:42:34

Estimated relative CPU usage :    98.5%

k-eff (analog)    = 1.31950 +/- 0.00134  [1.31687  1.32214]
k-eff (implicit)  = 1.31969 +/- 0.00042  [1.31886  1.32052]

(O4) (N/P) (MPI=2) (OMP=1) 
------------------------------------------------------------
------------------------------------------------------------

Serpent 2.2.3 -- Static criticality source simulation

Title: "BWRX-300 Core Model (3D)" 

Active cycle   22 / 100  Source neutrons : 50275

Running time :                  0:24:30
Estimated running time :        1:07:08
Estimated running time left :   0:42:38

Estimated relative CPU usage :    98.6%

k-eff (analog)    = 1.31978 +/- 0.00131  [1.31721  1.32235]
k-eff (implicit)  = 1.31975 +/- 0.00041  [1.31895  1.32055]

(O4) (N/P) (MPI=2) (OMP=1) 
------------------------------------------------------------
------------------------------------------------------------

Serpent 2.2.3 -- Static criticality source simulation

Title: "BWRX-300 Core Model (3D)" 

Active cycle   23 / 100  Source neutrons : 49544

Running time :                  0:25:09
Estimated running time :        1:07:36
Estimated running time left :   0:42:27

Estimated relative CPU usage :    98.6%

k-eff (analog)    = 1.31951 +/- 0.00128  [1.31700  1.32202]
k-eff (implicit)  = 1.31973 +/- 0.00039  [1.31896  1.32049]

(O4) (N/P) (MPI=2) (OMP=1) 
------------------------------------------------------------
------------------------------------------------------------

Serpent 2.2.3 -- Static criticality source simulation

Title: "BWRX-300 Core Model (3D)" 

Active cycle   24 / 100  Source neutrons : 50143

Running time :                  0:25:59
Estimated running time :        1:08:48
Estimated running time left :   0:42:49

Estimated relative CPU usage :    98.5%

k-eff (analog)    = 1.31942 +/- 0.00123  [1.31700  1.32183]
k-eff (implicit)  = 1.31978 +/- 0.00038  [1.31904  1.32052]

(O4) (N/P) (MPI=2) (OMP=1) 
------------------------------------------------------------
------------------------------------------------------------

Serpent 2.2.3 -- Static criticality source simulation

Title: "BWRX-300 Core Model (3D)" 

Active cycle   25 / 100  Source neutrons : 50275

Running time :                  0:26:21
Estimated running time :        1:08:00
Estimated running time left :   0:41:38

Estimated relative CPU usage :    99.3%

k-eff (analog)    = 1.31962 +/- 0.00120  [1.31727  1.32197]
k-eff (implicit)  = 1.31974 +/- 0.00037  [1.31902  1.32045]

(O4) (N/P) (MPI=2) (OMP=1) 
------------------------------------------------------------
------------------------------------------------------------

Serpent 2.2.3 -- Static criticality source simulation

Title: "BWRX-300 Core Model (3D)" 

Active cycle   26 / 100  Source neutrons : 49559

Running time :                  0:27:08
Estimated running time :        1:08:52
Estimated running time left :   0:41:43

Estimated relative CPU usage :    98.5%

k-eff (analog)    = 1.31936 +/- 0.00118  [1.31705  1.32167]
k-eff (implicit)  = 1.31974 +/- 0.00035  [1.31905  1.32043]

(O4) (N/P) (MPI=2) (OMP=1) 
------------------------------------------------------------
------------------------------------------------------------

Serpent 2.2.3 -- Static criticality source simulation

Title: "BWRX-300 Core Model (3D)" 

Active cycle   27 / 100  Source neutrons : 50239

Running time :                  0:27:52
Estimated running time :        1:09:32
Estimated running time left :   0:41:39

Estimated relative CPU usage :    98.6%

k-eff (analog)    = 1.31935 +/- 0.00114  [1.31713  1.32157]
k-eff (implicit)  = 1.31981 +/- 0.00034  [1.31913  1.32048]

(O4) (N/P) (MPI=2) (OMP=1) 
------------------------------------------------------------
------------------------------------------------------------

Serpent 2.2.3 -- Static criticality source simulation

Title: "BWRX-300 Core Model (3D)" 

Active cycle   28 / 100  Source neutrons : 50551

Running time :                  0:28:25
Estimated running time :        1:09:26
Estimated running time left :   0:41:00

Estimated relative CPU usage :    98.8%

k-eff (analog)    = 1.31986 +/- 0.00121  [1.31749  1.32223]
k-eff (implicit)  = 1.31985 +/- 0.00033  [1.31919  1.32050]

(O4) (N/P) (MPI=2) (OMP=1) 
------------------------------------------------------------
------------------------------------------------------------

Serpent 2.2.3 -- Static criticality source simulation

Title: "BWRX-300 Core Model (3D)" 

Active cycle   29 / 100  Source neutrons : 49340

Running time :                  0:29:17
Estimated running time :        1:10:27
Estimated running time left :   0:41:10

Estimated relative CPU usage :    98.5%

k-eff (analog)    = 1.31973 +/- 0.00117  [1.31743  1.32203]
k-eff (implicit)  = 1.31974 +/- 0.00034  [1.31907  1.32040]

(O4) (N/P) (MPI=2) (OMP=1) 
------------------------------------------------------------
------------------------------------------------------------

Serpent 2.2.3 -- Static criticality source simulation

Title: "BWRX-300 Core Model (3D)" 

Active cycle   30 / 100  Source neutrons : 50085

Running time :                  0:29:49
Estimated running time :        1:10:16
Estimated running time left :   0:40:27

Estimated relative CPU usage :    98.8%

k-eff (analog)    = 1.31968 +/- 0.00113  [1.31746  1.32190]
k-eff (implicit)  = 1.31974 +/- 0.00033  [1.31910  1.32039]

(O4) (N/P) (MPI=2) (OMP=1) 
------------------------------------------------------------
------------------------------------------------------------

Serpent 2.2.3 -- Static criticality source simulation

Title: "BWRX-300 Core Model (3D)" 

Active cycle   31 / 100  Source neutrons : 50094

Running time :                  0:30:41
Estimated running time :        1:11:14
Estimated running time left :   0:40:32

Estimated relative CPU usage :    98.5%

k-eff (analog)    = 1.31972 +/- 0.00110  [1.31757  1.32187]
k-eff (implicit)  = 1.31994 +/- 0.00038  [1.31920  1.32068]

(O4) (N/P) (MPI=2) (OMP=1) 
------------------------------------------------------------
------------------------------------------------------------

Serpent 2.2.3 -- Static criticality source simulation

Title: "BWRX-300 Core Model (3D)" 

Active cycle   32 / 100  Source neutrons : 50238

Running time :                  0:31:13
Estimated running time :        1:11:04
Estimated running time left :   0:39:50

Estimated relative CPU usage :    98.8%

k-eff (analog)    = 1.31994 +/- 0.00109  [1.31782  1.32207]
k-eff (implicit)  = 1.32001 +/- 0.00037  [1.31929  1.32074]

(O4) (N/P) (MPI=2) (OMP=1) 
------------------------------------------------------------
------------------------------------------------------------

Serpent 2.2.3 -- Static criticality source simulation

Title: "BWRX-300 Core Model (3D)" 

Active cycle   33 / 100  Source neutrons : 49604

Running time :                  0:32:07
Estimated running time :        1:12:00
Estimated running time left :   0:39:52

Estimated relative CPU usage :    98.4%

k-eff (analog)    = 1.31984 +/- 0.00106  [1.31777  1.32192]
k-eff (implicit)  = 1.31996 +/- 0.00036  [1.31924  1.32067]

(O4) (N/P) (MPI=2) (OMP=1) 
------------------------------------------------------------
------------------------------------------------------------

Serpent 2.2.3 -- Static criticality source simulation

Title: "BWRX-300 Core Model (3D)" 

Active cycle   34 / 100  Source neutrons : 50293

Running time :                  0:32:43
Estimated running time :        1:12:01
Estimated running time left :   0:39:17

Estimated relative CPU usage :    98.7%

k-eff (analog)    = 1.31997 +/- 0.00103  [1.31794  1.32200]
k-eff (implicit)  = 1.31995 +/- 0.00035  [1.31925  1.32064]

(O4) (N/P) (MPI=2) (OMP=1) 
------------------------------------------------------------
------------------------------------------------------------

Serpent 2.2.3 -- Static criticality source simulation

Title: "BWRX-300 Core Model (3D)" 

Active cycle   35 / 100  Source neutrons : 50094

Running time :                  0:33:22
Estimated running time :        1:12:09
Estimated running time left :   0:38:47

Estimated relative CPU usage :    98.6%

k-eff (analog)    = 1.32016 +/- 0.00102  [1.31816  1.32217]
k-eff (implicit)  = 1.32005 +/- 0.00036  [1.31935  1.32076]

(O4) (N/P) (MPI=2) (OMP=1) 
------------------------------------------------------------
------------------------------------------------------------

Serpent 2.2.3 -- Static criticality source simulation

Title: "BWRX-300 Core Model (3D)" 

Active cycle   36 / 100  Source neutrons : 49870

Running time :                  0:34:15
Estimated running time :        1:12:58
Estimated running time left :   0:38:42

Estimated relative CPU usage :    98.5%

k-eff (analog)    = 1.32025 +/- 0.00100  [1.31830  1.32221]
k-eff (implicit)  = 1.31998 +/- 0.00036  [1.31928  1.32068]

(O4) (N/P) (MPI=2) (OMP=1) 
------------------------------------------------------------
------------------------------------------------------------

Serpent 2.2.3 -- Static criticality source simulation

Title: "BWRX-300 Core Model (3D)" 

Active cycle   37 / 100  Source neutrons : 49821

Running time :                  0:34:36
Estimated running time :        1:12:17
Estimated running time left :   0:37:41

Estimated relative CPU usage :    99.2%

k-eff (analog)    = 1.32021 +/- 0.00097  [1.31830  1.32211]
k-eff (implicit)  = 1.31989 +/- 0.00036  [1.31919  1.32059]

(O4) (N/P) (MPI=2) (OMP=1) 
------------------------------------------------------------
------------------------------------------------------------

Serpent 2.2.3 -- Static criticality source simulation

Title: "BWRX-300 Core Model (3D)" 

Active cycle   38 / 100  Source neutrons : 50040

Running time :                  0:34:59
Estimated running time :        1:11:44
Estimated running time left :   0:36:44

Estimated relative CPU usage :    99.1%

k-eff (analog)    = 1.32019 +/- 0.00095  [1.31834  1.32204]
k-eff (implicit)  = 1.32005 +/- 0.00038  [1.31930  1.32080]

(O4) (N/P) (MPI=2) (OMP=1) 
------------------------------------------------------------
------------------------------------------------------------

Serpent 2.2.3 -- Static criticality source simulation

Title: "BWRX-300 Core Model (3D)" 

Active cycle   39 / 100  Source neutrons : 50248

Running time :                  0:35:23
Estimated running time :        1:11:14
Estimated running time left :   0:35:50

Estimated relative CPU usage :    99.1%

k-eff (analog)    = 1.32034 +/- 0.00093  [1.31851  1.32217]
k-eff (implicit)  = 1.32013 +/- 0.00038  [1.31938  1.32088]

(O4) (N/P) (MPI=2) (OMP=1) 
------------------------------------------------------------
------------------------------------------------------------

Serpent 2.2.3 -- Static criticality source simulation

Title: "BWRX-300 Core Model (3D)" 

Active cycle   40 / 100  Source neutrons : 50018

Running time :                  0:35:47
Estimated running time :        1:10:46
Estimated running time left :   0:34:58

Estimated relative CPU usage :    99.1%

k-eff (analog)    = 1.32050 +/- 0.00092  [1.31869  1.32231]
k-eff (implicit)  = 1.32003 +/- 0.00039  [1.31927  1.32079]

(O4) (N/P) (MPI=2) (OMP=1) 
------------------------------------------------------------
------------------------------------------------------------

Serpent 2.2.3 -- Static criticality source simulation

Title: "BWRX-300 Core Model (3D)" 

Active cycle   41 / 100  Source neutrons : 49934

Running time :                  0:36:09
Estimated running time :        1:10:14
Estimated running time left :   0:34:05

Estimated relative CPU usage :    99.3%

k-eff (analog)    = 1.32061 +/- 0.00091  [1.31883  1.32239]
k-eff (implicit)  = 1.32006 +/- 0.00038  [1.31931  1.32080]

(O4) (N/P) (MPI=2) (OMP=1) 
------------------------------------------------------------
------------------------------------------------------------

Serpent 2.2.3 -- Static criticality source simulation

Title: "BWRX-300 Core Model (3D)" 

Active cycle   42 / 100  Source neutrons : 49840

Running time :                  0:36:31
Estimated running time :        1:09:43
Estimated running time left :   0:33:12

Estimated relative CPU usage :    99.4%

k-eff (analog)    = 1.32061 +/- 0.00089  [1.31887  1.32234]
k-eff (implicit)  = 1.32005 +/- 0.00037  [1.31932  1.32078]

(O4) (N/P) (MPI=2) (OMP=1) 
------------------------------------------------------------
------------------------------------------------------------

Serpent 2.2.3 -- Static criticality source simulation

Title: "BWRX-300 Core Model (3D)" 

Active cycle   43 / 100  Source neutrons : 49715

Running time :                  0:36:51
Estimated running time :        1:09:10
Estimated running time left :   0:32:19

Estimated relative CPU usage :    99.4%

k-eff (analog)    = 1.32043 +/- 0.00088  [1.31870  1.32216]
k-eff (implicit)  = 1.32010 +/- 0.00036  [1.31938  1.32081]

(O4) (N/P) (MPI=2) (OMP=1) 
------------------------------------------------------------
------------------------------------------------------------

Serpent 2.2.3 -- Static criticality source simulation

Title: "BWRX-300 Core Model (3D)" 

Active cycle   44 / 100  Source neutrons : 50505

Running time :                  0:37:11
Estimated running time :        1:08:39
Estimated running time left :   0:31:27

Estimated relative CPU usage :    99.4%

k-eff (analog)    = 1.32057 +/- 0.00087  [1.31886  1.32228]
k-eff (implicit)  = 1.32013 +/- 0.00036  [1.31943  1.32084]

(O4) (N/P) (MPI=2) (OMP=1) 
------------------------------------------------------------
------------------------------------------------------------

Serpent 2.2.3 -- Static criticality source simulation

Title: "BWRX-300 Core Model (3D)" 

Active cycle   45 / 100  Source neutrons : 49688

Running time :                  0:37:36
Estimated running time :        1:08:18
Estimated running time left :   0:30:42

Estimated relative CPU usage :    99.0%

k-eff (analog)    = 1.32051 +/- 0.00085  [1.31884  1.32219]
k-eff (implicit)  = 1.32013 +/- 0.00035  [1.31945  1.32082]

(O4) (N/P) (MPI=2) (OMP=1) 
------------------------------------------------------------
------------------------------------------------------------

Serpent 2.2.3 -- Static criticality source simulation

Title: "BWRX-300 Core Model (3D)" 

Active cycle   46 / 100  Source neutrons : 49891

Running time :                  0:38:05
Estimated running time :        1:08:09
Estimated running time left :   0:30:04

Estimated relative CPU usage :    98.7%

k-eff (analog)    = 1.32040 +/- 0.00084  [1.31875  1.32205]
k-eff (implicit)  = 1.32018 +/- 0.00035  [1.31950  1.32086]

(O4) (N/P) (MPI=2) (OMP=1) 
------------------------------------------------------------
------------------------------------------------------------

Serpent 2.2.3 -- Static criticality source simulation

Title: "BWRX-300 Core Model (3D)" 

Active cycle   47 / 100  Source neutrons : 50147

Running time :                  0:38:35
Estimated running time :        1:08:02
Estimated running time left :   0:29:26

Estimated relative CPU usage :    98.7%

k-eff (analog)    = 1.32037 +/- 0.00083  [1.31875  1.32199]
k-eff (implicit)  = 1.32017 +/- 0.00034  [1.31951  1.32083]

(O4) (N/P) (MPI=2) (OMP=1) 
------------------------------------------------------------
------------------------------------------------------------

Serpent 2.2.3 -- Static criticality source simulation

Title: "BWRX-300 Core Model (3D)" 

Active cycle   48 / 100  Source neutrons : 50127

Running time :                  0:39:05
Estimated running time :        1:07:54
Estimated running time left :   0:28:49

Estimated relative CPU usage :    98.7%

k-eff (analog)    = 1.32041 +/- 0.00081  [1.31883  1.32200]
k-eff (implicit)  = 1.32017 +/- 0.00033  [1.31952  1.32082]

(O4) (N/P) (MPI=2) (OMP=1) 
------------------------------------------------------------
------------------------------------------------------------

Serpent 2.2.3 -- Static criticality source simulation

Title: "BWRX-300 Core Model (3D)" 

Active cycle   49 / 100  Source neutrons : 49743

Running time :                  0:39:34
Estimated running time :        1:07:46
Estimated running time left :   0:28:12

Estimated relative CPU usage :    98.7%

k-eff (analog)    = 1.32032 +/- 0.00080  [1.31875  1.32188]
k-eff (implicit)  = 1.32018 +/- 0.00032  [1.31955  1.32082]

(O4) (N/P) (MPI=2) (OMP=1) 
------------------------------------------------------------
------------------------------------------------------------

Serpent 2.2.3 -- Static criticality source simulation

Title: "BWRX-300 Core Model (3D)" 

Active cycle   50 / 100  Source neutrons : 50245

Running time :                  0:40:03
Estimated running time :        1:07:39
Estimated running time left :   0:27:35

Estimated relative CPU usage :    98.7%

k-eff (analog)    = 1.32035 +/- 0.00078  [1.31882  1.32189]
k-eff (implicit)  = 1.32028 +/- 0.00033  [1.31963  1.32094]

(O4) (N/P) (MPI=2) (OMP=1) 
------------------------------------------------------------
------------------------------------------------------------

Serpent 2.2.3 -- Static criticality source simulation

Title: "BWRX-300 Core Model (3D)" 

Active cycle   51 / 100  Source neutrons : 50040

Running time :                  0:40:33
Estimated running time :        1:07:32
Estimated running time left :   0:26:58

Estimated relative CPU usage :    97.3%

k-eff (analog)    = 1.32041 +/- 0.00077  [1.31890  1.32192]
k-eff (implicit)  = 1.32028 +/- 0.00033  [1.31964  1.32092]

(O4) (N/P) (MPI=2) (OMP=1) 
------------------------------------------------------------
------------------------------------------------------------

Serpent 2.2.3 -- Static criticality source simulation

Title: "BWRX-300 Core Model (3D)" 

Active cycle   52 / 100  Source neutrons : 50064

Running time :                  0:41:02
Estimated running time :        1:07:24
Estimated running time left :   0:26:22

Estimated relative CPU usage :    98.8%

k-eff (analog)    = 1.32049 +/- 0.00076  [1.31900  1.32198]
k-eff (implicit)  = 1.32019 +/- 0.00033  [1.31954  1.32084]

(O4) (N/P) (MPI=2) (OMP=1) 
------------------------------------------------------------
------------------------------------------------------------

Serpent 2.2.3 -- Static criticality source simulation

Title: "BWRX-300 Core Model (3D)" 

Active cycle   53 / 100  Source neutrons : 49944

Running time :                  0:41:31
Estimated running time :        1:07:17
Estimated running time left :   0:25:46

Estimated relative CPU usage :    98.7%

k-eff (analog)    = 1.32055 +/- 0.00075  [1.31908  1.32201]
k-eff (implicit)  = 1.32018 +/- 0.00033  [1.31954  1.32082]

(O4) (N/P) (MPI=2) (OMP=1) 
------------------------------------------------------------
------------------------------------------------------------

Serpent 2.2.3 -- Static criticality source simulation

Title: "BWRX-300 Core Model (3D)" 

Active cycle   54 / 100  Source neutrons : 50061

Running time :                  0:42:00
Estimated running time :        1:07:10
Estimated running time left :   0:25:09

Estimated relative CPU usage :    98.8%

k-eff (analog)    = 1.32063 +/- 0.00074  [1.31918  1.32207]
k-eff (implicit)  = 1.32017 +/- 0.00032  [1.31954  1.32080]

(O4) (N/P) (MPI=2) (OMP=1) 
------------------------------------------------------------
------------------------------------------------------------

Serpent 2.2.3 -- Static criticality source simulation

Title: "BWRX-300 Core Model (3D)" 

Active cycle   55 / 100  Source neutrons : 49557

Running time :                  0:42:28
Estimated running time :        1:07:01
Estimated running time left :   0:24:32

Estimated relative CPU usage :    98.8%

k-eff (analog)    = 1.32049 +/- 0.00074  [1.31905  1.32194]
k-eff (implicit)  = 1.32017 +/- 0.00031  [1.31955  1.32079]

(O4) (N/P) (MPI=2) (OMP=1) 
------------------------------------------------------------
------------------------------------------------------------

Serpent 2.2.3 -- Static criticality source simulation

Title: "BWRX-300 Core Model (3D)" 

Active cycle   56 / 100  Source neutrons : 50340

Running time :                  0:42:56
Estimated running time :        1:06:52
Estimated running time left :   0:23:55

Estimated relative CPU usage :    98.9%

k-eff (analog)    = 1.32052 +/- 0.00072  [1.31910  1.32194]
k-eff (implicit)  = 1.32009 +/- 0.00032  [1.31946  1.32071]

(O4) (N/P) (MPI=2) (OMP=1) 
------------------------------------------------------------
------------------------------------------------------------

Serpent 2.2.3 -- Static criticality source simulation

Title: "BWRX-300 Core Model (3D)" 

Active cycle   57 / 100  Source neutrons : 50025

Running time :                  0:43:25
Estimated running time :        1:06:46
Estimated running time left :   0:23:21

Estimated relative CPU usage :    98.8%

k-eff (analog)    = 1.32056 +/- 0.00071  [1.31917  1.32196]
k-eff (implicit)  = 1.32011 +/- 0.00031  [1.31950  1.32073]

(O4) (N/P) (MPI=2) (OMP=1) 
------------------------------------------------------------
------------------------------------------------------------

Serpent 2.2.3 -- Static criticality source simulation

Title: "BWRX-300 Core Model (3D)" 

Active cycle   58 / 100  Source neutrons : 49981

Running time :                  0:43:54
Estimated running time :        1:06:40
Estimated running time left :   0:22:45

Estimated relative CPU usage :    98.8%

k-eff (analog)    = 1.32059 +/- 0.00070  [1.31922  1.32197]
k-eff (implicit)  = 1.32014 +/- 0.00031  [1.31953  1.32075]

(O4) (N/P) (MPI=2) (OMP=1) 
------------------------------------------------------------
------------------------------------------------------------

Serpent 2.2.3 -- Static criticality source simulation

Title: "BWRX-300 Core Model (3D)" 

Active cycle   59 / 100  Source neutrons : 49601

Running time :                  0:44:24
Estimated running time :        1:06:35
Estimated running time left :   0:22:11

Estimated relative CPU usage :    98.8%

k-eff (analog)    = 1.32045 +/- 0.00070  [1.31906  1.32183]
k-eff (implicit)  = 1.32011 +/- 0.00031  [1.31951  1.32071]

(O4) (N/P) (MPI=2) (OMP=1) 
------------------------------------------------------------
------------------------------------------------------------

Serpent 2.2.3 -- Static criticality source simulation

Title: "BWRX-300 Core Model (3D)" 

Active cycle   60 / 100  Source neutrons : 50439

Running time :                  0:44:54
Estimated running time :        1:06:31
Estimated running time left :   0:21:37

Estimated relative CPU usage :    98.8%

k-eff (analog)    = 1.32049 +/- 0.00069  [1.31913  1.32185]
k-eff (implicit)  = 1.32012 +/- 0.00030  [1.31953  1.32071]

(O4) (N/P) (MPI=2) (OMP=1) 
------------------------------------------------------------
------------------------------------------------------------

Serpent 2.2.3 -- Static criticality source simulation

Title: "BWRX-300 Core Model (3D)" 

Active cycle   61 / 100  Source neutrons : 50048

Running time :                  0:45:23
Estimated running time :        1:06:25
Estimated running time left :   0:21:02

Estimated relative CPU usage :    98.8%

k-eff (analog)    = 1.32056 +/- 0.00069  [1.31921  1.32190]
k-eff (implicit)  = 1.32010 +/- 0.00030  [1.31952  1.32068]

(O4) (N/P) (MPI=2) (OMP=1) 
------------------------------------------------------------
------------------------------------------------------------

Serpent 2.2.3 -- Static criticality source simulation

Title: "BWRX-300 Core Model (3D)" 

Active cycle   62 / 100  Source neutrons : 49955

Running time :                  0:45:52
Estimated running time :        1:06:19
Estimated running time left :   0:20:27

Estimated relative CPU usage :    98.8%

k-eff (analog)    = 1.32060 +/- 0.00068  [1.31928  1.32193]
k-eff (implicit)  = 1.32012 +/- 0.00029  [1.31954  1.32069]

(O4) (N/P) (MPI=2) (OMP=1) 
------------------------------------------------------------
------------------------------------------------------------

Serpent 2.2.3 -- Static criticality source simulation

Title: "BWRX-300 Core Model (3D)" 

Active cycle   63 / 100  Source neutrons : 49577

Running time :                  0:46:21
Estimated running time :        1:06:14
Estimated running time left :   0:19:53

Estimated relative CPU usage :    98.8%

k-eff (analog)    = 1.32047 +/- 0.00068  [1.31914  1.32180]
k-eff (implicit)  = 1.32009 +/- 0.00029  [1.31952  1.32066]

(O4) (N/P) (MPI=2) (OMP=1) 
------------------------------------------------------------
------------------------------------------------------------

Serpent 2.2.3 -- Static criticality source simulation

Title: "BWRX-300 Core Model (3D)" 

Active cycle   64 / 100  Source neutrons : 50131

Running time :                  0:46:50
Estimated running time :        1:06:09
Estimated running time left :   0:19:19

Estimated relative CPU usage :    98.8%

k-eff (analog)    = 1.32039 +/- 0.00067  [1.31908  1.32171]
k-eff (implicit)  = 1.32014 +/- 0.00029  [1.31957  1.32071]

(O4) (N/P) (MPI=2) (OMP=1) 
------------------------------------------------------------
------------------------------------------------------------

Serpent 2.2.3 -- Static criticality source simulation

Title: "BWRX-300 Core Model (3D)" 

Active cycle   65 / 100  Source neutrons : 50075

Running time :                  0:47:19
Estimated running time :        1:06:06
Estimated running time left :   0:18:46

Estimated relative CPU usage :    98.8%

k-eff (analog)    = 1.32035 +/- 0.00066  [1.31905  1.32165]
k-eff (implicit)  = 1.32016 +/- 0.00029  [1.31960  1.32072]

(O4) (N/P) (MPI=2) (OMP=1) 
------------------------------------------------------------
------------------------------------------------------------

Serpent 2.2.3 -- Static criticality source simulation

Title: "BWRX-300 Core Model (3D)" 

Active cycle   66 / 100  Source neutrons : 50040

Running time :                  0:47:49
Estimated running time :        1:06:02
Estimated running time left :   0:18:12

Estimated relative CPU usage :    98.8%

k-eff (analog)    = 1.32033 +/- 0.00065  [1.31904  1.32161]
k-eff (implicit)  = 1.32016 +/- 0.00028  [1.31961  1.32071]

(O4) (N/P) (MPI=2) (OMP=1) 
------------------------------------------------------------
------------------------------------------------------------

Serpent 2.2.3 -- Static criticality source simulation

Title: "BWRX-300 Core Model (3D)" 

Active cycle   67 / 100  Source neutrons : 50155

Running time :                  0:48:13
Estimated running time :        1:05:50
Estimated running time left :   0:17:36

Estimated relative CPU usage :    99.0%

k-eff (analog)    = 1.32036 +/- 0.00065  [1.31910  1.32163]
k-eff (implicit)  = 1.32016 +/- 0.00028  [1.31961  1.32070]

(O4) (N/P) (MPI=2) (OMP=1) 
------------------------------------------------------------
------------------------------------------------------------

Serpent 2.2.3 -- Static criticality source simulation

Title: "BWRX-300 Core Model (3D)" 

Active cycle   68 / 100  Source neutrons : 49814

Running time :                  0:48:50
Estimated running time :        1:05:56
Estimated running time left :   0:17:06

Estimated relative CPU usage :    98.5%

k-eff (analog)    = 1.32032 +/- 0.00064  [1.31908  1.32157]
k-eff (implicit)  = 1.32021 +/- 0.00028  [1.31966  1.32075]

(O4) (N/P) (MPI=2) (OMP=1) 
------------------------------------------------------------
------------------------------------------------------------

Serpent 2.2.3 -- Static criticality source simulation

Title: "BWRX-300 Core Model (3D)" 

Active cycle   69 / 100  Source neutrons : 49895

Running time :                  0:49:43
Estimated running time :        1:06:26
Estimated running time left :   0:16:43

Estimated relative CPU usage :    98.4%

k-eff (analog)    = 1.32025 +/- 0.00063  [1.31901  1.32149]
k-eff (implicit)  = 1.32024 +/- 0.00028  [1.31970  1.32079]

(O4) (N/P) (MPI=2) (OMP=1) 
------------------------------------------------------------
------------------------------------------------------------

Serpent 2.2.3 -- Static criticality source simulation

Title: "BWRX-300 Core Model (3D)" 

Active cycle   70 / 100  Source neutrons : 49984

Running time :                  0:50:13
Estimated running time :        1:06:24
Estimated running time left :   0:16:10

Estimated relative CPU usage :    98.8%

k-eff (analog)    = 1.32017 +/- 0.00063  [1.31894  1.32140]
k-eff (implicit)  = 1.32035 +/- 0.00029  [1.31978  1.32092]

(O4) (N/P) (MPI=2) (OMP=1) 
------------------------------------------------------------
------------------------------------------------------------

Serpent 2.2.3 -- Static criticality source simulation

Title: "BWRX-300 Core Model (3D)" 

Active cycle   71 / 100  Source neutrons : 50767

Running time :                  0:50:33
Estimated running time :        1:06:07
Estimated running time left :   0:15:33

Estimated relative CPU usage :    99.3%

k-eff (analog)    = 1.32037 +/- 0.00065  [1.31909  1.32165]
k-eff (implicit)  = 1.32044 +/- 0.00030  [1.31985  1.32103]

(O4) (N/P) (MPI=2) (OMP=1) 
------------------------------------------------------------
------------------------------------------------------------

Serpent 2.2.3 -- Static criticality source simulation

Title: "BWRX-300 Core Model (3D)" 

Active cycle   72 / 100  Source neutrons : 49452

Running time :                  0:50:53
Estimated running time :        1:05:50
Estimated running time left :   0:14:56

Estimated relative CPU usage :    99.3%

k-eff (analog)    = 1.32037 +/- 0.00064  [1.31911  1.32163]
k-eff (implicit)  = 1.32051 +/- 0.00031  [1.31991  1.32111]

(O4) (N/P) (MPI=2) (OMP=1) 
------------------------------------------------------------
------------------------------------------------------------

Serpent 2.2.3 -- Static criticality source simulation

Title: "BWRX-300 Core Model (3D)" 

Active cycle   73 / 100  Source neutrons : 50252

Running time :                  0:51:14
Estimated running time :        1:05:34
Estimated running time left :   0:14:20

Estimated relative CPU usage :    99.3%

k-eff (analog)    = 1.32046 +/- 0.00064  [1.31920  1.32171]
k-eff (implicit)  = 1.32054 +/- 0.00030  [1.31995  1.32113]

(O4) (N/P) (MPI=2) (OMP=1) 
------------------------------------------------------------
------------------------------------------------------------

Serpent 2.2.3 -- Static criticality source simulation

Title: "BWRX-300 Core Model (3D)" 

Active cycle   74 / 100  Source neutrons : 49522

Running time :                  0:51:33
Estimated running time :        1:05:17
Estimated running time left :   0:13:44

Estimated relative CPU usage :    99.3%

k-eff (analog)    = 1.32037 +/- 0.00064  [1.31912  1.32162]
k-eff (implicit)  = 1.32054 +/- 0.00030  [1.31996  1.32113]

(O4) (N/P) (MPI=2) (OMP=1) 
------------------------------------------------------------
------------------------------------------------------------

Serpent 2.2.3 -- Static criticality source simulation

Title: "BWRX-300 Core Model (3D)" 

Active cycle   75 / 100  Source neutrons : 49737

Running time :                  0:51:58
Estimated running time :        1:05:08
Estimated running time left :   0:13:10

Estimated relative CPU usage :    99.0%

k-eff (analog)    = 1.32020 +/- 0.00065  [1.31892  1.32148]
k-eff (implicit)  = 1.32056 +/- 0.00030  [1.31998  1.32114]

(O4) (N/P) (MPI=2) (OMP=1) 
------------------------------------------------------------
------------------------------------------------------------

Serpent 2.2.3 -- Static criticality source simulation

Title: "BWRX-300 Core Model (3D)" 

Active cycle   76 / 100  Source neutrons : 50543

Running time :                  0:52:50
Estimated running time :        1:05:35
Estimated running time left :   0:12:44

Estimated relative CPU usage :    98.7%

k-eff (analog)    = 1.32021 +/- 0.00064  [1.31895  1.32148]
k-eff (implicit)  = 1.32051 +/- 0.00030  [1.31993  1.32109]

(O4) (N/P) (MPI=2) (OMP=1) 
------------------------------------------------------------
------------------------------------------------------------

Serpent 2.2.3 -- Static criticality source simulation

Title: "BWRX-300 Core Model (3D)" 

Active cycle   77 / 100  Source neutrons : 49749

Running time :                  0:53:35
Estimated running time :        1:05:52
Estimated running time left :   0:12:16

Estimated relative CPU usage :    98.8%

k-eff (analog)    = 1.32014 +/- 0.00064  [1.31889  1.32140]
k-eff (implicit)  = 1.32054 +/- 0.00029  [1.31997  1.32112]

(O4) (N/P) (MPI=2) (OMP=1) 
------------------------------------------------------------
------------------------------------------------------------

Serpent 2.2.3 -- Static criticality source simulation

Title: "BWRX-300 Core Model (3D)" 

Active cycle   78 / 100  Source neutrons : 50186

Running time :                  0:53:55
Estimated running time :        1:05:37
Estimated running time left :   0:11:41

Estimated relative CPU usage :    99.4%

k-eff (analog)    = 1.32014 +/- 0.00063  [1.31890  1.32137]
k-eff (implicit)  = 1.32059 +/- 0.00029  [1.32001  1.32116]

(O4) (N/P) (MPI=2) (OMP=1) 
------------------------------------------------------------
------------------------------------------------------------

Serpent 2.2.3 -- Static criticality source simulation

Title: "BWRX-300 Core Model (3D)" 

Active cycle   79 / 100  Source neutrons : 49967

Running time :                  0:54:42
Estimated running time :        1:05:55
Estimated running time left :   0:11:13

Estimated relative CPU usage :    98.7%

k-eff (analog)    = 1.32012 +/- 0.00062  [1.31889  1.32134]
k-eff (implicit)  = 1.32059 +/- 0.00029  [1.32002  1.32116]

(O4) (N/P) (MPI=2) (OMP=1) 
------------------------------------------------------------
------------------------------------------------------------

Serpent 2.2.3 -- Static criticality source simulation

Title: "BWRX-300 Core Model (3D)" 

Active cycle   80 / 100  Source neutrons : 49991

Running time :                  0:55:33
Estimated running time :        1:06:19
Estimated running time left :   0:10:46

Estimated relative CPU usage :    98.7%

k-eff (analog)    = 1.32010 +/- 0.00062  [1.31889  1.32131]
k-eff (implicit)  = 1.32059 +/- 0.00029  [1.32003  1.32116]

(O4) (N/P) (MPI=2) (OMP=1) 
------------------------------------------------------------
------------------------------------------------------------

Serpent 2.2.3 -- Static criticality source simulation

Title: "BWRX-300 Core Model (3D)" 

Active cycle   81 / 100  Source neutrons : 50160

Running time :                  0:55:55
Estimated running time :        1:06:06
Estimated running time left :   0:10:11

Estimated relative CPU usage :    99.3%

k-eff (analog)    = 1.32013 +/- 0.00061  [1.31894  1.32133]
k-eff (implicit)  = 1.32062 +/- 0.00028  [1.32006  1.32118]

(O4) (N/P) (MPI=2) (OMP=1) 
------------------------------------------------------------
------------------------------------------------------------

Serpent 2.2.3 -- Static criticality source simulation

Title: "BWRX-300 Core Model (3D)" 

Active cycle   82 / 100  Source neutrons : 50152

Running time :                  0:56:21
Estimated running time :        1:05:59
Estimated running time left :   0:09:37

Estimated relative CPU usage :    99.1%

k-eff (analog)    = 1.32021 +/- 0.00061  [1.31902  1.32140]
k-eff (implicit)  = 1.32062 +/- 0.00028  [1.32007  1.32117]

(O4) (N/P) (MPI=2) (OMP=1) 
------------------------------------------------------------
------------------------------------------------------------

Serpent 2.2.3 -- Static criticality source simulation

Title: "BWRX-300 Core Model (3D)" 

Active cycle   83 / 100  Source neutrons : 49778

Running time :                  0:57:11
Estimated running time :        1:06:20
Estimated running time left :   0:09:09

Estimated relative CPU usage :    98.7%

k-eff (analog)    = 1.32022 +/- 0.00060  [1.31904  1.32140]
k-eff (implicit)  = 1.32063 +/- 0.00028  [1.32009  1.32118]

(O4) (N/P) (MPI=2) (OMP=1) 
------------------------------------------------------------
------------------------------------------------------------

Serpent 2.2.3 -- Static criticality source simulation

Title: "BWRX-300 Core Model (3D)" 

Active cycle   84 / 100  Source neutrons : 49814

Running time :                  0:57:55
Estimated running time :        1:06:34
Estimated running time left :   0:08:39

Estimated relative CPU usage :    98.8%

k-eff (analog)    = 1.32017 +/- 0.00060  [1.31900  1.32134]
k-eff (implicit)  = 1.32066 +/- 0.00028  [1.32012  1.32120]

(O4) (N/P) (MPI=2) (OMP=1) 
------------------------------------------------------------
------------------------------------------------------------

Serpent 2.2.3 -- Static criticality source simulation

Title: "BWRX-300 Core Model (3D)" 

Active cycle   85 / 100  Source neutrons : 50240

Running time :                  0:58:15
Estimated running time :        1:06:20
Estimated running time left :   0:08:04

Estimated relative CPU usage :    99.4%

k-eff (analog)    = 1.32020 +/- 0.00059  [1.31904  1.32135]
k-eff (implicit)  = 1.32071 +/- 0.00028  [1.32016  1.32125]

(O4) (N/P) (MPI=2) (OMP=1) 
------------------------------------------------------------
------------------------------------------------------------

Serpent 2.2.3 -- Static criticality source simulation

Title: "BWRX-300 Core Model (3D)" 

Active cycle   86 / 100  Source neutrons : 49962

Running time :                  0:58:50
Estimated running time :        1:06:23
Estimated running time left :   0:07:32

Estimated relative CPU usage :    98.9%

k-eff (analog)    = 1.32021 +/- 0.00058  [1.31907  1.32135]
k-eff (implicit)  = 1.32070 +/- 0.00027  [1.32016  1.32123]

(O4) (N/P) (MPI=2) (OMP=1) 
------------------------------------------------------------
------------------------------------------------------------

Serpent 2.2.3 -- Static criticality source simulation

Title: "BWRX-300 Core Model (3D)" 

Active cycle   87 / 100  Source neutrons : 49866

Running time :                  0:59:41
Estimated running time :        1:06:44
Estimated running time left :   0:07:03

Estimated relative CPU usage :    98.8%

k-eff (analog)    = 1.32018 +/- 0.00058  [1.31905  1.32131]
k-eff (implicit)  = 1.32074 +/- 0.00027  [1.32021  1.32128]

(O4) (N/P) (MPI=2) (OMP=1) 
------------------------------------------------------------
slurmstepd-node015: error: *** JOB 73190 ON node015 CANCELLED AT 2026-04-15T16:20:59 DUE TO TIME LIMIT ***
