
  _                   .-=-.           .-=-.          .-==-.       
 { }      __        .' O o '.       .' O o '.       /  -<' )--<   
 { }    .' O'.     / o .-. O \     / o .-. O \     /  .---`       
 { }   / .-. o\   /O  /   \  o\   /O  /   \  o\   /O /            
  \ `-` /   \ O`-'o  /     \  O`-'o  /     \  O`-`o /             
   `-.-`     '.____.'       `._____.'       `.____.'              

Serpent 2.2

A Continuous-energy Monte Carlo transport calculation calculation code

 - Version 2.2.3 (October 16, 2025) -- Contact: serpent@vtt.fi

 - Reference: J. Leppanen, et al. "Status of Serpent Monte Carlo code
              in 2024." EPJ Nuclear Sci. Technol. 11 (2025) 3.
              https://doi.org/10.1051/epjn/2024031

The Serpent software is proprietary and subject to export control
restrictions. The terms and conditions for using Serpent are outlined
in the software licence agreement.

For online documentation, see: https://serpent.vtt.fi/docs

 - Compiled Nov 12 2025 19:30:53

 - MPI Parallel calculation mode available

 - OpenMP Parallel calculation mode available

 - Geometry and mesh plotting available

 - Default data path not set

 - Full command used to run Serpent:

   sss2 -omp 1 bwrx300.inp

Begin calculation on Wed Mar  4 15:22:59 2026 at node053.rdfmg.local

Reading input file "bwrx300.inp"...


 ***** Note #1 Wed Mar  4 15:22:59 2026

Surface "s1001": half-thickness used as radius 
{s =  5.00000E-01} (rounded corners)

Checking duplicate input definitions...
OK.


 ***** Note #2 Wed Mar  4 15:22:59 2026

Burnable material mF1 used in 3 nests is handled as a single
       depletion zone. This differs from the methodology used in Serpent 2.2.1
       and earlier code versions. The material sub-division can be enabled by
       by setting fallback option 2.2.2-001, but it is recommended to use the
       "div sep" feature instead.

Creating geometry...
OK.

Counting geometry zones...

The geometry consists of 4 levels. Universes belonging
to multiple levels are listed only once.

Level 0 universes:

 - Universe 0: CSG

Level 1 universes:

 - Universe uBun1: Lattice (type 1)

Level 2 universes:

 - Universe uLAT1M: Lattice (type 1)

Level 3 universes:

 - Universe 1: Nest
 - Universe 4: Nest
 - Universe 2: Nest
 - Universe 6: Nest
 - Universe 3: Nest


 ***** Note #3 Wed Mar  4 15:22:59 2026

Cell c101B is not used in geometry


 ***** Note #4 Wed Mar  4 15:22:59 2026

Cell c102B is not used in geometry


 ***** Note #5 Wed Mar  4 15:23:00 2026

Cell c103B is not used in geometry


 ***** Note #6 Wed Mar  4 15:23:00 2026

Cell c104B is not used in geometry


 ***** Note #7 Wed Mar  4 15:23:00 2026

Cell c105B is not used in geometry


 ***** Note #8 Wed Mar  4 15:23:00 2026

Cell c106B is not used in geometry


 ***** Note #9 Wed Mar  4 15:23:00 2026

Cell c107B is not used in geometry


 ***** Note #10 Wed Mar  4 15:23:00 2026

Cell c101M is not used in geometry


 ***** Note #11 Wed Mar  4 15:23:00 2026

Cell c102M is not used in geometry


 ***** Note #12 Wed Mar  4 15:23:00 2026

Cell c103M is not used in geometry


 ***** Note #13 Wed Mar  4 15:23:01 2026

Cell c104M is not used in geometry


 ***** Note #14 Wed Mar  4 15:23:01 2026

Cell c105M is not used in geometry


 ***** Note #15 Wed Mar  4 15:23:01 2026

Cell c106M is not used in geometry


 ***** Note #16 Wed Mar  4 15:23:01 2026

Cell c107M is not used in geometry


 ***** Note #17 Wed Mar  4 15:23:01 2026

Cell cF1B is not used in geometry


 ***** Note #18 Wed Mar  4 15:23:01 2026

Cell cF1M is not used in geometry


 ***** Note #19 Wed Mar  4 15:23:01 2026

Cell c2000 is not used in geometry


 ***** Note #20 Wed Mar  4 15:23:01 2026

Nest 5 is not used in geometry


 ***** Note #21 Wed Mar  4 15:23:01 2026

Lattice uLAT1B is not used in geometry

Processing cells...
OK.

Linking materials to geometry...
OK.

Processing detector definitions...
OK.


 ***** Note #22 Wed Mar  4 15:23:02 2026

Axial repeated boundary condition not applied to surface s1000

Counting cells...
OK.

Processing data for group constant generation:

 - 168 energy groups in micro-group structure
 - 2 energy groups in macro-group structure
 - B1 fundamental mode calculation is not run
 - Group constants generated in 1 universes
 - Discontinuity factors are not calculated
 - Pin-power distributions are not calculated
 - Albedos are not calculated
 - Poison cross sections are not calculated

Plotting geometry:

   0% complete

Geometry errors in plot bwrx300.inp_geom1.png: no cell.

  33% complete
  67% complete

Geometry errors in plot bwrx300.inp_geom3.png: no cell.

 100% complete

Reading ACE directory files...
OK.

Reading neutron-induced fission yields...
OK.

Adding nuclides in material mF1...

Nuclide  92235.09c -- uranium 235 at 900K (U-235)
Nuclide  92238.09c -- uranium 238 at 900K (U-238)
Nuclide   8016.09c -- oxygen 16 at 900K (O-16)

Adding nuclides in material mClad...

Nuclide  40090.03c -- zirconium 90 at 350K (Zr-90)
Nuclide  40091.03c -- zirconium 91 at 350K (Zr-91)
Nuclide  40092.03c -- zirconium 92 at 350K (Zr-92)
Nuclide  40094.03c -- zirconium 94 at 350K (Zr-94)
Nuclide  40096.03c -- zirconium 96 at 350K (Zr-96)

Adding nuclides in material mSS...

Nuclide  26000.03c -- natural iron at 350K (Fe-nat)

Adding nuclides in material mWater...

Nuclide   1001.03c -- hydrogen at 350K (H-1)
Nuclide   8016.03c -- oxygen 16 at 350K (O-16)

Adding nuclides in material mCR...

Nuclide   6012.03c -- carbon 12 at 350K (C-12)

Running Doppler-broadening preprocessor:

Adjusting nuclide  40090.03c temperature from 300K to 350K...
Adjusting nuclide  40091.03c temperature from 300K to 350K...
Adjusting nuclide  40092.03c temperature from 300K to 350K...
Adjusting nuclide  40094.03c temperature from 300K to 350K...
Adjusting nuclide  40096.03c temperature from 300K to 350K...
Adjusting nuclide  26000.03c temperature from 300K to 350K...
Adjusting nuclide   1001.03c temperature from 300K to 350K...
Adjusting nuclide   8016.03c temperature from 300K to 350K...
Adjusting nuclide   6012.03c temperature from 300K to 350K...

Adding thermal scattering data...

Nuclide   lwj3.00t -- hydrogen at 294K (H-1)
Nuclide   lwj3.03t -- hydrogen at 374K (H-1)

Checking data and printing output...
OK.

Sharing input data to MPI tasks...
OK.

Adding points to unionized energy grids:

  1001.03c -- Points added in neutron grid: 356
  1001.03s -- Points added in neutron grid: 91
  6012.03c -- Points added in neutron grid: 806
  8016.09c -- Points added in neutron grid: 2154
 26000.03c -- Points added in neutron grid: 11114
 40090.03c -- Points added in neutron grid: 5321
 40091.03c -- Points added in neutron grid: 7060
 40092.03c -- Points added in neutron grid: 4579
 40094.03c -- Points added in neutron grid: 3341
 40096.03c -- Points added in neutron grid: 2136
 92235.09c -- Points added in neutron grid: 25230
 92238.09c -- Points added in neutron grid: 53922

Generating unionized energy grid:

 - Unionization performed without grid thinning
   between 1.00E-11 and 20.0 MeV.

 - Final neutron grid size: 116038 points.

 - 3.10 Mb of memory allocated for grid data

Processing cross sections and ENDF reaction laws...

Nuclide   1001.03c -- hydrogen at 350K (H-1)
Nuclide   1001.03s -- hydrogen at 350K (H-1)
Nuclide   6012.03c -- carbon 12 at 350K (C-12)
Nuclide   8016.09c -- oxygen 16 at 900K (O-16)
Nuclide   8016.03c -- oxygen 16 at 350K (O-16)
Nuclide  26000.03c -- natural iron at 350K (Fe-nat)
Nuclide  40090.03c -- zirconium 90 at 350K (Zr-90)
Nuclide  40091.03c -- zirconium 91 at 350K (Zr-91)
Nuclide  40092.03c -- zirconium 92 at 350K (Zr-92)
Nuclide  40094.03c -- zirconium 94 at 350K (Zr-94)
Nuclide  40096.03c -- zirconium 96 at 350K (Zr-96)
Nuclide  92235.09c -- uranium 235 at 900K (U-235)
Nuclide  92238.09c -- uranium 238 at 900K (U-238)

SUMMARY -- 13 nuclides included in calculation:

 - 13 transport nuclides
 - Neutron energy cut-offs at 1.00E-11 and 20.0 MeV
 - 331 transport reactions
 - 89 special reactions
 - 6 decay reactions
 - 82.08 Mb of memory allocated for data

Normalizing compositions and processing mixtures...
OK.

Allocating memory for macroscopic cross section data...
OK.

Allocating memory for particle structures...
OK.

Calculating maximum densities...
OK.

Performing density cut-off...
OK.

Sorting material-wise reaction lists:

   0% complete
  20% complete
  40% complete
  60% complete
  80% complete
 100% complete

Calculating macroscopic cross sections:

   0% complete
  20% complete
  40% complete
  60% complete
  80% complete
 100% complete

Waiting for results from other MPI tasks...
OK.

Calculating DT neutron majorant cross section:

   0% complete
  20% complete
  40% complete
  60% complete
  80% complete
 100% complete

Clearing results and statistics...
OK.

Sampling initial source...

***** Wed Mar  4 15:23:06 2026 (seed = 1772655779384, MPI task = 0, OMP thread = 0)

Tracking error: lattice error (possibly undefined element)

(x,y,z)  =  1.37124E+01  7.92992E+00  5.27106E+01
(u,v,w)  =  0.00000E+00  0.00000E+00  1.00000E+00

Lost particles: 0

Checking geometry errors (this may fail)...

Geometry error: undefined region.

Geometry structure at last position is printed below.
Some levels may not be printed correctly. Look for the
first level that fails: undefined region, suspicious
local coordinates, etc., and check the corresponding
geometry definition in the input.

Level 0 / universe 0 :
Cell universe / cell c1000
(x,y,z)  =  1.37124E+01  7.92992E+00  5.27106E+01
(u,v,w)  =  0.00000E+00  0.00000E+00  1.00000E+00

Level 1 / universe uBun1 :
Lattice universe / undefined region
(x,y,z)  =  1.37124E+01  7.92992E+00  5.27106E+01
(u,v,w)  =  0.00000E+00  0.00000E+00  1.00000E+00

Level 2 / universe uLAT1M :
Lattice universe / region 50
(x,y,z)  =  6.73743E+00  9.54918E-01  5.27106E+01
(u,v,w)  =  0.00000E+00  0.00000E+00  1.00000E+00

Geometry errors caused by undefined regions can be
ignored by using the "set lost" input option:

https://serpent.vtt.fi/docs/syntax/index.html#set-lost

***** Wed Mar  4 15:23:06 2026

Error:

Tracking error. Check detailed output message


***** Wed Mar  4 15:23:06 2026 (seed = 1772655779384, MPI task = 1, OMP thread = 0)

Tracking error: lattice error (possibly undefined element)

(x,y,z)  = -1.35475E+01  1.36882E+01  2.54001E+01
(u,v,w)  =  0.00000E+00  0.00000E+00  1.00000E+00

Lost particles: 0

Checking geometry errors (this may fail)...

Geometry error: undefined region.

Geometry structure at last position is printed below.
Some levels may not be printed correctly. Look for the
first level that fails: undefined region, suspicious
local coordinates, etc., and check the corresponding
geometry definition in the input.

Level 0 / universe 0 :
Cell universe / cell c1000
(x,y,z)  = -1.35475E+01  1.36882E+01  2.54001E+01
(u,v,w)  =  0.00000E+00  0.00000E+00  1.00000E+00

Level 1 / universe uBun1 :
Lattice universe / undefined region
(x,y,z)  = -1.35475E+01  1.36882E+01  2.54001E+01
(u,v,w)  =  0.00000E+00  0.00000E+00  1.00000E+00

Level 2 / universe uLAT1M :
Lattice universe / region 99
(x,y,z)  = -6.57252E+00  6.71317E+00  2.54001E+01
(u,v,w)  =  0.00000E+00  0.00000E+00  1.00000E+00

Geometry errors caused by undefined regions can be
ignored by using the "set lost" input option:

https://serpent.vtt.fi/docs/syntax/index.html#set-lost

***** Wed Mar  4 15:23:06 2026

Error:

Tracking error. Check detailed output message


Simulation aborted.
------------------------------------------------------------
Wed Mar  4 15:23:06 2026  (errors: 2, warnings: 0, notes: 22)

--------------------------------------------------------------------------
Primary job  terminated normally, but 1 process returned
a non-zero exit code. Per user-direction, the job has been aborted.
--------------------------------------------------------------------------
--------------------------------------------------------------------------
mpirun detected that one or more processes exited with non-zero status, thus causing
the job to be terminated. The first process to do so was:

  Process name: [[12403,1],1]
  Exit code:    255
--------------------------------------------------------------------------

real	0m10.864s
user	0m7.123s
sys	0m0.911s
