
  _                   .-=-.           .-=-.          .-==-.       
 { }      __        .' O o '.       .' O o '.       /  -<' )--<   
 { }    .' O'.     / o .-. O \     / o .-. O \     /  .---`       
 { }   / .-. o\   /O  /   \  o\   /O  /   \  o\   /O /            
  \ `-` /   \ O`-'o  /     \  O`-'o  /     \  O`-`o /             
   `-.-`     '.____.'       `._____.'       `.____.'              

Serpent 2.2

A Continuous-energy Monte Carlo transport calculation calculation code

 - Version 2.2.3 (October 16, 2025) -- Contact: serpent@vtt.fi

 - Reference: J. Leppanen, et al. "Status of Serpent Monte Carlo code
              in 2024." EPJ Nuclear Sci. Technol. 11 (2025) 3.
              https://doi.org/10.1051/epjn/2024031

The Serpent software is proprietary and subject to export control
restrictions. The terms and conditions for using Serpent are outlined
in the software licence agreement.

For online documentation, see: https://serpent.vtt.fi/docs

 - Compiled Nov 12 2025 19:30:53

 - MPI Parallel calculation mode available

 - OpenMP Parallel calculation mode available

 - Geometry and mesh plotting available

 - Default data path not set

 - Full command used to run Serpent:

   sss2 -omp 1 bwrx300.inp

Begin calculation on Wed Feb 25 16:00:35 2026 at node051.rdfmg.local

Reading input file "bwrx300.inp"...


 ***** Note #1 Wed Feb 25 16:00:35 2026

Surface "s1001": half-thickness used as radius 
{s =  5.00000E-01} (rounded corners)

Checking duplicate input definitions...

***** Wed Feb 25 16:00:35 2026

Input error in parameter "surf" on line 100 in file "bwrx300.inp":

Duplicate definition on line 131 in file "bwrx300.inp"


Simulation aborted.
------------------------------------------------------------
Wed Feb 25 16:00:35 2026  (errors: 1, warnings: 0, notes: 1)

--------------------------------------------------------------------------
Primary job  terminated normally, but 1 process returned
a non-zero exit code. Per user-direction, the job has been aborted.
--------------------------------------------------------------------------
--------------------------------------------------------------------------
mpirun detected that one or more processes exited with non-zero status, thus causing
the job to be terminated. The first process to do so was:

  Process name: [[16309,1],0]
  Exit code:    255
--------------------------------------------------------------------------

real	0m4.720s
user	0m0.146s
sys	0m0.953s
