
  _                   .-=-.           .-=-.          .-==-.       
 { }      __        .' O o '.       .' O o '.       /  -<' )--<   
 { }    .' O'.     / o .-. O \     / o .-. O \     /  .---`       
 { }   / .-. o\   /O  /   \  o\   /O  /   \  o\   /O /            
  \ `-` /   \ O`-'o  /     \  O`-'o  /     \  O`-`o /             
   `-.-`     '.____.'       `._____.'       `.____.'              

Serpent 2.2

A Continuous-energy Monte Carlo transport calculation calculation code

 - Version 2.2.3 (October 16, 2025) -- Contact: serpent@vtt.fi

 - Reference: J. Leppanen, et al. "Status of Serpent Monte Carlo code
              in 2024." EPJ Nuclear Sci. Technol. 11 (2025) 3.
              https://doi.org/10.1051/epjn/2024031

The Serpent software is proprietary and subject to export control
restrictions. The terms and conditions for using Serpent are outlined
in the software licence agreement.

For online documentation, see: https://serpent.vtt.fi/docs

 - Compiled Nov 12 2025 19:30:53

 - MPI Parallel calculation mode available

 - OpenMP Parallel calculation mode available

 - Geometry and mesh plotting available

 - Default data path not set

 - Full command used to run Serpent:

   sss2 -omp 1 concComp6.inp

Begin calculation on Mon Apr 20 19:13:31 2026 at node025.rdfmg.local

Reading input file "concComp6.inp"...


 ***** Note #1 Mon Apr 20 19:13:31 2026

Surface "s1001": half-thickness used as radius 
{s =  5.00000E-01} (rounded corners)

Checking duplicate input definitions...
OK.

Creating geometry...
OK.

Counting geometry zones...

The geometry consists of 5 levels. Universes belonging
to multiple levels are listed only once.

Level 0 universes:

 - Universe 0: CSG

Level 1 universes:

 - Universe uLatCore: Lattice (type 1)

Level 2 universes:

 - Universe uF1: CSG
 - Universe uC1: CSG

Level 3 universes:

 - Universe uLat1: Lattice (type 1)

Level 4 universes:

 - Universe 1: Nest
 - Universe 4: Nest
 - Universe 2: Nest
 - Universe 6: Nest
 - Universe 3: Nest


 ***** Note #2 Mon Apr 20 19:13:31 2026

Nest 5 is not used in geometry

Processing cells...
OK.

Linking materials to geometry...
OK.

Processing detector definitions...
OK.

Counting cells...
OK.

Processing data for group constant generation:

 - 168 energy groups in micro-group structure
 - 2 energy groups in macro-group structure
 - B1 fundamental mode calculation is not run
 - Group constants generated in 1 universes
 - Discontinuity factors are not calculated
 - Pin-power distributions are not calculated
 - Albedos are not calculated
 - Poison cross sections are not calculated

Plotting geometry:

   0% complete
  33% complete
  67% complete
 100% complete

Reading ACE directory files...
OK.

Reading neutron-induced fission yields...
OK.

Reading spontaneous fission yields...
OK.

Adding nuclides in material mF45...

Nuclide  92235.00c -- uranium 235 at 294K (U-235)
Nuclide  92238.00c -- uranium 238 at 294K (U-238)
Nuclide   8016.00c -- oxygen 16 at 294K (O-16)
Nuclide  98252.00c -- californium 252 at 294K (Cf-252)

Adding nuclides in material mClad...

Nuclide  40090.00c -- zirconium 90 at 350K (Zr-90)
Nuclide  40091.00c -- zirconium 91 at 350K (Zr-91)
Nuclide  40092.00c -- zirconium 92 at 350K (Zr-92)
Nuclide  40094.00c -- zirconium 94 at 350K (Zr-94)
Nuclide  40096.00c -- zirconium 96 at 350K (Zr-96)

Adding nuclides in material mSS...

Nuclide  26054.00c -- iron 54 at 350K (Fe-54)
Nuclide  26056.00c -- iron 56 at 350K (Fe-56)
Nuclide  26057.00c -- iron 57 at 350K (Fe-57)
Nuclide  26058.00c -- iron 58 at 350K (Fe-58)

Adding nuclides in material mWater...

Nuclide   1001.00c -- hydrogen at 300K (H-1)
Nuclide   8016.00c -- oxygen 16 at 300K (O-16)

Adding nuclides in material mCR...

Nuclide   6012.00c -- carbon 12 at 350K (C-12)

Adding nuclides in material mConcrete...

Nuclide   1001.00c -- hydrogen at 350K (H-1)
Nuclide   6013.00c -- carbon 13 at 350K (C-13)
Nuclide   8016.00c -- oxygen 16 at 350K (O-16)
Nuclide   8017.00c -- oxygen 17 at 350K (O-17)
Nuclide   8018.00c -- oxygen 18 at 350K (O-18)
Nuclide  11023.00c -- sodium 23 at 350K (Na-23)
Nuclide  12024.00c -- magnesium 24 at 350K (Mg-24)
Nuclide  12025.00c -- magnesium 25 at 350K (Mg-25)
Nuclide  12026.00c -- magnesium 26 at 350K (Mg-26)
Nuclide  13027.00c -- aluminum 27 at 350K (Al-27)
Nuclide  14028.00c -- silicon 28 at 350K (Si-28)
Nuclide  14029.00c -- silicon 29 at 350K (Si-29)
Nuclide  14030.00c -- silicon 30 at 350K (Si-30)
Nuclide  19039.00c -- potassium 39 at 350K (K-39)
Nuclide  19040.00c -- potassium 40 at 350K (K-40)
Nuclide  19041.00c -- potassium 41 at 350K (K-41)
Nuclide  20040.00c -- calcium 40 at 350K (Ca-40)
Nuclide  20042.00c -- calcium 42 at 350K (Ca-42)
Nuclide  20043.00c -- calcium 43 at 350K (Ca-43)
Nuclide  20044.00c -- calcium 44 at 350K (Ca-44)
Nuclide  20048.00c -- calcium 48 at 350K (Ca-48)
Nuclide  16032.00c -- sulfur 32 at 350K (S-32)
Nuclide  16033.00c -- sulfur 33 at 350K (S-33)
Nuclide  16034.00c -- sulfur 34 at 350K (S-34)
Nuclide  16036.00c -- sulfur 36 at 350K (S-36)
Nuclide   5010.00c -- boron 10 at 350K (B-10)
Nuclide   5011.00c -- boron 11 at 350K (B-11)
Nuclide  82204.00c -- lead 204 at 350K (Pb-204)
Nuclide  82206.00c -- lead 206 at 350K (Pb-206)
Nuclide  82207.00c -- lead 207 at 350K (Pb-207)
Nuclide  82208.00c -- lead 208 at 350K (Pb-208)

Running Doppler-broadening preprocessor:

Adjusting nuclide  40090.00c temperature from 294K to 350K...
Adjusting nuclide  40091.00c temperature from 294K to 350K...
Adjusting nuclide  40092.00c temperature from 294K to 350K...
Adjusting nuclide  40094.00c temperature from 294K to 350K...
Adjusting nuclide  40096.00c temperature from 294K to 350K...
Adjusting nuclide  26054.00c temperature from 294K to 350K...
Adjusting nuclide  26056.00c temperature from 294K to 350K...
Adjusting nuclide  26057.00c temperature from 294K to 350K...
Adjusting nuclide  26058.00c temperature from 294K to 350K...
Adjusting nuclide   1001.00c temperature from 294K to 300K...
Adjusting nuclide   8016.00c temperature from 294K to 300K...
Adjusting nuclide   6012.00c temperature from 294K to 350K...
Adjusting nuclide   1001.00c temperature from 294K to 350K...
Adjusting nuclide   6013.00c temperature from 294K to 350K...
Adjusting nuclide   8016.00c temperature from 294K to 350K...
Adjusting nuclide   8017.00c temperature from 294K to 350K...
Adjusting nuclide   8018.00c temperature from 294K to 350K...
Adjusting nuclide  11023.00c temperature from 294K to 350K...
Adjusting nuclide  12024.00c temperature from 294K to 350K...
Adjusting nuclide  12025.00c temperature from 294K to 350K...
Adjusting nuclide  12026.00c temperature from 294K to 350K...
Adjusting nuclide  13027.00c temperature from 294K to 350K...
Adjusting nuclide  14028.00c temperature from 294K to 350K...
Adjusting nuclide  14029.00c temperature from 294K to 350K...
Adjusting nuclide  14030.00c temperature from 294K to 350K...
Adjusting nuclide  19039.00c temperature from 294K to 350K...
Adjusting nuclide  19040.00c temperature from 294K to 350K...
Adjusting nuclide  19041.00c temperature from 294K to 350K...
Adjusting nuclide  20040.00c temperature from 294K to 350K...
Adjusting nuclide  20042.00c temperature from 294K to 350K...
Adjusting nuclide  20043.00c temperature from 294K to 350K...
Adjusting nuclide  20044.00c temperature from 294K to 350K...
Adjusting nuclide  20048.00c temperature from 294K to 350K...
Adjusting nuclide  16032.00c temperature from 294K to 350K...
Adjusting nuclide  16033.00c temperature from 294K to 350K...
Adjusting nuclide  16034.00c temperature from 294K to 350K...
Adjusting nuclide  16036.00c temperature from 294K to 350K...
Adjusting nuclide   5010.00c temperature from 294K to 350K...
Adjusting nuclide   5011.00c temperature from 294K to 350K...
Adjusting nuclide  82204.00c temperature from 294K to 350K...
Adjusting nuclide  82206.00c temperature from 294K to 350K...
Adjusting nuclide  82207.00c temperature from 294K to 350K...
Adjusting nuclide  82208.00c temperature from 294K to 350K...

Adding thermal scattering data...

Nuclide  h-h2o.40t -- hydrogen at 294K (H-1)

Adding photon interaction data...

Element   1000.84p -- hydrogen (photon library)
Element   5000.84p -- boron (photon library)
Element   6000.84p -- carbon (photon library)
Element   8000.84p -- oxygen (photon library)
Element  11000.84p -- sodium (photon library)
Element  12000.84p -- magnesium (photon library)
Element  13000.84p -- aluminum (photon library)
Element  14000.84p -- silicon (photon library)
Element  16000.84p -- sulfur (photon library)
Element  19000.84p -- potassium (photon library)
Element  20000.84p -- calcium (photon library)
Element  26000.84p -- iron (photon library)
Element  40000.84p -- zirconium (photon library)
Element  82000.84p -- lead (photon library)
Element  92000.84p -- uranium (photon library)
Element  98000.84p -- californium (photon library)

Checking data and printing output...
OK.

Sharing input data to MPI tasks...
OK.

Adding points to unionized energy grids:

  1001.00c -- Points added in neutron grid: 633
  1001.00s -- Points added in neutron grid: 102
  5010.00c -- Points added in neutron grid: 344
  5011.00c -- Points added in neutron grid: 2926
  6012.00c -- Points added in neutron grid: 823
  6013.00c -- Points added in neutron grid: 410
  8016.00c -- Points added in neutron grid: 1540
  8017.00c -- Points added in neutron grid: 224
  8018.00c -- Points added in neutron grid: 1099
 11023.00c -- Points added in neutron grid: 2846
 12024.00c -- Points added in neutron grid: 2113
 12025.00c -- Points added in neutron grid: 1112
 12026.00c -- Points added in neutron grid: 658
 13027.00c -- Points added in neutron grid: 4331
 14028.00c -- Points added in neutron grid: 7317
 14029.00c -- Points added in neutron grid: 2344
 14030.00c -- Points added in neutron grid: 3581
 16032.00c -- Points added in neutron grid: 9108
 16033.00c -- Points added in neutron grid: 1483
 16034.00c -- Points added in neutron grid: 1123
 16036.00c -- Points added in neutron grid: 115
 19039.00c -- Points added in neutron grid: 24385
 19040.00c -- Points added in neutron grid: 143
 19041.00c -- Points added in neutron grid: 27242
 20040.00c -- Points added in neutron grid: 25238
 20042.00c -- Points added in neutron grid: 7215
 20043.00c -- Points added in neutron grid: 5188
 20044.00c -- Points added in neutron grid: 4477
 20048.00c -- Points added in neutron grid: 821
 26054.00c -- Points added in neutron grid: 36307
 26056.00c -- Points added in neutron grid: 40628
 26057.00c -- Points added in neutron grid: 11466
 26058.00c -- Points added in neutron grid: 20398
 40090.00c -- Points added in neutron grid: 13386
 40091.00c -- Points added in neutron grid: 19060
 40092.00c -- Points added in neutron grid: 14363
 40094.00c -- Points added in neutron grid: 11236
 40096.00c -- Points added in neutron grid: 5574
 82204.00c -- Points added in neutron grid: 12135
 82206.00c -- Points added in neutron grid: 34230
 82207.00c -- Points added in neutron grid: 10804
 82208.00c -- Points added in neutron grid: 6633
 92235.00c -- Points added in neutron grid: 75465
 92238.00c -- Points added in neutron grid: 152730
 98252.00c -- Points added in neutron grid: 9065
  1000.84p -- Points added in photon grid: 278
  5000.84p -- Points added in photon grid: 244
  6000.84p -- Points added in photon grid: 191
  8000.84p -- Points added in photon grid: 174
 11000.84p -- Points added in photon grid: 230
 12000.84p -- Points added in photon grid: 173
 13000.84p -- Points added in photon grid: 207
 14000.84p -- Points added in photon grid: 197
 16000.84p -- Points added in photon grid: 154
 19000.84p -- Points added in photon grid: 151
 20000.84p -- Points added in photon grid: 136
 26000.84p -- Points added in photon grid: 147
 40000.84p -- Points added in photon grid: 214
 82000.84p -- Points added in photon grid: 344
 92000.84p -- Points added in photon grid: 304
 98000.84p -- Points added in photon grid: 319

Generating unionized energy grid:

 - Unionization performed without grid thinning
   between 1.00E-11 and 20.0 MeV.

 - Final neutron grid size: 612068 points.

 - Final photon grid size: 8150 points.

 - 16.56 Mb of memory allocated for grid data

Processing cross sections and ENDF reaction laws...

Nuclide   1001.00c -- hydrogen at 300K (H-1)
Nuclide   1001.00c -- hydrogen at 350K (H-1)
Nuclide   1001.00s -- hydrogen at 300K (H-1)
Nuclide   5010.00c -- boron 10 at 350K (B-10)
Nuclide   5011.00c -- boron 11 at 350K (B-11)
Nuclide   6012.00c -- carbon 12 at 350K (C-12)
Nuclide   6013.00c -- carbon 13 at 350K (C-13)
Nuclide   8016.00c -- oxygen 16 at 294K (O-16)
Nuclide   8016.00c -- oxygen 16 at 300K (O-16)
Nuclide   8016.00c -- oxygen 16 at 350K (O-16)
Nuclide   8017.00c -- oxygen 17 at 350K (O-17)
Nuclide   8018.00c -- oxygen 18 at 350K (O-18)
Nuclide  11023.00c -- sodium 23 at 350K (Na-23)
Nuclide  12024.00c -- magnesium 24 at 350K (Mg-24)
Nuclide  12025.00c -- magnesium 25 at 350K (Mg-25)
Nuclide  12026.00c -- magnesium 26 at 350K (Mg-26)
Nuclide  13027.00c -- aluminum 27 at 350K (Al-27)
Nuclide  14028.00c -- silicon 28 at 350K (Si-28)
Nuclide  14029.00c -- silicon 29 at 350K (Si-29)
Nuclide  14030.00c -- silicon 30 at 350K (Si-30)
Nuclide  16032.00c -- sulfur 32 at 350K (S-32)
Nuclide  16033.00c -- sulfur 33 at 350K (S-33)
Nuclide  16034.00c -- sulfur 34 at 350K (S-34)
Nuclide  16036.00c -- sulfur 36 at 350K (S-36)
Nuclide  19039.00c -- potassium 39 at 350K (K-39)
Nuclide  19040.00c -- potassium 40 at 350K (K-40)
Nuclide  19041.00c -- potassium 41 at 350K (K-41)
Nuclide  20040.00c -- calcium 40 at 350K (Ca-40)
Nuclide  20042.00c -- calcium 42 at 350K (Ca-42)
Nuclide  20043.00c -- calcium 43 at 350K (Ca-43)
Nuclide  20044.00c -- calcium 44 at 350K (Ca-44)
Nuclide  20048.00c -- calcium 48 at 350K (Ca-48)
Nuclide  26054.00c -- iron 54 at 350K (Fe-54)
Nuclide  26056.00c -- iron 56 at 350K (Fe-56)
Nuclide  26057.00c -- iron 57 at 350K (Fe-57)
Nuclide  26058.00c -- iron 58 at 350K (Fe-58)
Nuclide  40090.00c -- zirconium 90 at 350K (Zr-90)
Nuclide  40091.00c -- zirconium 91 at 350K (Zr-91)
Nuclide  40092.00c -- zirconium 92 at 350K (Zr-92)
Nuclide  40094.00c -- zirconium 94 at 350K (Zr-94)
Nuclide  40096.00c -- zirconium 96 at 350K (Zr-96)
Nuclide  82204.00c -- lead 204 at 350K (Pb-204)
Nuclide  82206.00c -- lead 206 at 350K (Pb-206)
Nuclide  82207.00c -- lead 207 at 350K (Pb-207)
Nuclide  82208.00c -- lead 208 at 350K (Pb-208)
Nuclide  92235.00c -- uranium 235 at 294K (U-235)
Nuclide  92238.00c -- uranium 238 at 294K (U-238)
Nuclide  98252.00c -- californium 252 at 294K (Cf-252)

***** Mon Apr 20 19:19:08 2026 (seed = 1776726811553, MPI task = 0)
Warning message #1 from function ProcessPhotoelectric:

Unable to open file /data/cm/shared/nuclearCodes/serpent/libs/photon_data/xspe.dat for reading (2.1.30 photoelectric xs data). Previous data format will be used if available.
NOTE: Support for the old format will be removed in 2.1.31.

Element   1000.84p -- hydrogen (photon library)
Element   5000.84p -- boron (photon library)
Element   6000.84p -- carbon (photon library)
Element   8000.84p -- oxygen (photon library)
Element  11000.84p -- sodium (photon library)
Element  12000.84p -- magnesium (photon library)
Element  13000.84p -- aluminum (photon library)
Element  14000.84p -- silicon (photon library)
Element  16000.84p -- sulfur (photon library)
Element  19000.84p -- potassium (photon library)
Element  20000.84p -- calcium (photon library)
Element  26000.84p -- iron (photon library)
Element  40000.84p -- zirconium (photon library)
Element  82000.84p -- lead (photon library)
Element  92000.84p -- uranium (photon library)
Element  98000.84p -- californium (photon library)

Analog photon production mode, data included for 45 nuclides:

  1001.00c -- 1 reaction (H-1)
  1001.00c -- 1 reaction (H-1)
  1001.00s -- 1 reaction (H-1)
  5010.00c -- 38 reactions (B-10)
  5011.00c -- 38 reactions (B-11)
  6012.00c -- 5 reactions (C-12)
  8016.00c -- 124 reactions (O-16)
  8016.00c -- 124 reactions (O-16)
  8016.00c -- 124 reactions (O-16)
 11023.00c -- 247 reactions (Na-23)
 12024.00c -- 59 reactions (Mg-24)
 12025.00c -- 143 reactions (Mg-25)
 12026.00c -- 71 reactions (Mg-26)
 13027.00c -- 411 reactions (Al-27)
 14028.00c -- 287 reactions (Si-28)
 14029.00c -- 355 reactions (Si-29)
 14030.00c -- 142 reactions (Si-30)
 16032.00c -- 37 reactions (S-32)
 16033.00c -- 72 reactions (S-33)
 16034.00c -- 28 reactions (S-34)
 16036.00c -- 16 reactions (S-36)
 19039.00c -- 20 reactions (K-39)
 19040.00c -- 24 reactions (K-40)
 19041.00c -- 9 reactions (K-41)
 20040.00c -- 71 reactions (Ca-40)
 20042.00c -- 70 reactions (Ca-42)
 20043.00c -- 70 reactions (Ca-43)
 20044.00c -- 63 reactions (Ca-44)
 20048.00c -- 47 reactions (Ca-48)
 26054.00c -- 378 reactions (Fe-54)
 26056.00c -- 532 reactions (Fe-56)
 26057.00c -- 348 reactions (Fe-57)
 26058.00c -- 368 reactions (Fe-58)
 40090.00c -- 135 reactions (Zr-90)
 40091.00c -- 205 reactions (Zr-91)
 40092.00c -- 236 reactions (Zr-92)
 40094.00c -- 393 reactions (Zr-94)
 40096.00c -- 54 reactions (Zr-96)
 82204.00c -- 69 reactions (Pb-204)
 82206.00c -- 70 reactions (Pb-206)
 82207.00c -- 63 reactions (Pb-207)
 82208.00c -- 107 reactions (Pb-208)
 92235.00c -- 583 reactions (U-235)
 92238.00c -- 358 reactions (U-238)
 98252.00c -- 16 reactions (Cf-252)

Photon production data not available for:

  6013.00c (C-13)
  8017.00c (O-17)
  8018.00c (O-18)

SUMMARY -- 64 nuclides included in calculation:

 - 48 transport nuclides
 - 16 elements with photon interaction data
 - Neutron energy cut-offs at 1.00E-11 and 20.0 MeV
 - Photon energy cut-offs at 1.00E-03 and 100.0 MeV
 - 1266 transport reactions
 - 1332 special reactions
 - 12 decay reactions
 - 2.68 Gb of memory allocated for data

Normalizing compositions and processing mixtures...
OK.

Allocating memory for macroscopic cross section data...
OK.

Processing electron data:

 - reading bremsstrahlung cross section data...
 - reading ground state configuration data...
 - processing input options...
 - processing element data...
 - processing material data...
 - processing TTB data...

Processing atomic relaxation data:

 - 423 radiative transitions (fluorescence)
 - 6041 non-radiative transitions (Auger electrons)

Allocating memory for particle structures...
OK.

Calculating maximum densities...
OK.

Performing density cut-off...
OK.

Sorting material-wise reaction lists:

   0% complete
  17% complete
  33% complete
  50% complete
  67% complete
  83% complete
 100% complete

Calculating macroscopic cross sections:

   0% complete

***** Mon Apr 20 19:19:09 2026 (seed = 1776726811553, MPI task = 1)
Warning message #1 from function ProcessPhotoelectric:

Unable to open file /data/cm/shared/nuclearCodes/serpent/libs/photon_data/xspe.dat for reading (2.1.30 photoelectric xs data). Previous data format will be used if available.
NOTE: Support for the old format will be removed in 2.1.31.

  17% complete
  33% complete
  50% complete
  67% complete
  83% complete
 100% complete

Waiting for results from other MPI tasks...
OK.

Calculating DT neutron majorant cross section:

   0% complete
  17% complete
  33% complete
  50% complete
  67% complete
  83% complete
 100% complete

Calculating DT photon majorant cross section...
OK.

Calculating activities...
OK.

Setting photon energy cutoffs:

  Material  Cutoff energy (MeV)  Mean free path (cm)
      mF45         1.000000E-03         1.502088E-05
     mClad         1.000000E-03         3.656650E-05
       mSS         1.000000E-03         1.393829E-05
    mWater         1.000000E-03         2.453032E-04
       mCR         1.000000E-03         3.835206E-05
 mConcrete         1.000000E-03         7.033894E-05

Clearing results and statistics...
OK.

Sampling initial source...
OK.

Inactive cycle   1 /  20: k-eff = 1.00000
Inactive cycle   2 /  20: k-eff = 0.47600
Inactive cycle   3 /  20: k-eff = 0.58929
Inactive cycle   4 /  20: k-eff = 0.44786
Inactive cycle   5 /  20: k-eff = 0.52131
Inactive cycle   6 /  20: k-eff = 0.51609
Inactive cycle   7 /  20: k-eff = 0.52435
Inactive cycle   8 /  20: k-eff = 0.55686
Inactive cycle   9 /  20: k-eff = 0.46665
Inactive cycle  10 /  20: k-eff = 0.55905
Inactive cycle  11 /  20: k-eff = 0.62390
Inactive cycle  12 /  20: k-eff = 0.58646
Inactive cycle  13 /  20: k-eff = 0.45627
Inactive cycle  14 /  20: k-eff = 0.45627
Inactive cycle  15 /  20: k-eff = 0.46631
Inactive cycle  16 /  20: k-eff = 0.51946
Inactive cycle  17 /  20: k-eff = 0.51219
Inactive cycle  18 /  20: k-eff = 0.42717
Inactive cycle  19 /  20: k-eff = 0.60145
Inactive cycle  20 /  20: k-eff = 0.57860

----- Begin active cycles -----

------------------------------------------------------------

Serpent 2.2.3 -- Static criticality source simulation

Title: "BWRX-300 Core Model (2D)" 

Active cycle    1 / 100  Source neutrons :   469

Running time :                  0:05:40
Estimated running time :        -:--:--
Estimated running time left :   -:--:--

Estimated relative CPU usage :    30.8%

k-eff (analog)    = 0.54272 +/- 0.00000  [0.54272  0.54272]
k-eff (implicit)  = 0.53701 +/- 0.00000  [0.53701  0.53701]

(O4) (N/P) (MPI=2) (OMP=1) 
------------------------------------------------------------
------------------------------------------------------------

Serpent 2.2.3 -- Static criticality source simulation

Title: "BWRX-300 Core Model (2D)" 

Active cycle    2 / 100  Source neutrons :   501

Running time :                  0:05:41
Estimated running time :        -:--:--
Estimated running time left :   -:--:--

Estimated relative CPU usage :    33.9%

k-eff (analog)    = 0.54327 +/- 0.00054  [0.54220  0.54433]
k-eff (implicit)  = 0.51216 +/- 0.02485  [0.46345  0.56087]

(O4) (N/P) (MPI=2) (OMP=1) 
------------------------------------------------------------
------------------------------------------------------------

Serpent 2.2.3 -- Static criticality source simulation

Title: "BWRX-300 Core Model (2D)" 

Active cycle    3 / 100  Source neutrons :   443

Running time :                  0:05:41
Estimated running time :        -:--:--
Estimated running time left :   -:--:--

Estimated relative CPU usage :    33.5%

k-eff (analog)    = 0.52278 +/- 0.02049  [0.48263  0.56294]
k-eff (implicit)  = 0.53073 +/- 0.02347  [0.48473  0.57672]

(O4) (N/P) (MPI=2) (OMP=1) 
------------------------------------------------------------
------------------------------------------------------------

Serpent 2.2.3 -- Static criticality source simulation

Title: "BWRX-300 Core Model (2D)" 

Active cycle    4 / 100  Source neutrons :   591

Running time :                  0:05:41
Estimated running time :        -:--:--
Estimated running time left :   -:--:--

Estimated relative CPU usage :    33.8%

k-eff (analog)    = 0.53446 +/- 0.01861  [0.49799  0.57094]
k-eff (implicit)  = 0.50769 +/- 0.02839  [0.45204  0.56333]

(O4) (N/P) (MPI=2) (OMP=1) 
------------------------------------------------------------
------------------------------------------------------------

Serpent 2.2.3 -- Static criticality source simulation

Title: "BWRX-300 Core Model (2D)" 

Active cycle    5 / 100  Source neutrons :   386

Running time :                  0:05:41
Estimated running time :        -:--:--
Estimated running time left :   -:--:--

Estimated relative CPU usage :    32.1%

k-eff (analog)    = 0.51550 +/- 0.02382  [0.46882  0.56219]
k-eff (implicit)  = 0.51328 +/- 0.02269  [0.46881  0.55776]

(O4) (N/P) (MPI=2) (OMP=1) 
------------------------------------------------------------
------------------------------------------------------------

Serpent 2.2.3 -- Static criticality source simulation

Title: "BWRX-300 Core Model (2D)" 

Active cycle    6 / 100  Source neutrons :   630

Running time :                  0:05:42
Estimated running time :        -:--:--
Estimated running time left :   -:--:--

Estimated relative CPU usage :    34.4%

k-eff (analog)    = 0.52191 +/- 0.02048  [0.48178  0.56205]
k-eff (implicit)  = 0.51475 +/- 0.01859  [0.47832  0.55118]

(O4) (N/P) (MPI=2) (OMP=1) 
------------------------------------------------------------
------------------------------------------------------------

Serpent 2.2.3 -- Static criticality source simulation

Title: "BWRX-300 Core Model (2D)" 

Active cycle    7 / 100  Source neutrons :   532

Running time :                  0:05:42
Estimated running time :        -:--:--
Estimated running time left :   -:--:--

Estimated relative CPU usage :    38.8%

k-eff (analog)    = 0.53156 +/- 0.01981  [0.49273  0.57039]
k-eff (implicit)  = 0.52436 +/- 0.01841  [0.48827  0.56045]

(O4) (N/P) (MPI=2) (OMP=1) 
------------------------------------------------------------
------------------------------------------------------------

Serpent 2.2.3 -- Static criticality source simulation

Title: "BWRX-300 Core Model (2D)" 

Active cycle    8 / 100  Source neutrons :   518

Running time :                  0:05:42
Estimated running time :        0:06:07
Estimated running time left :   0:00:24

Estimated relative CPU usage :    39.5%

k-eff (analog)    = 0.54144 +/- 0.01980  [0.50263  0.58026]
k-eff (implicit)  = 0.52966 +/- 0.01680  [0.49672  0.56260]

(O4) (N/P) (MPI=2) (OMP=1) 
------------------------------------------------------------
------------------------------------------------------------

Serpent 2.2.3 -- Static criticality source simulation

Title: "BWRX-300 Core Model (2D)" 

Active cycle    9 / 100  Source neutrons :   488

Running time :                  0:05:42
Estimated running time :        0:06:06
Estimated running time left :   0:00:23

Estimated relative CPU usage :    38.7%

k-eff (analog)    = 0.54750 +/- 0.01849  [0.51127  0.58374]
k-eff (implicit)  = 0.52451 +/- 0.01569  [0.49376  0.55526]

(O4) (N/P) (MPI=2) (OMP=1) 
------------------------------------------------------------
------------------------------------------------------------

Serpent 2.2.3 -- Static criticality source simulation

Title: "BWRX-300 Core Model (2D)" 

Active cycle   10 / 100  Source neutrons :   373

Running time :                  0:05:43
Estimated running time :        0:06:05
Estimated running time left :   0:00:22

Estimated relative CPU usage :    36.1%

k-eff (analog)    = 0.53721 +/- 0.01947  [0.49905  0.57538]
k-eff (implicit)  = 0.52292 +/- 0.01412  [0.49524  0.55060]

(O4) (N/P) (MPI=2) (OMP=1) 
------------------------------------------------------------
------------------------------------------------------------

Serpent 2.2.3 -- Static criticality source simulation

Title: "BWRX-300 Core Model (2D)" 

Active cycle   11 / 100  Source neutrons :   545

Running time :                  0:05:43
Estimated running time :        0:06:05
Estimated running time left :   0:00:22

Estimated relative CPU usage :    39.4%

k-eff (analog)    = 0.53243 +/- 0.01825  [0.49666  0.56821]
k-eff (implicit)  = 0.52526 +/- 0.01299  [0.49980  0.55071]

(O4) (N/P) (MPI=2) (OMP=1) 
------------------------------------------------------------
------------------------------------------------------------

Serpent 2.2.3 -- Static criticality source simulation

Title: "BWRX-300 Core Model (2D)" 

Active cycle   12 / 100  Source neutrons :   555

Running time :                  0:05:43
Estimated running time :        0:06:05
Estimated running time left :   0:00:22

Estimated relative CPU usage :    40.3%

k-eff (analog)    = 0.53289 +/- 0.01667  [0.50022  0.56556]
k-eff (implicit)  = 0.52436 +/- 0.01189  [0.50106  0.54767]

(O4) (N/P) (MPI=2) (OMP=1) 
------------------------------------------------------------
------------------------------------------------------------

Serpent 2.2.3 -- Static criticality source simulation

Title: "BWRX-300 Core Model (2D)" 

Active cycle   13 / 100  Source neutrons :   469

Running time :                  0:05:43
Estimated running time :        0:06:05
Estimated running time left :   0:00:21

Estimated relative CPU usage :    40.4%

k-eff (analog)    = 0.53071 +/- 0.01549  [0.50036  0.56107]
k-eff (implicit)  = 0.52169 +/- 0.01126  [0.49962  0.54376]

(O4) (N/P) (MPI=2) (OMP=1) 
------------------------------------------------------------
------------------------------------------------------------

Serpent 2.2.3 -- Static criticality source simulation

Title: "BWRX-300 Core Model (2D)" 

Active cycle   14 / 100  Source neutrons :   471

Running time :                  0:05:44
Estimated running time :        0:06:05
Estimated running time left :   0:00:21

Estimated relative CPU usage :    37.8%

k-eff (analog)    = 0.52676 +/- 0.01487  [0.49760  0.55591]
k-eff (implicit)  = 0.51782 +/- 0.01112  [0.49604  0.53961]

(O4) (N/P) (MPI=2) (OMP=1) 
------------------------------------------------------------
------------------------------------------------------------

Serpent 2.2.3 -- Static criticality source simulation

Title: "BWRX-300 Core Model (2D)" 

Active cycle   15 / 100  Source neutrons :   520

Running time :                  0:05:44
Estimated running time :        0:06:05
Estimated running time left :   0:00:20

Estimated relative CPU usage :    39.4%

k-eff (analog)    = 0.52459 +/- 0.01401  [0.49713  0.55206]
k-eff (implicit)  = 0.51489 +/- 0.01076  [0.49381  0.53597]

(O4) (N/P) (MPI=2) (OMP=1) 
------------------------------------------------------------
------------------------------------------------------------

Serpent 2.2.3 -- Static criticality source simulation

Title: "BWRX-300 Core Model (2D)" 

Active cycle   16 / 100  Source neutrons :   490

Running time :                  0:05:44
Estimated running time :        0:06:04
Estimated running time left :   0:00:20

Estimated relative CPU usage :    41.4%

k-eff (analog)    = 0.52208 +/- 0.01335  [0.49592  0.54825]
k-eff (implicit)  = 0.51451 +/- 0.01007  [0.49477  0.53425]

(O4) (N/P) (MPI=2) (OMP=1) 
------------------------------------------------------------
------------------------------------------------------------

Serpent 2.2.3 -- Static criticality source simulation

Title: "BWRX-300 Core Model (2D)" 

Active cycle   17 / 100  Source neutrons :   522

Running time :                  0:05:44
Estimated running time :        0:06:04
Estimated running time left :   0:00:20

Estimated relative CPU usage :    39.4%

k-eff (analog)    = 0.52112 +/- 0.01257  [0.49648  0.54577]
k-eff (implicit)  = 0.51312 +/- 0.00956  [0.49439  0.53186]

(O4) (N/P) (MPI=2) (OMP=1) 
------------------------------------------------------------
------------------------------------------------------------

Serpent 2.2.3 -- Static criticality source simulation

Title: "BWRX-300 Core Model (2D)" 

Active cycle   18 / 100  Source neutrons :   478

Running time :                  0:05:44
Estimated running time :        0:06:04
Estimated running time left :   0:00:19

Estimated relative CPU usage :    43.4%

k-eff (analog)    = 0.51903 +/- 0.01204  [0.49544  0.54263]
k-eff (implicit)  = 0.51470 +/- 0.00915  [0.49677  0.53263]

(O4) (N/P) (MPI=2) (OMP=1) 
------------------------------------------------------------
------------------------------------------------------------

Serpent 2.2.3 -- Static criticality source simulation

Title: "BWRX-300 Core Model (2D)" 

Active cycle   19 / 100  Source neutrons :   574

Running time :                  0:05:45
Estimated running time :        0:06:04
Estimated running time left :   0:00:19

Estimated relative CPU usage :    37.3%

k-eff (analog)    = 0.52093 +/- 0.01154  [0.49830  0.54356]
k-eff (implicit)  = 0.51196 +/- 0.00908  [0.49417  0.52975]

(O4) (N/P) (MPI=2) (OMP=1) 
------------------------------------------------------------
------------------------------------------------------------

Serpent 2.2.3 -- Static criticality source simulation

Title: "BWRX-300 Core Model (2D)" 

Active cycle   20 / 100  Source neutrons :   485

Running time :                  0:05:45
Estimated running time :        0:06:05
Estimated running time left :   0:00:19

Estimated relative CPU usage :    40.4%

k-eff (analog)    = 0.52180 +/- 0.01099  [0.50027  0.54334]
k-eff (implicit)  = 0.51378 +/- 0.00880  [0.49653  0.53104]

(O4) (N/P) (MPI=2) (OMP=1) 
------------------------------------------------------------
------------------------------------------------------------

Serpent 2.2.3 -- Static criticality source simulation

Title: "BWRX-300 Core Model (2D)" 

Active cycle   21 / 100  Source neutrons :   508

Running time :                  0:05:45
Estimated running time :        0:06:04
Estimated running time left :   0:00:19

Estimated relative CPU usage :    43.7%

k-eff (analog)    = 0.52300 +/- 0.01052  [0.50239  0.54362]
k-eff (implicit)  = 0.51501 +/- 0.00846  [0.49842  0.53160]

(O4) (N/P) (MPI=2) (OMP=1) 
------------------------------------------------------------
------------------------------------------------------------

Serpent 2.2.3 -- Static criticality source simulation

Title: "BWRX-300 Core Model (2D)" 

Active cycle   22 / 100  Source neutrons :   493

Running time :                  0:05:45
Estimated running time :        0:06:04
Estimated running time left :   0:00:18

Estimated relative CPU usage :    39.7%

k-eff (analog)    = 0.52375 +/- 0.01006  [0.50404  0.54346]
k-eff (implicit)  = 0.51324 +/- 0.00826  [0.49705  0.52943]

(O4) (N/P) (MPI=2) (OMP=1) 
------------------------------------------------------------
------------------------------------------------------------

Serpent 2.2.3 -- Static criticality source simulation

Title: "BWRX-300 Core Model (2D)" 

Active cycle   23 / 100  Source neutrons :   505

Running time :                  0:05:46
Estimated running time :        0:06:04
Estimated running time left :   0:00:18

Estimated relative CPU usage :    36.2%

k-eff (analog)    = 0.52466 +/- 0.00965  [0.50574  0.54358]
k-eff (implicit)  = 0.51560 +/- 0.00824  [0.49945  0.53175]

(O4) (N/P) (MPI=2) (OMP=1) 
------------------------------------------------------------
------------------------------------------------------------

Serpent 2.2.3 -- Static criticality source simulation

Title: "BWRX-300 Core Model (2D)" 

Active cycle   24 / 100  Source neutrons :   545

Running time :                  0:05:46
Estimated running time :        0:06:04
Estimated running time left :   0:00:18

Estimated relative CPU usage :    42.3%

k-eff (analog)    = 0.52754 +/- 0.00968  [0.50857  0.54652]
k-eff (implicit)  = 0.51807 +/- 0.00826  [0.50187  0.53426]

(O4) (N/P) (MPI=2) (OMP=1) 
------------------------------------------------------------
------------------------------------------------------------

Serpent 2.2.3 -- Static criticality source simulation

Title: "BWRX-300 Core Model (2D)" 

Active cycle   25 / 100  Source neutrons :   489

Running time :                  0:05:46
Estimated running time :        0:06:04
Estimated running time left :   0:00:17

Estimated relative CPU usage :    40.8%

k-eff (analog)    = 0.52967 +/- 0.00953  [0.51100  0.54834]
k-eff (implicit)  = 0.51875 +/- 0.00796  [0.50316  0.53435]

(O4) (N/P) (MPI=2) (OMP=1) 
------------------------------------------------------------
------------------------------------------------------------

Serpent 2.2.3 -- Static criticality source simulation

Title: "BWRX-300 Core Model (2D)" 

Active cycle   26 / 100  Source neutrons :   461

Running time :                  0:05:46
Estimated running time :        0:06:04
Estimated running time left :   0:00:17

Estimated relative CPU usage :    39.5%

k-eff (analog)    = 0.52989 +/- 0.00915  [0.51195  0.54783]
k-eff (implicit)  = 0.51783 +/- 0.00770  [0.50274  0.53292]

(O4) (N/P) (MPI=2) (OMP=1) 
------------------------------------------------------------
------------------------------------------------------------

Serpent 2.2.3 -- Static criticality source simulation

Title: "BWRX-300 Core Model (2D)" 

Active cycle   27 / 100  Source neutrons :   484

Running time :                  0:05:46
Estimated running time :        0:06:04
Estimated running time left :   0:00:17

Estimated relative CPU usage :    43.9%

k-eff (analog)    = 0.52946 +/- 0.00882  [0.51217  0.54675]
k-eff (implicit)  = 0.52103 +/- 0.00807  [0.50522  0.53685]

(O4) (N/P) (MPI=2) (OMP=1) 
------------------------------------------------------------
------------------------------------------------------------

Serpent 2.2.3 -- Static criticality source simulation

Title: "BWRX-300 Core Model (2D)" 

Active cycle   28 / 100  Source neutrons :   583

Running time :                  0:05:47
Estimated running time :        0:06:04
Estimated running time left :   0:00:16

Estimated relative CPU usage :    39.2%

k-eff (analog)    = 0.53213 +/- 0.00891  [0.51467  0.54960]
k-eff (implicit)  = 0.52120 +/- 0.00778  [0.50595  0.53644]

(O4) (N/P) (MPI=2) (OMP=1) 
------------------------------------------------------------
------------------------------------------------------------

Serpent 2.2.3 -- Static criticality source simulation

Title: "BWRX-300 Core Model (2D)" 

Active cycle   29 / 100  Source neutrons :   467

Running time :                  0:05:47
Estimated running time :        0:06:04
Estimated running time left :   0:00:16

Estimated relative CPU usage :    41.2%

k-eff (analog)    = 0.53325 +/- 0.00867  [0.51626  0.55024]
k-eff (implicit)  = 0.52077 +/- 0.00752  [0.50604  0.53551]

(O4) (N/P) (MPI=2) (OMP=1) 
------------------------------------------------------------
------------------------------------------------------------

Serpent 2.2.3 -- Static criticality source simulation

Title: "BWRX-300 Core Model (2D)" 

Active cycle   30 / 100  Source neutrons :   497

Running time :                  0:05:47
Estimated running time :        0:06:03
Estimated running time left :   0:00:16

Estimated relative CPU usage :    36.6%

k-eff (analog)    = 0.53418 +/- 0.00843  [0.51766  0.55069]
k-eff (implicit)  = 0.52127 +/- 0.00728  [0.50701  0.53554]

(O4) (N/P) (MPI=2) (OMP=1) 
------------------------------------------------------------
------------------------------------------------------------

Serpent 2.2.3 -- Static criticality source simulation

Title: "BWRX-300 Core Model (2D)" 

Active cycle   31 / 100  Source neutrons :   419

Running time :                  0:05:47
Estimated running time :        0:06:03
Estimated running time left :   0:00:16

Estimated relative CPU usage :    39.2%

k-eff (analog)    = 0.53211 +/- 0.00841  [0.51563  0.54859]
k-eff (implicit)  = 0.52331 +/- 0.00733  [0.50895  0.53768]

(O4) (N/P) (MPI=2) (OMP=1) 
------------------------------------------------------------
------------------------------------------------------------

Serpent 2.2.3 -- Static criticality source simulation

Title: "BWRX-300 Core Model (2D)" 

Active cycle   32 / 100  Source neutrons :   569

Running time :                  0:05:48
Estimated running time :        0:06:04
Estimated running time left :   0:00:15

Estimated relative CPU usage :    37.3%

k-eff (analog)    = 0.53220 +/- 0.00814  [0.51625  0.54816]
k-eff (implicit)  = 0.52222 +/- 0.00718  [0.50815  0.53630]

(O4) (N/P) (MPI=2) (OMP=1) 
------------------------------------------------------------
------------------------------------------------------------

Serpent 2.2.3 -- Static criticality source simulation

Title: "BWRX-300 Core Model (2D)" 

Active cycle   33 / 100  Source neutrons :   458

Running time :                  0:05:48
Estimated running time :        0:06:03
Estimated running time left :   0:00:15

Estimated relative CPU usage :    38.0%

k-eff (analog)    = 0.53093 +/- 0.00799  [0.51526  0.54659]
k-eff (implicit)  = 0.52406 +/- 0.00720  [0.50995  0.53817]

(O4) (N/P) (MPI=2) (OMP=1) 
------------------------------------------------------------
------------------------------------------------------------

Serpent 2.2.3 -- Static criticality source simulation

Title: "BWRX-300 Core Model (2D)" 

Active cycle   34 / 100  Source neutrons :   608

Running time :                  0:05:48
Estimated running time :        0:06:04
Estimated running time left :   0:00:15

Estimated relative CPU usage :    40.2%

k-eff (analog)    = 0.53284 +/- 0.00799  [0.51719  0.54849]
k-eff (implicit)  = 0.52628 +/- 0.00733  [0.51192  0.54064]

(O4) (N/P) (MPI=2) (OMP=1) 
------------------------------------------------------------
------------------------------------------------------------

Serpent 2.2.3 -- Static criticality source simulation

Title: "BWRX-300 Core Model (2D)" 

Active cycle   35 / 100  Source neutrons :   519

Running time :                  0:05:48
Estimated running time :        0:06:04
Estimated running time left :   0:00:15

Estimated relative CPU usage :    35.7%

k-eff (analog)    = 0.53529 +/- 0.00813  [0.51935  0.55123]
k-eff (implicit)  = 0.52575 +/- 0.00714  [0.51176  0.53973]

(O4) (N/P) (MPI=2) (OMP=1) 
------------------------------------------------------------
------------------------------------------------------------

Serpent 2.2.3 -- Static criticality source simulation

Title: "BWRX-300 Core Model (2D)" 

Active cycle   36 / 100  Source neutrons :   455

Running time :                  0:05:49
Estimated running time :        0:06:04
Estimated running time left :   0:00:15

Estimated relative CPU usage :    38.6%

k-eff (analog)    = 0.53606 +/- 0.00794  [0.52049  0.55162]
k-eff (implicit)  = 0.52419 +/- 0.00711  [0.51027  0.53812]

(O4) (N/P) (MPI=2) (OMP=1) 
------------------------------------------------------------
------------------------------------------------------------

Serpent 2.2.3 -- Static criticality source simulation

Title: "BWRX-300 Core Model (2D)" 

Active cycle   37 / 100  Source neutrons :   436

Running time :                  0:05:49
Estimated running time :        0:06:03
Estimated running time left :   0:00:14

Estimated relative CPU usage :    39.0%

k-eff (analog)    = 0.53484 +/- 0.00782  [0.51951  0.55016]
k-eff (implicit)  = 0.52195 +/- 0.00727  [0.50771  0.53619]

(O4) (N/P) (MPI=2) (OMP=1) 
------------------------------------------------------------
------------------------------------------------------------

Serpent 2.2.3 -- Static criticality source simulation

Title: "BWRX-300 Core Model (2D)" 

Active cycle   38 / 100  Source neutrons :   460

Running time :                  0:05:49
Estimated running time :        0:06:03
Estimated running time left :   0:00:14

Estimated relative CPU usage :    39.5%

k-eff (analog)    = 0.53265 +/- 0.00792  [0.51713  0.54817]
k-eff (implicit)  = 0.52427 +/- 0.00744  [0.50968  0.53886]

(O4) (N/P) (MPI=2) (OMP=1) 
------------------------------------------------------------
------------------------------------------------------------

Serpent 2.2.3 -- Static criticality source simulation

Title: "BWRX-300 Core Model (2D)" 

Active cycle   39 / 100  Source neutrons :   612

Running time :                  0:05:49
Estimated running time :        0:06:04
Estimated running time left :   0:00:14

Estimated relative CPU usage :    38.6%

k-eff (analog)    = 0.53316 +/- 0.00773  [0.51801  0.54832]
k-eff (implicit)  = 0.52579 +/- 0.00741  [0.51127  0.54030]

(O4) (N/P) (MPI=2) (OMP=1) 
------------------------------------------------------------
------------------------------------------------------------

Serpent 2.2.3 -- Static criticality source simulation

Title: "BWRX-300 Core Model (2D)" 

Active cycle   40 / 100  Source neutrons :   525

Running time :                  0:05:50
Estimated running time :        0:06:04
Estimated running time left :   0:00:14

Estimated relative CPU usage :    40.9%

k-eff (analog)    = 0.53434 +/- 0.00763  [0.51940  0.54929]
k-eff (implicit)  = 0.52543 +/- 0.00723  [0.51126  0.53960]

(O4) (N/P) (MPI=2) (OMP=1) 
------------------------------------------------------------
------------------------------------------------------------

Serpent 2.2.3 -- Static criticality source simulation

Title: "BWRX-300 Core Model (2D)" 

Active cycle   41 / 100  Source neutrons :   430

Running time :                  0:05:50
Estimated running time :        0:06:04
Estimated running time left :   0:00:13

Estimated relative CPU usage :    36.9%

k-eff (analog)    = 0.53349 +/- 0.00749  [0.51881  0.54816]
k-eff (implicit)  = 0.52486 +/- 0.00707  [0.51100  0.53872]

(O4) (N/P) (MPI=2) (OMP=1) 
------------------------------------------------------------
------------------------------------------------------------

Serpent 2.2.3 -- Static criticality source simulation

Title: "BWRX-300 Core Model (2D)" 

Active cycle   42 / 100  Source neutrons :   532

Running time :                  0:05:50
Estimated running time :        0:06:04
Estimated running time left :   0:00:13

Estimated relative CPU usage :    39.6%

k-eff (analog)    = 0.53343 +/- 0.00731  [0.51911  0.54775]
k-eff (implicit)  = 0.52526 +/- 0.00691  [0.51171  0.53881]

(O4) (N/P) (MPI=2) (OMP=1) 
------------------------------------------------------------
------------------------------------------------------------

Serpent 2.2.3 -- Static criticality source simulation

Title: "BWRX-300 Core Model (2D)" 

Active cycle   43 / 100  Source neutrons :   468

Running time :                  0:05:50
Estimated running time :        0:06:04
Estimated running time left :   0:00:13

Estimated relative CPU usage :    40.2%

k-eff (analog)    = 0.53258 +/- 0.00719  [0.51850  0.54667]
k-eff (implicit)  = 0.52658 +/- 0.00688  [0.51309  0.54006]

(O4) (N/P) (MPI=2) (OMP=1) 
------------------------------------------------------------
------------------------------------------------------------

Serpent 2.2.3 -- Static criticality source simulation

Title: "BWRX-300 Core Model (2D)" 

Active cycle   44 / 100  Source neutrons :   582

Running time :                  0:05:50
Estimated running time :        0:06:04
Estimated running time left :   0:00:13

Estimated relative CPU usage :    40.1%

k-eff (analog)    = 0.53363 +/- 0.00710  [0.51972  0.54754]
k-eff (implicit)  = 0.52613 +/- 0.00673  [0.51293  0.53933]

(O4) (N/P) (MPI=2) (OMP=1) 
------------------------------------------------------------
------------------------------------------------------------

Serpent 2.2.3 -- Static criticality source simulation

Title: "BWRX-300 Core Model (2D)" 

Active cycle   45 / 100  Source neutrons :   440

Running time :                  0:05:51
Estimated running time :        0:06:03
Estimated running time left :   0:00:12

Estimated relative CPU usage :    42.8%

k-eff (analog)    = 0.53309 +/- 0.00696  [0.51945  0.54673]
k-eff (implicit)  = 0.52610 +/- 0.00658  [0.51319  0.53900]

(O4) (N/P) (MPI=2) (OMP=1) 
------------------------------------------------------------
------------------------------------------------------------

Serpent 2.2.3 -- Static criticality source simulation

Title: "BWRX-300 Core Model (2D)" 

Active cycle   46 / 100  Source neutrons :   515

Running time :                  0:05:51
Estimated running time :        0:06:04
Estimated running time left :   0:00:12

Estimated relative CPU usage :    38.1%

k-eff (analog)    = 0.53290 +/- 0.00681  [0.51955  0.54625]
k-eff (implicit)  = 0.52764 +/- 0.00662  [0.51466  0.54061]

(O4) (N/P) (MPI=2) (OMP=1) 
------------------------------------------------------------
------------------------------------------------------------

Serpent 2.2.3 -- Static criticality source simulation

Title: "BWRX-300 Core Model (2D)" 

Active cycle   47 / 100  Source neutrons :   572

Running time :                  0:05:51
Estimated running time :        0:06:04
Estimated running time left :   0:00:12

Estimated relative CPU usage :    39.4%

k-eff (analog)    = 0.53433 +/- 0.00681  [0.52097  0.54768]
k-eff (implicit)  = 0.52789 +/- 0.00648  [0.51518  0.54059]

(O4) (N/P) (MPI=2) (OMP=1) 
------------------------------------------------------------
------------------------------------------------------------

Serpent 2.2.3 -- Static criticality source simulation

Title: "BWRX-300 Core Model (2D)" 

Active cycle   48 / 100  Source neutrons :   439

Running time :                  0:05:51
Estimated running time :        0:06:04
Estimated running time left :   0:00:12

Estimated relative CPU usage :    37.5%

k-eff (analog)    = 0.53417 +/- 0.00667  [0.52109  0.54725]
k-eff (implicit)  = 0.52727 +/- 0.00638  [0.51477  0.53977]

(O4) (N/P) (MPI=2) (OMP=1) 
------------------------------------------------------------
------------------------------------------------------------

Serpent 2.2.3 -- Static criticality source simulation

Title: "BWRX-300 Core Model (2D)" 

Active cycle   49 / 100  Source neutrons :   526

Running time :                  0:05:52
Estimated running time :        0:06:04
Estimated running time left :   0:00:11

Estimated relative CPU usage :    40.4%

k-eff (analog)    = 0.53458 +/- 0.00655  [0.52175  0.54741]
k-eff (implicit)  = 0.52711 +/- 0.00625  [0.51487  0.53935]

(O4) (N/P) (MPI=2) (OMP=1) 
------------------------------------------------------------
------------------------------------------------------------

Serpent 2.2.3 -- Static criticality source simulation

Title: "BWRX-300 Core Model (2D)" 

Active cycle   50 / 100  Source neutrons :   474

Running time :                  0:05:52
Estimated running time :        0:06:04
Estimated running time left :   0:00:11

Estimated relative CPU usage :    41.5%

k-eff (analog)    = 0.53440 +/- 0.00642  [0.52182  0.54698]
k-eff (implicit)  = 0.52632 +/- 0.00617  [0.51423  0.53842]

(O4) (N/P) (MPI=2) (OMP=1) 
------------------------------------------------------------
------------------------------------------------------------

Serpent 2.2.3 -- Static criticality source simulation

Title: "BWRX-300 Core Model (2D)" 

Active cycle   51 / 100  Source neutrons :   454

Running time :                  0:05:52
Estimated running time :        0:06:04
Estimated running time left :   0:00:11

Estimated relative CPU usage :    27.0%

k-eff (analog)    = 0.53327 +/- 0.00639  [0.52075  0.54580]
k-eff (implicit)  = 0.52731 +/- 0.00613  [0.51530  0.53933]

(O4) (N/P) (MPI=2) (OMP=1) 
------------------------------------------------------------
------------------------------------------------------------

Serpent 2.2.3 -- Static criticality source simulation

Title: "BWRX-300 Core Model (2D)" 

Active cycle   52 / 100  Source neutrons :   572

Running time :                  0:05:52
Estimated running time :        0:06:04
Estimated running time left :   0:00:11

Estimated relative CPU usage :    49.7%

k-eff (analog)    = 0.53351 +/- 0.00627  [0.52122  0.54580]
k-eff (implicit)  = 0.52750 +/- 0.00601  [0.51572  0.53929]

(O4) (N/P) (MPI=2) (OMP=1) 
------------------------------------------------------------
------------------------------------------------------------

Serpent 2.2.3 -- Static criticality source simulation

Title: "BWRX-300 Core Model (2D)" 

Active cycle   53 / 100  Source neutrons :   484

Running time :                  0:05:53
Estimated running time :        0:06:04
Estimated running time left :   0:00:11

Estimated relative CPU usage :    33.6%

k-eff (analog)    = 0.53341 +/- 0.00615  [0.52135  0.54547]
k-eff (implicit)  = 0.52677 +/- 0.00594  [0.51512  0.53842]

(O4) (N/P) (MPI=2) (OMP=1) 
------------------------------------------------------------
------------------------------------------------------------

Serpent 2.2.3 -- Static criticality source simulation

Title: "BWRX-300 Core Model (2D)" 

Active cycle   54 / 100  Source neutrons :   473

Running time :                  0:05:53
Estimated running time :        0:06:04
Estimated running time left :   0:00:10

Estimated relative CPU usage :    36.9%

k-eff (analog)    = 0.53279 +/- 0.00607  [0.52089  0.54469]
k-eff (implicit)  = 0.52707 +/- 0.00584  [0.51562  0.53851]

(O4) (N/P) (MPI=2) (OMP=1) 
------------------------------------------------------------
------------------------------------------------------------

Serpent 2.2.3 -- Static criticality source simulation

Title: "BWRX-300 Core Model (2D)" 

Active cycle   55 / 100  Source neutrons :   545

Running time :                  0:05:53
Estimated running time :        0:06:04
Estimated running time left :   0:00:10

Estimated relative CPU usage :    37.7%

k-eff (analog)    = 0.53301 +/- 0.00596  [0.52132  0.54469]
k-eff (implicit)  = 0.52622 +/- 0.00579  [0.51487  0.53758]

(O4) (N/P) (MPI=2) (OMP=1) 
------------------------------------------------------------
------------------------------------------------------------

Serpent 2.2.3 -- Static criticality source simulation

Title: "BWRX-300 Core Model (2D)" 

Active cycle   56 / 100  Source neutrons :   433

Running time :                  0:05:53
Estimated running time :        0:06:04
Estimated running time left :   0:00:10

Estimated relative CPU usage :    42.8%

k-eff (analog)    = 0.53191 +/- 0.00596  [0.52024  0.54359]
k-eff (implicit)  = 0.52699 +/- 0.00574  [0.51574  0.53824]

(O4) (N/P) (MPI=2) (OMP=1) 
------------------------------------------------------------
------------------------------------------------------------

Serpent 2.2.3 -- Static criticality source simulation

Title: "BWRX-300 Core Model (2D)" 

Active cycle   57 / 100  Source neutrons :   551

Running time :                  0:05:54
Estimated running time :        0:06:04
Estimated running time left :   0:00:10

Estimated relative CPU usage :    38.7%

k-eff (analog)    = 0.53170 +/- 0.00585  [0.52023  0.54318]
k-eff (implicit)  = 0.52783 +/- 0.00570  [0.51665  0.53901]

(O4) (N/P) (MPI=2) (OMP=1) 
------------------------------------------------------------
------------------------------------------------------------

Serpent 2.2.3 -- Static criticality source simulation

Title: "BWRX-300 Core Model (2D)" 

Active cycle   58 / 100  Source neutrons :   562

Running time :                  0:05:54
Estimated running time :        0:06:04
Estimated running time left :   0:00:09

Estimated relative CPU usage :    36.6%

k-eff (analog)    = 0.53261 +/- 0.00582  [0.52119  0.54402]
k-eff (implicit)  = 0.52716 +/- 0.00564  [0.51609  0.53822]

(O4) (N/P) (MPI=2) (OMP=1) 
------------------------------------------------------------
------------------------------------------------------------

Serpent 2.2.3 -- Static criticality source simulation

Title: "BWRX-300 Core Model (2D)" 

Active cycle   59 / 100  Source neutrons :   402

Running time :                  0:05:54
Estimated running time :        0:06:04
Estimated running time left :   0:00:09

Estimated relative CPU usage :    39.7%

k-eff (analog)    = 0.53154 +/- 0.00582  [0.52013  0.54295]
k-eff (implicit)  = 0.52565 +/- 0.00575  [0.51438  0.53691]

(O4) (N/P) (MPI=2) (OMP=1) 
------------------------------------------------------------
------------------------------------------------------------

Serpent 2.2.3 -- Static criticality source simulation

Title: "BWRX-300 Core Model (2D)" 

Active cycle   60 / 100  Source neutrons :   430

Running time :                  0:05:54
Estimated running time :        0:06:04
Estimated running time left :   0:00:09

Estimated relative CPU usage :    41.5%

k-eff (analog)    = 0.52942 +/- 0.00611  [0.51745  0.54139]
k-eff (implicit)  = 0.52591 +/- 0.00566  [0.51482  0.53700]

(O4) (N/P) (MPI=2) (OMP=1) 
------------------------------------------------------------
------------------------------------------------------------

Serpent 2.2.3 -- Static criticality source simulation

Title: "BWRX-300 Core Model (2D)" 

Active cycle   61 / 100  Source neutrons :   620

Running time :                  0:05:55
Estimated running time :        0:06:04
Estimated running time left :   0:00:09

Estimated relative CPU usage :    40.7%

k-eff (analog)    = 0.52895 +/- 0.00602  [0.51714  0.54076]
k-eff (implicit)  = 0.52540 +/- 0.00559  [0.51444  0.53635]

(O4) (N/P) (MPI=2) (OMP=1) 
------------------------------------------------------------
------------------------------------------------------------

Serpent 2.2.3 -- Static criticality source simulation

Title: "BWRX-300 Core Model (2D)" 

Active cycle   62 / 100  Source neutrons :   506

Running time :                  0:05:55
Estimated running time :        0:06:04
Estimated running time left :   0:00:09

Estimated relative CPU usage :    39.6%

k-eff (analog)    = 0.52860 +/- 0.00594  [0.51696  0.54023]
k-eff (implicit)  = 0.52617 +/- 0.00555  [0.51529  0.53706]

(O4) (N/P) (MPI=2) (OMP=1) 
------------------------------------------------------------
------------------------------------------------------------

Serpent 2.2.3 -- Static criticality source simulation

Title: "BWRX-300 Core Model (2D)" 

Active cycle   63 / 100  Source neutrons :   507

Running time :                  0:05:55
Estimated running time :        0:06:04
Estimated running time left :   0:00:08

Estimated relative CPU usage :    39.6%

k-eff (analog)    = 0.52837 +/- 0.00585  [0.51691  0.53982]
k-eff (implicit)  = 0.52663 +/- 0.00548  [0.51588  0.53737]

(O4) (N/P) (MPI=2) (OMP=1) 
------------------------------------------------------------
------------------------------------------------------------

Serpent 2.2.3 -- Static criticality source simulation

Title: "BWRX-300 Core Model (2D)" 

Active cycle   64 / 100  Source neutrons :   546

Running time :                  0:05:55
Estimated running time :        0:06:04
Estimated running time left :   0:00:08

Estimated relative CPU usage :    35.8%

k-eff (analog)    = 0.52888 +/- 0.00578  [0.51756  0.54020]
k-eff (implicit)  = 0.52699 +/- 0.00541  [0.51639  0.53759]

(O4) (N/P) (MPI=2) (OMP=1) 
------------------------------------------------------------
------------------------------------------------------------

Serpent 2.2.3 -- Static criticality source simulation

Title: "BWRX-300 Core Model (2D)" 

Active cycle   65 / 100  Source neutrons :   491

Running time :                  0:05:56
Estimated running time :        0:06:04
Estimated running time left :   0:00:08

Estimated relative CPU usage :    37.8%

k-eff (analog)    = 0.52923 +/- 0.00570  [0.51806  0.54039]
k-eff (implicit)  = 0.52877 +/- 0.00561  [0.51777  0.53977]

(O4) (N/P) (MPI=2) (OMP=1) 
------------------------------------------------------------
------------------------------------------------------------

Serpent 2.2.3 -- Static criticality source simulation

Title: "BWRX-300 Core Model (2D)" 

Active cycle   66 / 100  Source neutrons :   590

Running time :                  0:05:56
Estimated running time :        0:06:04
Estimated running time left :   0:00:08

Estimated relative CPU usage :    39.6%

k-eff (analog)    = 0.53106 +/- 0.00590  [0.51949  0.54264]
k-eff (implicit)  = 0.52866 +/- 0.00553  [0.51782  0.53950]

(O4) (N/P) (MPI=2) (OMP=1) 
------------------------------------------------------------
------------------------------------------------------------

Serpent 2.2.3 -- Static criticality source simulation

Title: "BWRX-300 Core Model (2D)" 

Active cycle   67 / 100  Source neutrons :   400

Running time :                  0:05:56
Estimated running time :        0:06:04
Estimated running time left :   0:00:07

Estimated relative CPU usage :    37.6%

k-eff (analog)    = 0.53090 +/- 0.00582  [0.51950  0.54231]
k-eff (implicit)  = 0.52833 +/- 0.00546  [0.51763  0.53902]

(O4) (N/P) (MPI=2) (OMP=1) 
------------------------------------------------------------
------------------------------------------------------------

Serpent 2.2.3 -- Static criticality source simulation

Title: "BWRX-300 Core Model (2D)" 

Active cycle   68 / 100  Source neutrons :   476

Running time :                  0:05:56
Estimated running time :        0:06:04
Estimated running time left :   0:00:07

Estimated relative CPU usage :    38.4%

k-eff (analog)    = 0.53038 +/- 0.00575  [0.51910  0.54166]
k-eff (implicit)  = 0.52841 +/- 0.00538  [0.51787  0.53895]

(O4) (N/P) (MPI=2) (OMP=1) 
------------------------------------------------------------
------------------------------------------------------------

Serpent 2.2.3 -- Static criticality source simulation

Title: "BWRX-300 Core Model (2D)" 

Active cycle   69 / 100  Source neutrons :   579

Running time :                  0:05:57
Estimated running time :        0:06:04
Estimated running time left :   0:00:07

Estimated relative CPU usage :    36.7%

k-eff (analog)    = 0.53101 +/- 0.00571  [0.51983  0.54219]
k-eff (implicit)  = 0.52811 +/- 0.00531  [0.51771  0.53851]

(O4) (N/P) (MPI=2) (OMP=1) 
------------------------------------------------------------
------------------------------------------------------------

Serpent 2.2.3 -- Static criticality source simulation

Title: "BWRX-300 Core Model (2D)" 

Active cycle   70 / 100  Source neutrons :   484

Running time :                  0:05:57
Estimated running time :        0:06:04
Estimated running time left :   0:00:07

Estimated relative CPU usage :    43.2%

k-eff (analog)    = 0.53136 +/- 0.00563  [0.52032  0.54240]
k-eff (implicit)  = 0.52846 +/- 0.00524  [0.51818  0.53873]

(O4) (N/P) (MPI=2) (OMP=1) 
------------------------------------------------------------
------------------------------------------------------------

Serpent 2.2.3 -- Static criticality source simulation

Title: "BWRX-300 Core Model (2D)" 

Active cycle   71 / 100  Source neutrons :   505

Running time :                  0:05:57
Estimated running time :        0:06:04
Estimated running time left :   0:00:06

Estimated relative CPU usage :    40.8%

k-eff (analog)    = 0.53177 +/- 0.00557  [0.52086  0.54269]
k-eff (implicit)  = 0.52855 +/- 0.00517  [0.51842  0.53868]

(O4) (N/P) (MPI=2) (OMP=1) 
------------------------------------------------------------
------------------------------------------------------------

Serpent 2.2.3 -- Static criticality source simulation

Title: "BWRX-300 Core Model (2D)" 

Active cycle   72 / 100  Source neutrons :   457

Running time :                  0:05:57
Estimated running time :        0:06:04
Estimated running time left :   0:00:06

Estimated relative CPU usage :    43.6%

k-eff (analog)    = 0.53151 +/- 0.00550  [0.52073  0.54229]
k-eff (implicit)  = 0.52881 +/- 0.00510  [0.51881  0.53881]

(O4) (N/P) (MPI=2) (OMP=1) 
------------------------------------------------------------
------------------------------------------------------------

Serpent 2.2.3 -- Static criticality source simulation

Title: "BWRX-300 Core Model (2D)" 

Active cycle   73 / 100  Source neutrons :   480

Running time :                  0:05:58
Estimated running time :        0:06:04
Estimated running time left :   0:00:06

Estimated relative CPU usage :    36.9%

k-eff (analog)    = 0.53097 +/- 0.00545  [0.52029  0.54165]
k-eff (implicit)  = 0.52896 +/- 0.00503  [0.51909  0.53882]

(O4) (N/P) (MPI=2) (OMP=1) 
------------------------------------------------------------
------------------------------------------------------------

Serpent 2.2.3 -- Static criticality source simulation

Title: "BWRX-300 Core Model (2D)" 

Active cycle   74 / 100  Source neutrons :   502

Running time :                  0:05:58
Estimated running time :        0:06:04
Estimated running time left :   0:00:06

Estimated relative CPU usage :    42.8%

k-eff (analog)    = 0.53047 +/- 0.00540  [0.51989  0.54105]
k-eff (implicit)  = 0.52810 +/- 0.00504  [0.51823  0.53798]

(O4) (N/P) (MPI=2) (OMP=1) 
------------------------------------------------------------
------------------------------------------------------------

Serpent 2.2.3 -- Static criticality source simulation

Title: "BWRX-300 Core Model (2D)" 

Active cycle   75 / 100  Source neutrons :   462

Running time :                  0:05:58
Estimated running time :        0:06:04
Estimated running time left :   0:00:05

Estimated relative CPU usage :    39.2%

k-eff (analog)    = 0.52949 +/- 0.00542  [0.51887  0.54010]
k-eff (implicit)  = 0.52883 +/- 0.00502  [0.51899  0.53868]

(O4) (N/P) (MPI=2) (OMP=1) 
------------------------------------------------------------
------------------------------------------------------------

Serpent 2.2.3 -- Static criticality source simulation

Title: "BWRX-300 Core Model (2D)" 

Active cycle   76 / 100  Source neutrons :   592

Running time :                  0:05:58
Estimated running time :        0:06:04
Estimated running time left :   0:00:05

Estimated relative CPU usage :    40.4%

k-eff (analog)    = 0.52963 +/- 0.00535  [0.51915  0.54011]
k-eff (implicit)  = 0.52928 +/- 0.00498  [0.51952  0.53903]

(O4) (N/P) (MPI=2) (OMP=1) 
------------------------------------------------------------
------------------------------------------------------------

Serpent 2.2.3 -- Static criticality source simulation

Title: "BWRX-300 Core Model (2D)" 

Active cycle   77 / 100  Source neutrons :   516

Running time :                  0:05:58
Estimated running time :        0:06:04
Estimated running time left :   0:00:05

Estimated relative CPU usage :    41.7%

k-eff (analog)    = 0.53000 +/- 0.00529  [0.51963  0.54037]
k-eff (implicit)  = 0.52901 +/- 0.00492  [0.51937  0.53866]

(O4) (N/P) (MPI=2) (OMP=1) 
------------------------------------------------------------
------------------------------------------------------------

Serpent 2.2.3 -- Static criticality source simulation

Title: "BWRX-300 Core Model (2D)" 

Active cycle   78 / 100  Source neutrons :   478

Running time :                  0:05:59
Estimated running time :        0:06:04
Estimated running time left :   0:00:05

Estimated relative CPU usage :    38.5%

k-eff (analog)    = 0.53004 +/- 0.00522  [0.51981  0.54027]
k-eff (implicit)  = 0.52831 +/- 0.00491  [0.51870  0.53793]

(O4) (N/P) (MPI=2) (OMP=1) 
------------------------------------------------------------
------------------------------------------------------------

Serpent 2.2.3 -- Static criticality source simulation

Title: "BWRX-300 Core Model (2D)" 

Active cycle   79 / 100  Source neutrons :   445

Running time :                  0:05:59
Estimated running time :        0:06:04
Estimated running time left :   0:00:05

Estimated relative CPU usage :    35.0%

k-eff (analog)    = 0.52934 +/- 0.00520  [0.51915  0.53954]
k-eff (implicit)  = 0.52836 +/- 0.00484  [0.51886  0.53785]

(O4) (N/P) (MPI=2) (OMP=1) 
------------------------------------------------------------
------------------------------------------------------------

Serpent 2.2.3 -- Static criticality source simulation

Title: "BWRX-300 Core Model (2D)" 

Active cycle   80 / 100  Source neutrons :   547

Running time :                  0:05:59
Estimated running time :        0:06:04
Estimated running time left :   0:00:04

Estimated relative CPU usage :    41.6%

k-eff (analog)    = 0.52922 +/- 0.00514  [0.51914  0.53929]
k-eff (implicit)  = 0.52820 +/- 0.00478  [0.51882  0.53758]

(O4) (N/P) (MPI=2) (OMP=1) 
------------------------------------------------------------
------------------------------------------------------------

Serpent 2.2.3 -- Static criticality source simulation

Title: "BWRX-300 Core Model (2D)" 

Active cycle   81 / 100  Source neutrons :   573

Running time :                  0:06:00
Estimated running time :        0:06:04
Estimated running time left :   0:00:04

Estimated relative CPU usage :    37.1%

k-eff (analog)    = 0.53003 +/- 0.00514  [0.51996  0.54010]
k-eff (implicit)  = 0.52846 +/- 0.00473  [0.51918  0.53773]

(O4) (N/P) (MPI=2) (OMP=1) 
------------------------------------------------------------
------------------------------------------------------------

Serpent 2.2.3 -- Static criticality source simulation

Title: "BWRX-300 Core Model (2D)" 

Active cycle   82 / 100  Source neutrons :   421

Running time :                  0:06:00
Estimated running time :        0:06:04
Estimated running time left :   0:00:04

Estimated relative CPU usage :    37.5%

k-eff (analog)    = 0.52968 +/- 0.00509  [0.51970  0.53965]
k-eff (implicit)  = 0.52930 +/- 0.00475  [0.51999  0.53862]

(O4) (N/P) (MPI=2) (OMP=1) 
------------------------------------------------------------
------------------------------------------------------------

Serpent 2.2.3 -- Static criticality source simulation

Title: "BWRX-300 Core Model (2D)" 

Active cycle   83 / 100  Source neutrons :   523

Running time :                  0:06:00
Estimated running time :        0:06:04
Estimated running time left :   0:00:04

Estimated relative CPU usage :    39.9%

k-eff (analog)    = 0.52961 +/- 0.00503  [0.51976  0.53946]
k-eff (implicit)  = 0.52898 +/- 0.00470  [0.51976  0.53820]

(O4) (N/P) (MPI=2) (OMP=1) 
------------------------------------------------------------
------------------------------------------------------------

Serpent 2.2.3 -- Static criticality source simulation

Title: "BWRX-300 Core Model (2D)" 

Active cycle   84 / 100  Source neutrons :   454

Running time :                  0:06:00
Estimated running time :        0:06:04
Estimated running time left :   0:00:03

Estimated relative CPU usage :    42.1%

k-eff (analog)    = 0.52897 +/- 0.00501  [0.51915  0.53878]
k-eff (implicit)  = 0.52886 +/- 0.00465  [0.51974  0.53797]

(O4) (N/P) (MPI=2) (OMP=1) 
------------------------------------------------------------
------------------------------------------------------------

Serpent 2.2.3 -- Static criticality source simulation

Title: "BWRX-300 Core Model (2D)" 

Active cycle   85 / 100  Source neutrons :   585

Running time :                  0:06:01
Estimated running time :        0:06:04
Estimated running time left :   0:00:03

Estimated relative CPU usage :    37.4%

k-eff (analog)    = 0.52930 +/- 0.00496  [0.51958  0.53902]
k-eff (implicit)  = 0.52843 +/- 0.00461  [0.51938  0.53747]

(O4) (N/P) (MPI=2) (OMP=1) 
------------------------------------------------------------
------------------------------------------------------------

Serpent 2.2.3 -- Static criticality source simulation

Title: "BWRX-300 Core Model (2D)" 

Active cycle   86 / 100  Source neutrons :   449

Running time :                  0:06:01
Estimated running time :        0:06:04
Estimated running time left :   0:00:03

Estimated relative CPU usage :    38.3%

k-eff (analog)    = 0.52896 +/- 0.00491  [0.51933  0.53859]
k-eff (implicit)  = 0.52853 +/- 0.00456  [0.51959  0.53747]

(O4) (N/P) (MPI=2) (OMP=1) 
------------------------------------------------------------
------------------------------------------------------------

Serpent 2.2.3 -- Static criticality source simulation

Title: "BWRX-300 Core Model (2D)" 

Active cycle   87 / 100  Source neutrons :   533

Running time :                  0:06:01
Estimated running time :        0:06:04
Estimated running time left :   0:00:03

Estimated relative CPU usage :    38.5%

k-eff (analog)    = 0.52900 +/- 0.00486  [0.51948  0.53852]
k-eff (implicit)  = 0.52829 +/- 0.00452  [0.51944  0.53714]

(O4) (N/P) (MPI=2) (OMP=1) 
------------------------------------------------------------
------------------------------------------------------------

Serpent 2.2.3 -- Static criticality source simulation

Title: "BWRX-300 Core Model (2D)" 

Active cycle   88 / 100  Source neutrons :   467

Running time :                  0:06:01
Estimated running time :        0:06:04
Estimated running time left :   0:00:02

Estimated relative CPU usage :    36.7%

k-eff (analog)    = 0.52865 +/- 0.00481  [0.51921  0.53808]
k-eff (implicit)  = 0.52891 +/- 0.00451  [0.52008  0.53774]

(O4) (N/P) (MPI=2) (OMP=1) 
------------------------------------------------------------
------------------------------------------------------------

Serpent 2.2.3 -- Static criticality source simulation

Title: "BWRX-300 Core Model (2D)" 

Active cycle   89 / 100  Source neutrons :   620

Running time :                  0:06:02
Estimated running time :        0:06:04
Estimated running time left :   0:00:02

Estimated relative CPU usage :    39.8%

k-eff (analog)    = 0.52964 +/- 0.00486  [0.52011  0.53918]
k-eff (implicit)  = 0.52859 +/- 0.00447  [0.51983  0.53734]

(O4) (N/P) (MPI=2) (OMP=1) 
------------------------------------------------------------
------------------------------------------------------------

Serpent 2.2.3 -- Static criticality source simulation

Title: "BWRX-300 Core Model (2D)" 

Active cycle   90 / 100  Source neutrons :   431

Running time :                  0:06:02
Estimated running time :        0:06:04
Estimated running time left :   0:00:02

Estimated relative CPU usage :    44.1%

k-eff (analog)    = 0.52967 +/- 0.00481  [0.52025  0.53910]
k-eff (implicit)  = 0.52781 +/- 0.00449  [0.51901  0.53660]

(O4) (N/P) (MPI=2) (OMP=1) 
------------------------------------------------------------
------------------------------------------------------------

Serpent 2.2.3 -- Static criticality source simulation

Title: "BWRX-300 Core Model (2D)" 

Active cycle   91 / 100  Source neutrons :   456

Running time :                  0:06:02
Estimated running time :        0:06:04
Estimated running time left :   0:00:02

Estimated relative CPU usage :    40.8%

k-eff (analog)    = 0.52918 +/- 0.00478  [0.51982  0.53855]
k-eff (implicit)  = 0.52794 +/- 0.00444  [0.51924  0.53664]

(O4) (N/P) (MPI=2) (OMP=1) 
------------------------------------------------------------
------------------------------------------------------------

Serpent 2.2.3 -- Static criticality source simulation

Title: "BWRX-300 Core Model (2D)" 

Active cycle   92 / 100  Source neutrons :   558

Running time :                  0:06:02
Estimated running time :        0:06:04
Estimated running time left :   0:00:01

Estimated relative CPU usage :    36.5%

k-eff (analog)    = 0.52932 +/- 0.00473  [0.52005  0.53859]
k-eff (implicit)  = 0.52846 +/- 0.00442  [0.51979  0.53712]

(O4) (N/P) (MPI=2) (OMP=1) 
------------------------------------------------------------
------------------------------------------------------------

Serpent 2.2.3 -- Static criticality source simulation

Title: "BWRX-300 Core Model (2D)" 

Active cycle   93 / 100  Source neutrons :   498

Running time :                  0:06:03
Estimated running time :        0:06:04
Estimated running time left :   0:00:01

Estimated relative CPU usage :    37.7%

k-eff (analog)    = 0.52943 +/- 0.00468  [0.52025  0.53860]
k-eff (implicit)  = 0.52878 +/- 0.00438  [0.52018  0.53737]

(O4) (N/P) (MPI=2) (OMP=1) 
------------------------------------------------------------
------------------------------------------------------------

Serpent 2.2.3 -- Static criticality source simulation

Title: "BWRX-300 Core Model (2D)" 

Active cycle   94 / 100  Source neutrons :   529

Running time :                  0:06:03
Estimated running time :        0:06:04
Estimated running time left :   0:00:01

Estimated relative CPU usage :    42.7%

k-eff (analog)    = 0.52987 +/- 0.00465  [0.52075  0.53898]
k-eff (implicit)  = 0.52919 +/- 0.00436  [0.52065  0.53773]

(O4) (N/P) (MPI=2) (OMP=1) 
------------------------------------------------------------
------------------------------------------------------------

Serpent 2.2.3 -- Static criticality source simulation

Title: "BWRX-300 Core Model (2D)" 

Active cycle   95 / 100  Source neutrons :   469

Running time :                  0:06:03
Estimated running time :        0:06:04
Estimated running time left :   0:00:01

Estimated relative CPU usage :    35.9%

k-eff (analog)    = 0.52992 +/- 0.00460  [0.52090  0.53894]
k-eff (implicit)  = 0.52934 +/- 0.00431  [0.52089  0.53780]

(O4) (N/P) (MPI=2) (OMP=1) 
------------------------------------------------------------
------------------------------------------------------------

Serpent 2.2.3 -- Static criticality source simulation

Title: "BWRX-300 Core Model (2D)" 

Active cycle   96 / 100  Source neutrons :   534

Running time :                  0:06:03
Estimated running time :        0:06:04
Estimated running time left :   0:00:00

Estimated relative CPU usage :    37.9%

k-eff (analog)    = 0.53036 +/- 0.00457  [0.52139  0.53933]
k-eff (implicit)  = 0.52907 +/- 0.00428  [0.52068  0.53745]

(O4) (N/P) (MPI=2) (OMP=1) 
------------------------------------------------------------
------------------------------------------------------------

Serpent 2.2.3 -- Static criticality source simulation

Title: "BWRX-300 Core Model (2D)" 

Active cycle   97 / 100  Source neutrons :   438

Running time :                  0:06:04
Estimated running time :        0:06:04
Estimated running time left :   0:00:00

Estimated relative CPU usage :    37.7%

k-eff (analog)    = 0.53006 +/- 0.00454  [0.52116  0.53895]
k-eff (implicit)  = 0.52966 +/- 0.00428  [0.52128  0.53804]

(O4) (N/P) (MPI=2) (OMP=1) 
------------------------------------------------------------
------------------------------------------------------------

Serpent 2.2.3 -- Static criticality source simulation

Title: "BWRX-300 Core Model (2D)" 

Active cycle   98 / 100  Source neutrons :   552

Running time :                  0:06:04
Estimated running time :        0:06:04
Estimated running time left :   0:00:00

Estimated relative CPU usage :    43.0%

k-eff (analog)    = 0.53029 +/- 0.00450  [0.52148  0.53910]
k-eff (implicit)  = 0.52905 +/- 0.00427  [0.52068  0.53743]

(O4) (N/P) (MPI=2) (OMP=1) 
------------------------------------------------------------
------------------------------------------------------------

Serpent 2.2.3 -- Static criticality source simulation

Title: "BWRX-300 Core Model (2D)" 

Active cycle   99 / 100  Source neutrons :   501

Running time :                  0:06:04
Estimated running time :        0:06:04
Estimated running time left :   0:00:00

Estimated relative CPU usage :    38.5%

k-eff (analog)    = 0.53053 +/- 0.00446  [0.52179  0.53927]
k-eff (implicit)  = 0.52861 +/- 0.00425  [0.52027  0.53695]

(O4) (N/P) (MPI=2) (OMP=1) 
------------------------------------------------------------
------------------------------------------------------------

Serpent 2.2.3 -- Static criticality source simulation

Title: "BWRX-300 Core Model (2D)" 

Active cycle  100 / 100  Source neutrons :   475

Running time :                  0:06:04
Estimated running time :        0:06:04
Estimated running time left :   0:00:00

Estimated relative CPU usage :    39.4%

k-eff (analog)    = 0.53049 +/- 0.00441  [0.52184  0.53914]
k-eff (implicit)  = 0.52823 +/- 0.00423  [0.51994  0.53652]

(O4) (N/P) (MPI=2) (OMP=1) 
------------------------------------------------------------

Transport cycle completed in 26.3 seconds.

Waiting for results from other MPI tasks...
OK.

Calculating activities...
OK.


Simulation completed.
------------------------------------------------------------
Mon Apr 20 19:19:40 2026  (errors: 0, warnings: 2, notes: 2)


real	6m11.553s
user	4m6.472s
sys	0m3.333s
